#
# A fatal error has been detected by the Java Runtime Environment:
#
#  EXCEPTION_ACCESS_VIOLATION (0xc0000005) at pc=0x00007ff9f0a60601, pid=14484, tid=13532
#
# JRE version: Java(TM) SE Runtime Environment (22.0.2+9) (build 22.0.2+9-70)
# Java VM: Java HotSpot(TM) 64-Bit Server VM (22.0.2+9-70, mixed mode, sharing, tiered, compressed oops, compressed class ptrs, g1 gc, windows-amd64)
# Problematic frame:
# V  [jvm.dll+0x3c0601]
#
# No core dump will be written. Minidumps are not enabled by default on client versions of Windows
#
# If you would like to submit a bug report, please visit:
#   https://bugreport.java.com/bugreport/crash.jsp
#

---------------  S U M M A R Y ------------

Command Line: -javaagent:D:\ASD - Vanier\IntelliJ IDEA 2024.3.5\lib\idea_rt.jar=52068 -Dfile.encoding=UTF-8 -Dsun.stdout.encoding=UTF-8 -Dsun.stderr.encoding=UTF-8 --module-path=C:\Users\ALAllaire\.m2\repository\org\openjfx\javafx-controls\23.0.1\javafx-controls-23.0.1-win.jar;C:\Users\ALAllaire\.m2\repository\org\openjfx\javafx-base\23.0.1\javafx-base-23.0.1-win.jar;C:\Users\ALAllaire\.m2\repository\org\openjfx\javafx-fxml\23.0.1\javafx-fxml-23.0.1-win.jar;C:\Users\ALAllaire\.m2\repository\org\openjfx\javafx-media\23.0.1\javafx-media-23.0.1-win.jar;D:\ASD - Vanier\Programming\escape_the_lab\target\classes;C:\Users\ALAllaire\.m2\repository\org\openjfx\javafx-graphics\23.0.1\javafx-graphics-23.0.1-win.jar -Djdk.module.main=com.example.escape_the_lab com.example.escape_the_lab/com.example.escape_the_lab.controller.GameController

Host: Intel(R) Core(TM) i5-10210U CPU @ 1.60GHz, 8 cores, 11G,  Windows 10 , 64 bit Build 19041 (10.0.19041.5438)
Time: Sat Apr  5 16:36:01 2025 Est (heure d, 64 bit Build 19041 (10.0.19041.5438) elapsed time: 4.783837 seconds (0d 0h 0m 4s)

---------------  T H R E A D  ---------------

Current thread (0x0000024f53a86190):  JavaThread "C2 CompilerThread1" daemon [_thread_in_native, id=13532, stack(0x0000005c01600000,0x0000005c01700000) (1024K)]


Current CompileTask:
C2:4783 2678       4       java.lang.invoke.MethodType::makeImpl (109 bytes)

Stack: [0x0000005c01600000,0x0000005c01700000],  sp=0x0000005c016fc810,  free space=1010k
Native frames: (J=compiled Java code, j=interpreted, Vv=VM code, C=native code)
V  [jvm.dll+0x3c0601]  (no source info available)
V  [jvm.dll+0x5ee406]  (no source info available)
V  [jvm.dll+0x1df6c4]  (no source info available)
V  [jvm.dll+0x24793c]  (no source info available)
V  [jvm.dll+0x246e9f]  (no source info available)
V  [jvm.dll+0x1c4e80]  (no source info available)
V  [jvm.dll+0x2568f3]  (no source info available)
V  [jvm.dll+0x254baa]  (no source info available)
V  [jvm.dll+0x3f57a6]  (no source info available)
V  [jvm.dll+0x81dc0b]  (no source info available)
V  [jvm.dll+0x6e0d85]  (no source info available)
C  [ucrtbase.dll+0x21bb2]  (no source info available)
C  [KERNEL32.DLL+0x17374]  (no source info available)
C  [ntdll.dll+0x4cc91]  (no source info available)


siginfo: EXCEPTION_ACCESS_VIOLATION (0xc0000005), writing address 0x00007ff1f12e4a10


Registers:
RAX=0x0000005c016fe2a0, RBX=0x00007ff1f12e4a10, RCX=0x0000024fa2cd0fe0, RDX=0x0000000000000003
RSP=0x0000005c016fc810, RBP=0x0000024f9a04c380, RSI=0x0000000000000030, RDI=0x0000024fa3111850
R8 =0x0000000000000000, R9 =0x0000024f99f6f7c0, R10=0x0000000000025f80, R11=0x00007ff9f12e4a10
R12=0x0000024f994ce8d0, R13=0x0000024f99f6f7c0, R14=0x0000000000000070, R15=0x0000000000000020
RIP=0x00007ff9f0a60601, EFLAGS=0x0000000000010202


Register to memory mapping:

RAX=0x0000005c016fe2a0 is pointing into the stack for thread: 0x0000024f53a86190
RBX=0x00007ff1f12e4a10 is an unknown value
RCX=0x0000024fa2cd0fe0 points into unknown readable memory: 0x0000024fa2cd1000 | 00 10 cd a2 4f 02 00 00
RDX=0x0000000000000003 is an unknown value
RSP=0x0000005c016fc810 is pointing into the stack for thread: 0x0000024f53a86190
RBP=0x0000024f9a04c380 points into unknown readable memory: 0x0000000000000000 | 00 00 00 00 00 00 00 00
RSI=0x0000000000000030 is an unknown value
RDI=0x0000024fa3111850 points into unknown readable memory: 0x0000001800000000 | 00 00 00 00 18 00 00 00
R8 =0x0 is null
R9 =0x0000024f99f6f7c0 points into unknown readable memory: 0x000000019910a507 | 07 a5 10 99 01 00 00 00
R10=0x0000000000025f80 is an unknown value
R11=0x00007ff9f12e4a10 jvm.dll
R12=0x0000024f994ce8d0 points into unknown readable memory: 0x0000024fa30f9740 | 40 97 0f a3 4f 02 00 00
R13=0x0000024f99f6f7c0 points into unknown readable memory: 0x000000019910a507 | 07 a5 10 99 01 00 00 00
R14=0x0000000000000070 is an unknown value
R15=0x0000000000000020 is an unknown value

Top of Stack: (sp=0x0000005c016fc810)
0x0000005c016fc810:   0000000000001b47 0000005c016fca90
0x0000005c016fc820:   00000000000006e0 00000000000000dc
0x0000005c016fc830:   0000000000000268 0000000000000268
0x0000005c016fc840:   0000005c016fca90 00007ff9f0c8e406
0x0000005c016fc850:   0000000000000006 0000005c016fc8e9
0x0000005c016fc860:   0000024fa3111850 0000005c016fc8e9
0x0000005c016fc870:   0000005c016fc8e0 00007ff9f0dd1dae
0x0000005c016fc880:   00000000000006e0 0000024f9a04c3f0
0x0000005c016fc890:   0000024f00000008 0000024f99f6f7c0
0x0000005c016fc8a0:   0000024fa31e6748 00007ff900000000
0x0000005c016fc8b0:   0000024fa30f9750 0000024f99f6f7c0
0x0000005c016fc8c0:   0000024f994ce8d0 000000000023fb50
0x0000005c016fc8d0:   0000024f994d08e0 0000024f994d68b8
0x0000005c016fc8e0:   0000024f00000040 0000024f99038ab0
0x0000005c016fc8f0:   0000000000000040 0000024f99f6f7c0
0x0000005c016fc900:   000000000015d090 0000024f99643c00
0x0000005c016fc910:   0000005c016fcea0 0000000000000001
0x0000005c016fc920:   0000024f99643c10 0000000000000000
0x0000005c016fc930:   0000024f99643fe8 0000005c016fcdc0
0x0000005c016fc940:   0000005c016fca50 00007ff9f087f6c4
0x0000005c016fc950:   0000005c00000000 0000005c00000001
0x0000005c016fc960:   0000024fa31e6930 0000024f9a04c3a0
0x0000005c016fc970:   00007ff9f107a100 0000000000000000
0x0000005c016fc980:   000000010000bc07 0000024f99643c00
0x0000005c016fc990:   0000024f991267c0 0000024f99129470
0x0000005c016fc9a0:   0000024f9912e7a8 000000000066a410
0x0000005c016fc9b0:   0000024f99643c10 000000000000000e
0x0000005c016fc9c0:   0000005c016f0000 0000000000000000
0x0000005c016fc9d0:   0000000000000000 000000000000ae00
0x0000005c016fc9e0:   0000024fa2b31770 00007ff9f1069e98
0x0000005c016fc9f0:   0000000000000000 0000005c016fe2a0
0x0000005c016fca00:   0000000000000000 00007ff9f1069e98 

Instructions: (pc=0x00007ff9f0a60601)
0x00007ff9f0a60501:   18 48 8b 88 70 06 00 00 48 8b 99 80 00 00 00 48
0x00007ff9f0a60511:   8b 83 e0 08 00 00 48 85 c0 75 0c e8 2f 07 00 00
0x00007ff9f0a60521:   48 8b 83 e0 08 00 00 48 8b 08 0f 57 c0 48 89 8b
0x00007ff9f0a60531:   e0 08 00 00 0f 11 00 0f 11 40 10 48 83 c4 20 5b
0x00007ff9f0a60541:   c3 cc cc cc cc cc cc cc cc cc cc cc cc cc cc 48
0x00007ff9f0a60551:   89 5c 24 08 57 48 83 ec 20 8b da 48 8b f9 e8 6c
0x00007ff9f0a60561:   ff ff ff c1 eb 08 3b 5f 04 72 08 44 8d 43 01 44
0x00007ff9f0a60571:   89 47 04 48 8b 4f 08 48 89 04 d9 48 8b 5c 24 30
0x00007ff9f0a60581:   48 83 c4 20 5f c3 cc cc cc cc cc cc cc cc cc 48
0x00007ff9f0a60591:   89 5c 24 08 48 89 6c 24 10 48 89 74 24 18 57 41
0x00007ff9f0a605a1:   56 41 57 48 83 ec 20 8b c2 48 8b f9 8b 15 c1 c4
0x00007ff9f0a605b1:   8d 00 41 be 70 00 00 00 48 8d 34 c5 00 00 00 00
0x00007ff9f0a605c1:   48 8b 41 08 48 8b 1c 06 65 48 8b 04 25 58 00 00
0x00007ff9f0a605d1:   00 48 8b 2c d0 41 80 3c 2e 00 75 05 e8 46 54 55
0x00007ff9f0a605e1:   00 41 bf 20 00 00 00 49 8b 04 2f 48 8b 88 70 06
0x00007ff9f0a605f1:   00 00 48 8b 81 80 00 00 00 48 8b 88 e0 08 00 00
0x00007ff9f0a60601:   48 89 0b 41 80 3c 2e 00 75 05 e8 18 54 55 00 49
0x00007ff9f0a60611:   8b 04 2f 48 8b 6c 24 48 48 8b 88 70 06 00 00 48
0x00007ff9f0a60621:   8b 81 80 00 00 00 48 8d 0d e2 43 88 00 48 89 98
0x00007ff9f0a60631:   e0 08 00 00 48 8b 47 08 48 8b 5c 24 40 48 89 0c
0x00007ff9f0a60641:   06 48 8b 74 24 50 48 83 c4 20 41 5f 41 5e 5f c3
0x00007ff9f0a60651:   cc cc cc cc cc cc cc cc cc cc cc cc cc cc cc 48
0x00007ff9f0a60661:   89 5c 24 10 57 48 83 ec 20 81 c2 ff 00 00 00 33
0x00007ff9f0a60671:   db c1 ea 08 48 8b f9 48 89 19 89 91 90 00 00 00
0x00007ff9f0a60681:   83 fa 10 77 06 48 83 c1 10 eb 7c 65 48 8b 04 25
0x00007ff9f0a60691:   58 00 00 00 8b 0d d9 c3 8d 00 48 89 74 24 30 48
0x00007ff9f0a606a1:   8b 34 c8 b8 70 00 00 00 38 1c 30 75 05 e8 75 53
0x00007ff9f0a606b1:   55 00 8b 97 90 00 00 00 b8 20 00 00 00 48 c1 e2
0x00007ff9f0a606c1:   03 48 8b 04 30 48 8b 74 24 30 48 8b 88 70 06 00
0x00007ff9f0a606d1:   00 48 8b 81 80 00 00 00 4c 8b 88 d8 08 00 00 49
0x00007ff9f0a606e1:   8b 49 18 49 8b 41 20 48 2b c1 48 3b c2 72 0a 48
0x00007ff9f0a606f1:   8d 04 11 49 89 41 18 eb 0e 45 33 c0 49 8b c9 e8 


Stack slot to memory mapping:

stack at sp + 0 slots: 0x0000000000001b47 is an unknown value
stack at sp + 1 slots: 0x0000005c016fca90 is pointing into the stack for thread: 0x0000024f53a86190
stack at sp + 2 slots: 0x00000000000006e0 is an unknown value
stack at sp + 3 slots: 0x00000000000000dc is an unknown value
stack at sp + 4 slots: 0x0000000000000268 is an unknown value
stack at sp + 5 slots: 0x0000000000000268 is an unknown value
stack at sp + 6 slots: 0x0000005c016fca90 is pointing into the stack for thread: 0x0000024f53a86190
stack at sp + 7 slots: 0x00007ff9f0c8e406 jvm.dll


---------------  P R O C E S S  ---------------

Threads class SMR info:
_java_thread_list=0x0000024f99c74f10, length=24, elements={
0x0000024f336a40d0, 0x0000024f53589b90, 0x0000024f5358c800, 0x0000024f5358f550,
0x0000024f535927d0, 0x0000024f53595df0, 0x0000024f53596ff0, 0x0000024f535a0050,
0x0000024f535a5130, 0x0000024f53558530, 0x0000024f9949d940, 0x0000024f991b9520,
0x0000024f991b7ae0, 0x0000024f991b6730, 0x0000024f991b8170, 0x0000024f991b8e90,
0x0000024f991b8800, 0x0000024f991b9bb0, 0x0000024f991b7450, 0x0000024f9990bf70,
0x0000024f99909180, 0x0000024f53a86190, 0x0000024f9990a530, 0x0000024f99907dd0
}

Java Threads: ( => current thread )
  0x0000024f336a40d0 JavaThread "main"                              [_thread_blocked, id=2108, stack(0x0000005c7eb00000,0x0000005c7ec00000) (1024K)]
  0x0000024f53589b90 JavaThread "Reference Handler"          daemon [_thread_blocked, id=14548, stack(0x0000005c7f300000,0x0000005c7f400000) (1024K)]
  0x0000024f5358c800 JavaThread "Finalizer"                  daemon [_thread_blocked, id=1472, stack(0x0000005c7f400000,0x0000005c7f500000) (1024K)]
  0x0000024f5358f550 JavaThread "Signal Dispatcher"          daemon [_thread_blocked, id=15468, stack(0x0000005c7f500000,0x0000005c7f600000) (1024K)]
  0x0000024f535927d0 JavaThread "Attach Listener"            daemon [_thread_blocked, id=12716, stack(0x0000005c7f600000,0x0000005c7f700000) (1024K)]
  0x0000024f53595df0 JavaThread "Service Thread"             daemon [_thread_blocked, id=996, stack(0x0000005c7f700000,0x0000005c7f800000) (1024K)]
  0x0000024f53596ff0 JavaThread "Monitor Deflation Thread"   daemon [_thread_blocked, id=6404, stack(0x0000005c7f800000,0x0000005c7f900000) (1024K)]
  0x0000024f535a0050 JavaThread "C2 CompilerThread0"         daemon [_thread_blocked, id=9564, stack(0x0000005c7f900000,0x0000005c7fa00000) (1024K)]
  0x0000024f535a5130 JavaThread "C1 CompilerThread0"         daemon [_thread_blocked, id=720, stack(0x0000005c7fa00000,0x0000005c7fb00000) (1024K)]
  0x0000024f53558530 JavaThread "Common-Cleaner"             daemon [_thread_blocked, id=11992, stack(0x0000005c7fb00000,0x0000005c7fc00000) (1024K)]
  0x0000024f9949d940 JavaThread "Monitor Ctrl-Break"         daemon [_thread_in_native, id=16164, stack(0x0000005c7fe00000,0x0000005c7ff00000) (1024K)]
  0x0000024f991b9520 JavaThread "Notification Thread"        daemon [_thread_blocked, id=10176, stack(0x0000005c7ff00000,0x0000005c80000000) (1024K)]
  0x0000024f991b7ae0 JavaThread "QuantumRenderer-0"          daemon [_thread_blocked, id=15008, stack(0x0000005c00000000,0x0000005c00100000) (1024K)]
  0x0000024f991b6730 JavaThread "RMI TCP Accept-0"           daemon [_thread_in_native, id=3276, stack(0x0000005c00800000,0x0000005c00900000) (1024K)]
  0x0000024f991b8170 JavaThread "RMI TCP Connection(1)-10.0.0.49" daemon [_thread_in_native, id=13968, stack(0x0000005c00900000,0x0000005c00a00000) (1024K)]
  0x0000024f991b8e90 JavaThread "InvokeLaterDispatcher"      daemon [_thread_blocked, id=15768, stack(0x0000005c00a00000,0x0000005c00b00000) (1024K)]
  0x0000024f991b8800 JavaThread "JavaFX Application Thread"         [_thread_in_native, id=12228, stack(0x0000005c00b00000,0x0000005c00c00000) (1024K)]
  0x0000024f991b9bb0 JavaThread "RMI Scheduler(0)"           daemon [_thread_blocked, id=7508, stack(0x0000005c00c00000,0x0000005c00d00000) (1024K)]
  0x0000024f991b7450 JavaThread "JMX server connection timeout 37" daemon [_thread_blocked, id=8396, stack(0x0000005c00d00000,0x0000005c00e00000) (1024K)]
  0x0000024f9990bf70 JavaThread "JavaFX-Launcher"                   [_thread_blocked, id=4480, stack(0x0000005c01200000,0x0000005c01300000) (1024K)]
  0x0000024f99909180 JavaThread "Thread-2"                   daemon [_thread_in_native, id=5252, stack(0x0000005c01100000,0x0000005c01200000) (1024K)]
=>0x0000024f53a86190 JavaThread "C2 CompilerThread1"         daemon [_thread_in_native, id=13532, stack(0x0000005c01600000,0x0000005c01700000) (1024K)]
  0x0000024f9990a530 JavaThread "Prism Font Disposer"        daemon [_thread_blocked, id=1344, stack(0x0000005c01800000,0x0000005c01900000) (1024K)]
  0x0000024f99907dd0 JavaThread "Cleaner-0"                  daemon [_thread_blocked, id=11240, stack(0x0000005c01a00000,0x0000005c01b00000) (1024K)]
Total: 24

Other Threads:
  0x0000024f5356dc20 VMThread "VM Thread"                           [id=10384, stack(0x0000005c7f200000,0x0000005c7f300000) (1024K)]
  0x0000024f535571d0 WatcherThread "VM Periodic Task Thread"        [id=11076, stack(0x0000005c7f100000,0x0000005c7f200000) (1024K)]
  0x0000024f359f5f90 WorkerThread "GC Thread#0"                     [id=5264, stack(0x0000005c7ec00000,0x0000005c7ed00000) (1024K)]
  0x0000024f99653b20 WorkerThread "GC Thread#1"                     [id=4964, stack(0x0000005c00100000,0x0000005c00200000) (1024K)]
  0x0000024f99c681d0 WorkerThread "GC Thread#2"                     [id=8652, stack(0x0000005c00200000,0x0000005c00300000) (1024K)]
  0x0000024f99c676c0 WorkerThread "GC Thread#3"                     [id=9332, stack(0x0000005c00300000,0x0000005c00400000) (1024K)]
  0x0000024f99c67e20 WorkerThread "GC Thread#4"                     [id=11748, stack(0x0000005c00400000,0x0000005c00500000) (1024K)]
  0x0000024f99c68580 WorkerThread "GC Thread#5"                     [id=13636, stack(0x0000005c00500000,0x0000005c00600000) (1024K)]
  0x0000024f99c68930 WorkerThread "GC Thread#6"                     [id=288, stack(0x0000005c00600000,0x0000005c00700000) (1024K)]
  0x0000024f99c66f60 WorkerThread "GC Thread#7"                     [id=9880, stack(0x0000005c00700000,0x0000005c00800000) (1024K)]
  0x0000024f35a03e10 ConcurrentGCThread "G1 Main Marker"            [id=6948, stack(0x0000005c7ed00000,0x0000005c7ee00000) (1024K)]
  0x0000024f35a05fe0 WorkerThread "G1 Conc#0"                       [id=2640, stack(0x0000005c7ee00000,0x0000005c7ef00000) (1024K)]
  0x0000024f9963b6f0 WorkerThread "G1 Conc#1"                       [id=12400, stack(0x0000005c01700000,0x0000005c01800000) (1024K)]
  0x0000024f534290e0 ConcurrentGCThread "G1 Refine#0"               [id=15228, stack(0x0000005c7ef00000,0x0000005c7f000000) (1024K)]
  0x0000024f53429b70 ConcurrentGCThread "G1 Service"                [id=8852, stack(0x0000005c7f000000,0x0000005c7f100000) (1024K)]
Total: 15

Threads with active compile tasks:
C2 CompilerThread1  4889 2678       4       java.lang.invoke.MethodType::makeImpl (109 bytes)
Total: 1

VM state: not at safepoint (normal execution)

VM Mutex/Monitor currently owned by a thread: None

Heap address: 0x0000000742400000, size: 3036 MB, Compressed Oops mode: Zero based, Oop shift amount: 3

CDS archive(s) mapped at: [0x0000024f54000000-0x0000024f54c60000-0x0000024f54c60000), size 12976128, SharedBaseAddress: 0x0000024f54000000, ArchiveRelocationMode: 1.
Compressed class space mapped at: 0x0000024f55000000-0x0000024f95000000, reserved size: 1073741824
Narrow klass base: 0x0000024f54000000, Narrow klass shift: 0, Narrow klass range: 0x41000000

GC Precious Log:
 CardTable entry size: 512
 Card Set container configuration: InlinePtr #cards 4 size 8 Array Of Cards #cards 16 size 48 Howl #buckets 8 coarsen threshold 3686 Howl Bitmap #cards 512 size 80 coarsen threshold 460 Card regions per heap region 1 cards per card region 4096
 CPUs: 8 total, 8 available
 Memory: 12139M
 Large Page Support: Disabled
 NUMA Support: Disabled
 Compressed Oops: Enabled (Zero based)
 Heap Region Size: 2M
 Heap Min Capacity: 8M
 Heap Initial Capacity: 190M
 Heap Max Capacity: 3036M
 Pre-touch: Disabled
 Parallel Workers: 8
 Concurrent Workers: 2
 Concurrent Refinement Workers: 8
 Periodic GC: Disabled

Heap:
 garbage-first heap   total reserved 3108864K, committed 317440K, used 148280K [0x0000000742400000, 0x0000000800000000)
  region size 2048K, 11 young (22528K), 2 survivors (4096K)
 Metaspace       used 16680K, committed 17024K, reserved 1114112K
  class space    used 2280K, committed 2432K, reserved 1048576K

Heap Regions: E=young(eden), S=young(survivor), O=old, HS=humongous(starts), HC=humongous(continues), CS=collection set, F=free, TAMS=top-at-mark-start, PB=parsable bottom
|   0|0x0000000742400000, 0x0000000742600000, 0x0000000742600000|100%|HS|  |TAMS 0x0000000742400000| PB 0x0000000742400000| Complete |  0
|   1|0x0000000742600000, 0x0000000742800000, 0x0000000742800000|100%|HC|  |TAMS 0x0000000742600000| PB 0x0000000742600000| Complete |  0
|   2|0x0000000742800000, 0x0000000742a00000, 0x0000000742a00000|100%|HS|  |TAMS 0x0000000742800000| PB 0x0000000742800000| Complete |  0
|   3|0x0000000742a00000, 0x0000000742c00000, 0x0000000742c00000|100%|HC|  |TAMS 0x0000000742a00000| PB 0x0000000742a00000| Complete |  0
|   4|0x0000000742c00000, 0x0000000742e00000, 0x0000000742e00000|100%|HS|  |TAMS 0x0000000742c00000| PB 0x0000000742c00000| Complete |  0
|   5|0x0000000742e00000, 0x0000000743000000, 0x0000000743000000|100%|HC|  |TAMS 0x0000000742e00000| PB 0x0000000742e00000| Complete |  0
|   6|0x0000000743000000, 0x0000000743200000, 0x0000000743200000|100%|HS|  |TAMS 0x0000000743000000| PB 0x0000000743000000| Complete |  0
|   7|0x0000000743200000, 0x0000000743400000, 0x0000000743400000|100%|HC|  |TAMS 0x0000000743200000| PB 0x0000000743200000| Complete |  0
|   8|0x0000000743400000, 0x0000000743600000, 0x0000000743600000|100%|HS|  |TAMS 0x0000000743400000| PB 0x0000000743400000| Complete |  0
|   9|0x0000000743600000, 0x0000000743800000, 0x0000000743800000|100%|HC|  |TAMS 0x0000000743600000| PB 0x0000000743600000| Complete |  0
|  10|0x0000000743800000, 0x0000000743a00000, 0x0000000743a00000|100%|HS|  |TAMS 0x0000000743800000| PB 0x0000000743800000| Complete |  0
|  11|0x0000000743a00000, 0x0000000743c00000, 0x0000000743c00000|100%|HC|  |TAMS 0x0000000743a00000| PB 0x0000000743a00000| Complete |  0
|  12|0x0000000743c00000, 0x0000000743e00000, 0x0000000743e00000|100%| O|  |TAMS 0x0000000743c00000| PB 0x0000000743c00000| Untracked |  0
|  13|0x0000000743e00000, 0x0000000743f300f8, 0x0000000744000000| 59%| O|  |TAMS 0x0000000743e00000| PB 0x0000000743e00000| Untracked |  0
|  14|0x0000000744000000, 0x0000000744200000, 0x0000000744200000|100%|HS|  |TAMS 0x0000000744000000| PB 0x0000000744000000| Complete |  0
|  15|0x0000000744200000, 0x0000000744400000, 0x0000000744400000|100%|HC|  |TAMS 0x0000000744200000| PB 0x0000000744200000| Complete |  0
|  16|0x0000000744400000, 0x0000000744600000, 0x0000000744600000|100%|HS|  |TAMS 0x0000000744400000| PB 0x0000000744400000| Complete |  0
|  17|0x0000000744600000, 0x0000000744800000, 0x0000000744800000|100%|HC|  |TAMS 0x0000000744600000| PB 0x0000000744600000| Complete |  0
|  18|0x0000000744800000, 0x0000000744a00000, 0x0000000744a00000|100%|HS|  |TAMS 0x0000000744800000| PB 0x0000000744800000| Complete |  0
|  19|0x0000000744a00000, 0x0000000744c00000, 0x0000000744c00000|100%|HC|  |TAMS 0x0000000744a00000| PB 0x0000000744a00000| Complete |  0
|  20|0x0000000744c00000, 0x0000000744e00000, 0x0000000744e00000|100%|HS|  |TAMS 0x0000000744c00000| PB 0x0000000744c00000| Complete |  0
|  21|0x0000000744e00000, 0x0000000745000000, 0x0000000745000000|100%|HC|  |TAMS 0x0000000744e00000| PB 0x0000000744e00000| Complete |  0
|  22|0x0000000745000000, 0x0000000745200000, 0x0000000745200000|100%|HS|  |TAMS 0x0000000745000000| PB 0x0000000745000000| Complete |  0
|  23|0x0000000745200000, 0x0000000745400000, 0x0000000745400000|100%|HC|  |TAMS 0x0000000745200000| PB 0x0000000745200000| Complete |  0
|  24|0x0000000745400000, 0x0000000745600000, 0x0000000745600000|100%|HS|  |TAMS 0x0000000745400000| PB 0x0000000745400000| Complete |  0
|  25|0x0000000745600000, 0x0000000745800000, 0x0000000745800000|100%|HC|  |TAMS 0x0000000745600000| PB 0x0000000745600000| Complete |  0
|  26|0x0000000745800000, 0x0000000745a00000, 0x0000000745a00000|100%|HS|  |TAMS 0x0000000745800000| PB 0x0000000745800000| Complete |  0
|  27|0x0000000745a00000, 0x0000000745c00000, 0x0000000745c00000|100%|HC|  |TAMS 0x0000000745a00000| PB 0x0000000745a00000| Complete |  0
|  28|0x0000000745c00000, 0x0000000745e00000, 0x0000000745e00000|100%|HS|  |TAMS 0x0000000745c00000| PB 0x0000000745c00000| Complete |  0
|  29|0x0000000745e00000, 0x0000000746000000, 0x0000000746000000|100%|HC|  |TAMS 0x0000000745e00000| PB 0x0000000745e00000| Complete |  0
|  30|0x0000000746000000, 0x0000000746200000, 0x0000000746200000|100%|HS|  |TAMS 0x0000000746000000| PB 0x0000000746000000| Complete |  0
|  31|0x0000000746200000, 0x0000000746400000, 0x0000000746400000|100%|HC|  |TAMS 0x0000000746200000| PB 0x0000000746200000| Complete |  0
|  32|0x0000000746400000, 0x0000000746600000, 0x0000000746600000|100%|HS|  |TAMS 0x0000000746400000| PB 0x0000000746400000| Complete |  0
|  33|0x0000000746600000, 0x0000000746800000, 0x0000000746800000|100%|HC|  |TAMS 0x0000000746600000| PB 0x0000000746600000| Complete |  0
|  34|0x0000000746800000, 0x0000000746a00000, 0x0000000746a00000|100%|HS|  |TAMS 0x0000000746800000| PB 0x0000000746800000| Complete |  0
|  35|0x0000000746a00000, 0x0000000746c00000, 0x0000000746c00000|100%|HC|  |TAMS 0x0000000746a00000| PB 0x0000000746a00000| Complete |  0
|  36|0x0000000746c00000, 0x0000000746e00000, 0x0000000746e00000|100%|HS|  |TAMS 0x0000000746c00000| PB 0x0000000746c00000| Complete |  0
|  37|0x0000000746e00000, 0x0000000747000000, 0x0000000747000000|100%|HC|  |TAMS 0x0000000746e00000| PB 0x0000000746e00000| Complete |  0
|  38|0x0000000747000000, 0x0000000747200000, 0x0000000747200000|100%|HS|  |TAMS 0x0000000747000000| PB 0x0000000747000000| Complete |  0
|  39|0x0000000747200000, 0x0000000747400000, 0x0000000747400000|100%|HC|  |TAMS 0x0000000747200000| PB 0x0000000747200000| Complete |  0
|  40|0x0000000747400000, 0x0000000747600000, 0x0000000747600000|100%|HS|  |TAMS 0x0000000747400000| PB 0x0000000747400000| Complete |  0
|  41|0x0000000747600000, 0x0000000747800000, 0x0000000747800000|100%|HC|  |TAMS 0x0000000747600000| PB 0x0000000747600000| Complete |  0
|  42|0x0000000747800000, 0x0000000747a00000, 0x0000000747a00000|100%|HS|  |TAMS 0x0000000747800000| PB 0x0000000747800000| Complete |  0
|  43|0x0000000747a00000, 0x0000000747c00000, 0x0000000747c00000|100%|HC|  |TAMS 0x0000000747a00000| PB 0x0000000747a00000| Complete |  0
|  44|0x0000000747c00000, 0x0000000747e00000, 0x0000000747e00000|100%|HS|  |TAMS 0x0000000747c00000| PB 0x0000000747c00000| Complete |  0
|  45|0x0000000747e00000, 0x0000000748000000, 0x0000000748000000|100%|HC|  |TAMS 0x0000000747e00000| PB 0x0000000747e00000| Complete |  0
|  46|0x0000000748000000, 0x0000000748200000, 0x0000000748200000|100%|HS|  |TAMS 0x0000000748000000| PB 0x0000000748000000| Complete |  0
|  47|0x0000000748200000, 0x0000000748400000, 0x0000000748400000|100%|HC|  |TAMS 0x0000000748200000| PB 0x0000000748200000| Complete |  0
|  48|0x0000000748400000, 0x0000000748600000, 0x0000000748600000|100%|HS|  |TAMS 0x0000000748400000| PB 0x0000000748400000| Complete |  0
|  49|0x0000000748600000, 0x0000000748800000, 0x0000000748800000|100%|HC|  |TAMS 0x0000000748600000| PB 0x0000000748600000| Complete |  0
|  50|0x0000000748800000, 0x0000000748a00000, 0x0000000748a00000|100%|HS|  |TAMS 0x0000000748800000| PB 0x0000000748800000| Complete |  0
|  51|0x0000000748a00000, 0x0000000748c00000, 0x0000000748c00000|100%|HC|  |TAMS 0x0000000748a00000| PB 0x0000000748a00000| Complete |  0
|  52|0x0000000748c00000, 0x0000000748e00000, 0x0000000748e00000|100%|HS|  |TAMS 0x0000000748c00000| PB 0x0000000748c00000| Complete |  0
|  53|0x0000000748e00000, 0x0000000749000000, 0x0000000749000000|100%|HC|  |TAMS 0x0000000748e00000| PB 0x0000000748e00000| Complete |  0
|  54|0x0000000749000000, 0x0000000749200000, 0x0000000749200000|100%|HS|  |TAMS 0x0000000749000000| PB 0x0000000749000000| Complete |  0
|  55|0x0000000749200000, 0x0000000749400000, 0x0000000749400000|100%|HC|  |TAMS 0x0000000749200000| PB 0x0000000749200000| Complete |  0
|  56|0x0000000749400000, 0x0000000749600000, 0x0000000749600000|100%|HS|  |TAMS 0x0000000749400000| PB 0x0000000749400000| Complete |  0
|  57|0x0000000749600000, 0x0000000749800000, 0x0000000749800000|100%|HC|  |TAMS 0x0000000749600000| PB 0x0000000749600000| Complete |  0
|  58|0x0000000749800000, 0x0000000749a00000, 0x0000000749a00000|100%|HS|  |TAMS 0x0000000749800000| PB 0x0000000749800000| Complete |  0
|  59|0x0000000749a00000, 0x0000000749c00000, 0x0000000749c00000|100%|HC|  |TAMS 0x0000000749a00000| PB 0x0000000749a00000| Complete |  0
|  60|0x0000000749c00000, 0x0000000749e00000, 0x0000000749e00000|100%|HS|  |TAMS 0x0000000749c00000| PB 0x0000000749c00000| Complete |  0
|  61|0x0000000749e00000, 0x000000074a000000, 0x000000074a000000|100%|HC|  |TAMS 0x0000000749e00000| PB 0x0000000749e00000| Complete |  0
|  62|0x000000074a000000, 0x000000074a200000, 0x000000074a200000|100%|HS|  |TAMS 0x000000074a000000| PB 0x000000074a000000| Complete |  0
|  63|0x000000074a200000, 0x000000074a200000, 0x000000074a400000|  0%| F|  |TAMS 0x000000074a200000| PB 0x000000074a200000| Untracked |  0
|  64|0x000000074a400000, 0x000000074a400000, 0x000000074a600000|  0%| F|  |TAMS 0x000000074a400000| PB 0x000000074a400000| Untracked |  0
|  65|0x000000074a600000, 0x000000074a600000, 0x000000074a800000|  0%| F|  |TAMS 0x000000074a600000| PB 0x000000074a600000| Untracked |  0
|  66|0x000000074a800000, 0x000000074a800000, 0x000000074aa00000|  0%| F|  |TAMS 0x000000074a800000| PB 0x000000074a800000| Untracked |  0
|  67|0x000000074aa00000, 0x000000074aa00000, 0x000000074ac00000|  0%| F|  |TAMS 0x000000074aa00000| PB 0x000000074aa00000| Untracked |  0
|  68|0x000000074ac00000, 0x000000074ac00000, 0x000000074ae00000|  0%| F|  |TAMS 0x000000074ac00000| PB 0x000000074ac00000| Untracked |  0
|  69|0x000000074ae00000, 0x000000074ae00000, 0x000000074b000000|  0%| F|  |TAMS 0x000000074ae00000| PB 0x000000074ae00000| Untracked |  0
|  70|0x000000074b000000, 0x000000074b000000, 0x000000074b200000|  0%| F|  |TAMS 0x000000074b000000| PB 0x000000074b000000| Untracked |  0
|  71|0x000000074b200000, 0x000000074b200000, 0x000000074b400000|  0%| F|  |TAMS 0x000000074b200000| PB 0x000000074b200000| Untracked |  0
|  72|0x000000074b400000, 0x000000074b400000, 0x000000074b600000|  0%| F|  |TAMS 0x000000074b400000| PB 0x000000074b400000| Untracked |  0
|  73|0x000000074b600000, 0x000000074b600000, 0x000000074b800000|  0%| F|  |TAMS 0x000000074b600000| PB 0x000000074b600000| Untracked |  0
|  74|0x000000074b800000, 0x000000074b800000, 0x000000074ba00000|  0%| F|  |TAMS 0x000000074b800000| PB 0x000000074b800000| Untracked |  0
|  75|0x000000074ba00000, 0x000000074ba00000, 0x000000074bc00000|  0%| F|  |TAMS 0x000000074ba00000| PB 0x000000074ba00000| Untracked |  0
|  76|0x000000074bc00000, 0x000000074bc00000, 0x000000074be00000|  0%| F|  |TAMS 0x000000074bc00000| PB 0x000000074bc00000| Untracked |  0
|  77|0x000000074be00000, 0x000000074be00000, 0x000000074c000000|  0%| F|  |TAMS 0x000000074be00000| PB 0x000000074be00000| Untracked |  0
|  78|0x000000074c000000, 0x000000074c000000, 0x000000074c200000|  0%| F|  |TAMS 0x000000074c000000| PB 0x000000074c000000| Untracked |  0
|  79|0x000000074c200000, 0x000000074c200000, 0x000000074c400000|  0%| F|  |TAMS 0x000000074c200000| PB 0x000000074c200000| Untracked |  0
|  80|0x000000074c400000, 0x000000074c400000, 0x000000074c600000|  0%| F|  |TAMS 0x000000074c400000| PB 0x000000074c400000| Untracked |  0
|  81|0x000000074c600000, 0x000000074c600000, 0x000000074c800000|  0%| F|  |TAMS 0x000000074c600000| PB 0x000000074c600000| Untracked |  0
|  82|0x000000074c800000, 0x000000074c800000, 0x000000074ca00000|  0%| F|  |TAMS 0x000000074c800000| PB 0x000000074c800000| Untracked |  0
|  83|0x000000074ca00000, 0x000000074ca00000, 0x000000074cc00000|  0%| F|  |TAMS 0x000000074ca00000| PB 0x000000074ca00000| Untracked |  0
|  84|0x000000074cc00000, 0x000000074cc00000, 0x000000074ce00000|  0%| F|  |TAMS 0x000000074cc00000| PB 0x000000074cc00000| Untracked |  0
|  85|0x000000074ce00000, 0x000000074ce00000, 0x000000074d000000|  0%| F|  |TAMS 0x000000074ce00000| PB 0x000000074ce00000| Untracked |  0
|  86|0x000000074d000000, 0x000000074d000000, 0x000000074d200000|  0%| F|  |TAMS 0x000000074d000000| PB 0x000000074d000000| Untracked |  0
|  87|0x000000074d200000, 0x000000074d200000, 0x000000074d400000|  0%| F|  |TAMS 0x000000074d200000| PB 0x000000074d200000| Untracked |  0
|  88|0x000000074d400000, 0x000000074d400000, 0x000000074d600000|  0%| F|  |TAMS 0x000000074d400000| PB 0x000000074d400000| Untracked |  0
|  89|0x000000074d600000, 0x000000074d600000, 0x000000074d800000|  0%| F|  |TAMS 0x000000074d600000| PB 0x000000074d600000| Untracked |  0
|  90|0x000000074d800000, 0x000000074d99e1c0, 0x000000074da00000| 80%| S|CS|TAMS 0x000000074d800000| PB 0x000000074d800000| Complete |  0
|  91|0x000000074da00000, 0x000000074da00000, 0x000000074dc00000|  0%| F|  |TAMS 0x000000074da00000| PB 0x000000074da00000| Untracked |  0
|  92|0x000000074dc00000, 0x000000074dc00000, 0x000000074de00000|  0%| F|  |TAMS 0x000000074dc00000| PB 0x000000074dc00000| Untracked |  0
|  93|0x000000074de00000, 0x000000074e000000, 0x000000074e000000|100%| S|CS|TAMS 0x000000074de00000| PB 0x000000074de00000| Complete |  0
|  94|0x000000074e000000, 0x000000074e000000, 0x000000074e200000|  0%| F|  |TAMS 0x000000074e000000| PB 0x000000074e000000| Untracked |  0
|  95|0x000000074e200000, 0x000000074e200000, 0x000000074e400000|  0%| F|  |TAMS 0x000000074e200000| PB 0x000000074e200000| Untracked |  0
|  96|0x000000074e400000, 0x000000074e400000, 0x000000074e600000|  0%| F|  |TAMS 0x000000074e400000| PB 0x000000074e400000| Untracked |  0
|  97|0x000000074e600000, 0x000000074e600000, 0x000000074e800000|  0%| F|  |TAMS 0x000000074e600000| PB 0x000000074e600000| Untracked |  0
|  98|0x000000074e800000, 0x000000074e800000, 0x000000074ea00000|  0%| F|  |TAMS 0x000000074e800000| PB 0x000000074e800000| Untracked |  0
|  99|0x000000074ea00000, 0x000000074ea00000, 0x000000074ec00000|  0%| F|  |TAMS 0x000000074ea00000| PB 0x000000074ea00000| Untracked |  0
| 100|0x000000074ec00000, 0x000000074ec00000, 0x000000074ee00000|  0%| F|  |TAMS 0x000000074ec00000| PB 0x000000074ec00000| Untracked |  0
| 101|0x000000074ee00000, 0x000000074ee00000, 0x000000074f000000|  0%| F|  |TAMS 0x000000074ee00000| PB 0x000000074ee00000| Untracked |  0
| 102|0x000000074f000000, 0x000000074f000000, 0x000000074f200000|  0%| F|  |TAMS 0x000000074f000000| PB 0x000000074f000000| Untracked |  0
| 103|0x000000074f200000, 0x000000074f200000, 0x000000074f400000|  0%| F|  |TAMS 0x000000074f200000| PB 0x000000074f200000| Untracked |  0
| 104|0x000000074f400000, 0x000000074f400000, 0x000000074f600000|  0%| F|  |TAMS 0x000000074f400000| PB 0x000000074f400000| Untracked |  0
| 105|0x000000074f600000, 0x000000074f600000, 0x000000074f800000|  0%| F|  |TAMS 0x000000074f600000| PB 0x000000074f600000| Untracked |  0
| 106|0x000000074f800000, 0x000000074f800000, 0x000000074fa00000|  0%| F|  |TAMS 0x000000074f800000| PB 0x000000074f800000| Untracked |  0
| 107|0x000000074fa00000, 0x000000074fa00000, 0x000000074fc00000|  0%| F|  |TAMS 0x000000074fa00000| PB 0x000000074fa00000| Untracked |  0
| 108|0x000000074fc00000, 0x000000074fc00000, 0x000000074fe00000|  0%| F|  |TAMS 0x000000074fc00000| PB 0x000000074fc00000| Untracked |  0
| 109|0x000000074fe00000, 0x000000074fe00000, 0x0000000750000000|  0%| F|  |TAMS 0x000000074fe00000| PB 0x000000074fe00000| Untracked |  0
| 110|0x0000000750000000, 0x0000000750000000, 0x0000000750200000|  0%| F|  |TAMS 0x0000000750000000| PB 0x0000000750000000| Untracked |  0
| 111|0x0000000750200000, 0x0000000750200000, 0x0000000750400000|  0%| F|  |TAMS 0x0000000750200000| PB 0x0000000750200000| Untracked |  0
| 112|0x0000000750400000, 0x0000000750400000, 0x0000000750600000|  0%| F|  |TAMS 0x0000000750400000| PB 0x0000000750400000| Untracked |  0
| 113|0x0000000750600000, 0x0000000750600000, 0x0000000750800000|  0%| F|  |TAMS 0x0000000750600000| PB 0x0000000750600000| Untracked |  0
| 114|0x0000000750800000, 0x0000000750800000, 0x0000000750a00000|  0%| F|  |TAMS 0x0000000750800000| PB 0x0000000750800000| Untracked |  0
| 115|0x0000000750a00000, 0x0000000750a00000, 0x0000000750c00000|  0%| F|  |TAMS 0x0000000750a00000| PB 0x0000000750a00000| Untracked |  0
| 116|0x0000000750c00000, 0x0000000750c00000, 0x0000000750e00000|  0%| F|  |TAMS 0x0000000750c00000| PB 0x0000000750c00000| Untracked |  0
| 117|0x0000000750e00000, 0x0000000750e00000, 0x0000000751000000|  0%| F|  |TAMS 0x0000000750e00000| PB 0x0000000750e00000| Untracked |  0
| 118|0x0000000751000000, 0x0000000751000000, 0x0000000751200000|  0%| F|  |TAMS 0x0000000751000000| PB 0x0000000751000000| Untracked |  0
| 119|0x0000000751200000, 0x0000000751200000, 0x0000000751400000|  0%| F|  |TAMS 0x0000000751200000| PB 0x0000000751200000| Untracked |  0
| 120|0x0000000751400000, 0x0000000751400000, 0x0000000751600000|  0%| F|  |TAMS 0x0000000751400000| PB 0x0000000751400000| Untracked |  0
| 121|0x0000000751600000, 0x0000000751600000, 0x0000000751800000|  0%| F|  |TAMS 0x0000000751600000| PB 0x0000000751600000| Untracked |  0
| 122|0x0000000751800000, 0x0000000751800000, 0x0000000751a00000|  0%| F|  |TAMS 0x0000000751800000| PB 0x0000000751800000| Untracked |  0
| 123|0x0000000751a00000, 0x0000000751a00000, 0x0000000751c00000|  0%| F|  |TAMS 0x0000000751a00000| PB 0x0000000751a00000| Untracked |  0
| 124|0x0000000751c00000, 0x0000000751c00000, 0x0000000751e00000|  0%| F|  |TAMS 0x0000000751c00000| PB 0x0000000751c00000| Untracked |  0
| 125|0x0000000751e00000, 0x0000000751e00000, 0x0000000752000000|  0%| F|  |TAMS 0x0000000751e00000| PB 0x0000000751e00000| Untracked |  0
| 126|0x0000000752000000, 0x0000000752000000, 0x0000000752200000|  0%| F|  |TAMS 0x0000000752000000| PB 0x0000000752000000| Untracked |  0
| 127|0x0000000752200000, 0x0000000752200000, 0x0000000752400000|  0%| F|  |TAMS 0x0000000752200000| PB 0x0000000752200000| Untracked |  0
| 128|0x0000000752400000, 0x0000000752400000, 0x0000000752600000|  0%| F|  |TAMS 0x0000000752400000| PB 0x0000000752400000| Untracked |  0
| 129|0x0000000752600000, 0x0000000752600000, 0x0000000752800000|  0%| F|  |TAMS 0x0000000752600000| PB 0x0000000752600000| Untracked |  0
| 130|0x0000000752800000, 0x0000000752800000, 0x0000000752a00000|  0%| F|  |TAMS 0x0000000752800000| PB 0x0000000752800000| Untracked |  0
| 131|0x0000000752a00000, 0x0000000752a00000, 0x0000000752c00000|  0%| F|  |TAMS 0x0000000752a00000| PB 0x0000000752a00000| Untracked |  0
| 132|0x0000000752c00000, 0x0000000752c00000, 0x0000000752e00000|  0%| F|  |TAMS 0x0000000752c00000| PB 0x0000000752c00000| Untracked |  0
| 133|0x0000000752e00000, 0x0000000752e00000, 0x0000000753000000|  0%| F|  |TAMS 0x0000000752e00000| PB 0x0000000752e00000| Untracked |  0
| 134|0x0000000753000000, 0x0000000753000000, 0x0000000753200000|  0%| F|  |TAMS 0x0000000753000000| PB 0x0000000753000000| Untracked |  0
| 135|0x0000000753200000, 0x0000000753200000, 0x0000000753400000|  0%| F|  |TAMS 0x0000000753200000| PB 0x0000000753200000| Untracked |  0
| 136|0x0000000753400000, 0x0000000753400000, 0x0000000753600000|  0%| F|  |TAMS 0x0000000753400000| PB 0x0000000753400000| Untracked |  0
| 137|0x0000000753600000, 0x0000000753600000, 0x0000000753800000|  0%| F|  |TAMS 0x0000000753600000| PB 0x0000000753600000| Untracked |  0
| 138|0x0000000753800000, 0x0000000753800000, 0x0000000753a00000|  0%| F|  |TAMS 0x0000000753800000| PB 0x0000000753800000| Untracked |  0
| 139|0x0000000753a00000, 0x0000000753a00000, 0x0000000753c00000|  0%| F|  |TAMS 0x0000000753a00000| PB 0x0000000753a00000| Untracked |  0
| 140|0x0000000753c00000, 0x0000000753c00000, 0x0000000753e00000|  0%| F|  |TAMS 0x0000000753c00000| PB 0x0000000753c00000| Untracked |  0
| 141|0x0000000753e00000, 0x0000000753e00000, 0x0000000754000000|  0%| F|  |TAMS 0x0000000753e00000| PB 0x0000000753e00000| Untracked |  0
| 142|0x0000000754000000, 0x0000000754000000, 0x0000000754200000|  0%| F|  |TAMS 0x0000000754000000| PB 0x0000000754000000| Untracked |  0
| 143|0x0000000754200000, 0x0000000754200000, 0x0000000754400000|  0%| F|  |TAMS 0x0000000754200000| PB 0x0000000754200000| Untracked |  0
| 144|0x0000000754400000, 0x0000000754400000, 0x0000000754600000|  0%| F|  |TAMS 0x0000000754400000| PB 0x0000000754400000| Untracked |  0
| 145|0x0000000754600000, 0x0000000754600000, 0x0000000754800000|  0%| F|  |TAMS 0x0000000754600000| PB 0x0000000754600000| Untracked |  0
| 146|0x0000000754800000, 0x0000000754910230, 0x0000000754a00000| 53%| E|  |TAMS 0x0000000754800000| PB 0x0000000754800000| Complete |  0
| 147|0x0000000754a00000, 0x0000000754c00000, 0x0000000754c00000|100%| E|CS|TAMS 0x0000000754a00000| PB 0x0000000754a00000| Complete |  0
| 148|0x0000000754c00000, 0x0000000754e00000, 0x0000000754e00000|100%| E|CS|TAMS 0x0000000754c00000| PB 0x0000000754c00000| Complete |  0
| 149|0x0000000754e00000, 0x0000000755000000, 0x0000000755000000|100%| E|CS|TAMS 0x0000000754e00000| PB 0x0000000754e00000| Complete |  0
| 150|0x0000000755000000, 0x0000000755200000, 0x0000000755200000|100%| E|CS|TAMS 0x0000000755000000| PB 0x0000000755000000| Complete |  0
| 151|0x0000000755200000, 0x0000000755400000, 0x0000000755400000|100%| E|CS|TAMS 0x0000000755200000| PB 0x0000000755200000| Complete |  0
| 152|0x0000000755400000, 0x0000000755600000, 0x0000000755600000|100%| E|CS|TAMS 0x0000000755400000| PB 0x0000000755400000| Complete |  0
| 153|0x0000000755600000, 0x0000000755800000, 0x0000000755800000|100%| E|CS|TAMS 0x0000000755600000| PB 0x0000000755600000| Complete |  0
| 154|0x0000000755800000, 0x0000000755a00000, 0x0000000755a00000|100%| E|CS|TAMS 0x0000000755800000| PB 0x0000000755800000| Complete |  0

Card table byte_map: [0x0000024f4d620000,0x0000024f4dc10000] _byte_map_base: 0x0000024f49c0e000

Marking Bits: (CMBitMap*) 0x0000024f359f75c0
 Bits: [0x0000024f4dc10000, 0x0000024f50b80000)

Polling page: 0x0000024f33900000

Metaspace:

Usage:
  Non-class:     14.06 MB used.
      Class:      2.23 MB used.
       Both:     16.29 MB used.

Virtual space:
  Non-class space:       64.00 MB reserved,      14.25 MB ( 22%) committed,  1 nodes.
      Class space:        1.00 GB reserved,       2.38 MB ( <1%) committed,  1 nodes.
             Both:        1.06 GB reserved,      16.62 MB (  2%) committed. 

Chunk freelists:
   Non-Class:  1.38 MB
       Class:  13.64 MB
        Both:  15.01 MB

MaxMetaspaceSize: unlimited
CompressedClassSpaceSize: 1.00 GB
Initial GC threshold: 21.00 MB
Current GC threshold: 23.75 MB
CDS: on
 - commit_granule_bytes: 65536.
 - commit_granule_words: 8192.
 - virtual_space_node_default_size: 8388608.
 - enlarge_chunks_in_place: 1.
 - use_allocation_guard: 0.


Internal statistics:

num_allocs_failed_limit: 0.
num_arena_births: 408.
num_arena_deaths: 0.
num_vsnodes_births: 2.
num_vsnodes_deaths: 0.
num_space_committed: 266.
num_space_uncommitted: 0.
num_chunks_returned_to_freelist: 0.
num_chunks_taken_from_freelist: 913.
num_chunk_merges: 0.
num_chunk_splits: 558.
num_chunks_enlarged: 336.
num_inconsistent_stats: 0.

CodeHeap 'non-profiled nmethods': size=120000Kb used=1123Kb max_used=1123Kb free=118877Kb
 bounds [0x0000024f457d0000, 0x0000024f45a40000, 0x0000024f4cd00000]
CodeHeap 'profiled nmethods': size=120000Kb used=4240Kb max_used=4299Kb free=115759Kb
 bounds [0x0000024f3dd00000, 0x0000024f3e140000, 0x0000024f45230000]
CodeHeap 'non-nmethods': size=5760Kb used=1828Kb max_used=1842Kb free=3931Kb
 bounds [0x0000024f45230000, 0x0000024f454a0000, 0x0000024f457d0000]
 total_blobs=3292 nmethods=2458 adapters=738
 compilation: enabled
              stopped_count=0, restarted_count=0
 full_count=0

Compilation events (20 events):
Event: 4.679 Thread 0x0000024f535a5130 2793       3       com.sun.prism.impl.ManagedResource::assertLocked (18 bytes)
Event: 4.679 Thread 0x0000024f535a5130 nmethod 2793 0x0000024f3dd32c90 code [0x0000024f3dd32e40, 0x0000024f3dd33060]
Event: 4.679 Thread 0x0000024f535a5130 2794   !   3       java.nio.DirectFloatBufferU::put (36 bytes)
Event: 4.679 Thread 0x0000024f535a5130 nmethod 2794 0x0000024f3de9b590 code [0x0000024f3de9b800, 0x0000024f3de9c230]
Event: 4.679 Thread 0x0000024f535a5130 2795       3       java.nio.DirectFloatBufferU::ix (10 bytes)
Event: 4.679 Thread 0x0000024f535a5130 nmethod 2795 0x0000024f3dd32910 code [0x0000024f3dd32aa0, 0x0000024f3dd32bc0]
Event: 4.679 Thread 0x0000024f535a5130 2796   !   3       jdk.internal.misc.ScopedMemoryAccess::putFloat (21 bytes)
Event: 4.679 Thread 0x0000024f535a5130 nmethod 2796 0x0000024f3dd31f10 code [0x0000024f3dd32100, 0x0000024f3dd32598]
Event: 4.680 Thread 0x0000024f535a0050 2797       4       java.util.WeakHashMap::hash (28 bytes)
Event: 4.680 Thread 0x0000024f535a5130 2798       1       com.sun.prism.PixelFormat::getDataType (5 bytes)
Event: 4.680 Thread 0x0000024f535a5130 nmethod 2798 0x0000024f458acb10 code [0x0000024f458acca0, 0x0000024f458acd70]
Event: 4.680 Thread 0x0000024f535a5130 2799       1       com.sun.prism.d3d.D3DContext::getContextHandle (5 bytes)
Event: 4.680 Thread 0x0000024f535a5130 nmethod 2799 0x0000024f458ac810 code [0x0000024f458ac9a0, 0x0000024f458aca70]
Event: 4.680 Thread 0x0000024f535a0050 nmethod 2797 0x0000024f458ac490 code [0x0000024f458ac620, 0x0000024f458ac760]
Event: 4.726 Thread 0x0000024f535a5130 2800       3       javafx.scene.input.PickResult::<init> (53 bytes)
Event: 4.726 Thread 0x0000024f9a784760 2801       4       com.sun.javafx.geom.Vec3d::set (25 bytes)
Event: 4.726 Thread 0x0000024f535a5130 nmethod 2800 0x0000024f3de9aa10 code [0x0000024f3de9ac20, 0x0000024f3de9b388]
Event: 4.726 Thread 0x0000024f9a784760 nmethod 2801 0x0000024f458ac190 code [0x0000024f458ac300, 0x0000024f458ac3c0]
Event: 4.742 Thread 0x0000024f535a5130 2802       3       javafx.scene.Scene$MouseHandler::updateCursorFrame (61 bytes)
Event: 4.743 Thread 0x0000024f535a5130 nmethod 2802 0x0000024f3de99310 code [0x0000024f3de995c0, 0x0000024f3de9a498]

GC Heap History (16 events):
Event: 0.444 GC heap before
{Heap before GC invocations=0 (full 0):
 garbage-first heap   total reserved 3108864K, committed 194560K, used 24576K [0x0000000742400000, 0x0000000800000000)
  region size 2048K, 12 young (24576K), 0 survivors (0K)
 Metaspace       used 6333K, committed 6592K, reserved 1114112K
  class space    used 711K, committed 832K, reserved 1048576K
}
Event: 0.448 GC heap after
{Heap after GC invocations=1 (full 0):
 garbage-first heap   total reserved 3108864K, committed 194560K, used 3328K [0x0000000742400000, 0x0000000800000000)
  region size 2048K, 2 young (4096K), 2 survivors (4096K)
 Metaspace       used 6333K, committed 6592K, reserved 1114112K
  class space    used 711K, committed 832K, reserved 1048576K
}
Event: 2.097 GC heap before
{Heap before GC invocations=1 (full 0):
 garbage-first heap   total reserved 3108864K, committed 194560K, used 66816K [0x0000000742400000, 0x0000000800000000)
  region size 2048K, 22 young (45056K), 2 survivors (4096K)
 Metaspace       used 13891K, committed 14208K, reserved 1114112K
  class space    used 1825K, committed 1920K, reserved 1048576K
}
Event: 2.108 GC heap after
{Heap after GC invocations=2 (full 0):
 garbage-first heap   total reserved 3108864K, committed 194560K, used 31398K [0x0000000742400000, 0x0000000800000000)
  region size 2048K, 2 young (4096K), 2 survivors (4096K)
 Metaspace       used 13891K, committed 14208K, reserved 1114112K
  class space    used 1825K, committed 1920K, reserved 1048576K
}
Event: 4.412 GC heap before
{Heap before GC invocations=2 (full 0):
 garbage-first heap   total reserved 3108864K, committed 194560K, used 90790K [0x0000000742400000, 0x0000000800000000)
  region size 2048K, 4 young (8192K), 2 survivors (4096K)
 Metaspace       used 14241K, committed 14592K, reserved 1114112K
  class space    used 1865K, committed 2048K, reserved 1048576K
}
Event: 4.414 GC heap after
{Heap after GC invocations=3 (full 0):
 garbage-first heap   total reserved 3108864K, committed 194560K, used 88927K [0x0000000742400000, 0x0000000800000000)
  region size 2048K, 2 young (4096K), 2 survivors (4096K)
 Metaspace       used 14241K, committed 14592K, reserved 1114112K
  class space    used 1865K, committed 2048K, reserved 1048576K
}
Event: 4.420 GC heap before
{Heap before GC invocations=3 (full 0):
 garbage-first heap   total reserved 3108864K, committed 194560K, used 93023K [0x0000000742400000, 0x0000000800000000)
  region size 2048K, 3 young (6144K), 2 survivors (4096K)
 Metaspace       used 14241K, committed 14592K, reserved 1114112K
  class space    used 1865K, committed 2048K, reserved 1048576K
}
Event: 4.422 GC heap after
{Heap after GC invocations=4 (full 0):
 garbage-first heap   total reserved 3108864K, committed 194560K, used 92850K [0x0000000742400000, 0x0000000800000000)
  region size 2048K, 2 young (4096K), 2 survivors (4096K)
 Metaspace       used 14241K, committed 14592K, reserved 1114112K
  class space    used 1865K, committed 2048K, reserved 1048576K
}
Event: 4.431 GC heap before
{Heap before GC invocations=5 (full 0):
 garbage-first heap   total reserved 3108864K, committed 194560K, used 96946K [0x0000000742400000, 0x0000000800000000)
  region size 2048K, 3 young (6144K), 2 survivors (4096K)
 Metaspace       used 14241K, committed 14592K, reserved 1114112K
  class space    used 1865K, committed 2048K, reserved 1048576K
}
Event: 4.433 GC heap after
{Heap after GC invocations=6 (full 0):
 garbage-first heap   total reserved 3108864K, committed 194560K, used 97073K [0x0000000742400000, 0x0000000800000000)
  region size 2048K, 2 young (4096K), 2 survivors (4096K)
 Metaspace       used 14241K, committed 14592K, reserved 1114112K
  class space    used 1865K, committed 2048K, reserved 1048576K
}
Event: 4.447 GC heap before
{Heap before GC invocations=7 (full 0):
 garbage-first heap   total reserved 3108864K, committed 194560K, used 105265K [0x0000000742400000, 0x0000000800000000)
  region size 2048K, 3 young (6144K), 2 survivors (4096K)
 Metaspace       used 14241K, committed 14592K, reserved 1114112K
  class space    used 1865K, committed 2048K, reserved 1048576K
}
Event: 4.449 GC heap after
{Heap after GC invocations=8 (full 0):
 garbage-first heap   total reserved 3108864K, committed 194560K, used 105274K [0x0000000742400000, 0x0000000800000000)
  region size 2048K, 2 young (4096K), 2 survivors (4096K)
 Metaspace       used 14241K, committed 14592K, reserved 1114112K
  class space    used 1865K, committed 2048K, reserved 1048576K
}
Event: 4.459 GC heap before
{Heap before GC invocations=9 (full 0):
 garbage-first heap   total reserved 3108864K, committed 194560K, used 109370K [0x0000000742400000, 0x0000000800000000)
  region size 2048K, 3 young (6144K), 2 survivors (4096K)
 Metaspace       used 14241K, committed 14592K, reserved 1114112K
  class space    used 1865K, committed 2048K, reserved 1048576K
}
Event: 4.461 GC heap after
{Heap after GC invocations=10 (full 0):
 garbage-first heap   total reserved 3108864K, committed 194560K, used 109346K [0x0000000742400000, 0x0000000800000000)
  region size 2048K, 2 young (4096K), 2 survivors (4096K)
 Metaspace       used 14241K, committed 14592K, reserved 1114112K
  class space    used 1865K, committed 2048K, reserved 1048576K
}
Event: 4.470 GC heap before
{Heap before GC invocations=11 (full 0):
 garbage-first heap   total reserved 3108864K, committed 194560K, used 113442K [0x0000000742400000, 0x0000000800000000)
  region size 2048K, 3 young (6144K), 2 survivors (4096K)
 Metaspace       used 14241K, committed 14592K, reserved 1114112K
  class space    used 1865K, committed 2048K, reserved 1048576K
}
Event: 4.472 GC heap after
{Heap after GC invocations=12 (full 0):
 garbage-first heap   total reserved 3108864K, committed 317440K, used 113464K [0x0000000742400000, 0x0000000800000000)
  region size 2048K, 2 young (4096K), 2 survivors (4096K)
 Metaspace       used 14241K, committed 14592K, reserved 1114112K
  class space    used 1865K, committed 2048K, reserved 1048576K
}

Dll operation events (20 events):
Event: 0.356 Loaded shared library C:\Users\ALAllaire\.openjfx\cache\23.0.1+4\amd64\api-ms-win-crt-locale-l1-1-0.dll
Event: 0.359 Loaded shared library C:\Users\ALAllaire\.openjfx\cache\23.0.1+4\amd64\api-ms-win-crt-math-l1-1-0.dll
Event: 0.361 Loaded shared library C:\Users\ALAllaire\.openjfx\cache\23.0.1+4\amd64\api-ms-win-crt-multibyte-l1-1-0.dll
Event: 0.364 Loaded shared library C:\Users\ALAllaire\.openjfx\cache\23.0.1+4\amd64\api-ms-win-crt-private-l1-1-0.dll
Event: 0.367 Loaded shared library C:\Users\ALAllaire\.openjfx\cache\23.0.1+4\amd64\api-ms-win-crt-process-l1-1-0.dll
Event: 0.369 Loaded shared library C:\Users\ALAllaire\.openjfx\cache\23.0.1+4\amd64\api-ms-win-crt-runtime-l1-1-0.dll
Event: 0.371 Loaded shared library C:\Users\ALAllaire\.openjfx\cache\23.0.1+4\amd64\api-ms-win-crt-stdio-l1-1-0.dll
Event: 0.374 Loaded shared library C:\Users\ALAllaire\.openjfx\cache\23.0.1+4\amd64\api-ms-win-crt-string-l1-1-0.dll
Event: 0.376 Loaded shared library C:\Users\ALAllaire\.openjfx\cache\23.0.1+4\amd64\api-ms-win-crt-time-l1-1-0.dll
Event: 0.379 Loaded shared library C:\Users\ALAllaire\.openjfx\cache\23.0.1+4\amd64\api-ms-win-crt-utility-l1-1-0.dll
Event: 0.393 Loaded shared library C:\Users\ALAllaire\.openjfx\cache\23.0.1+4\amd64\ucrtbase.dll
Event: 0.397 Loaded shared library C:\Users\ALAllaire\.openjfx\cache\23.0.1+4\amd64\vcruntime140.dll
Event: 0.400 Loaded shared library C:\Users\ALAllaire\.openjfx\cache\23.0.1+4\amd64\vcruntime140_1.dll
Event: 0.408 Loaded shared library C:\Users\ALAllaire\.openjfx\cache\23.0.1+4\amd64\msvcp140.dll
Event: 0.411 Loaded shared library C:\Users\ALAllaire\.openjfx\cache\23.0.1+4\amd64\msvcp140_1.dll
Event: 0.416 Loaded shared library C:\Users\ALAllaire\.openjfx\cache\23.0.1+4\amd64\msvcp140_2.dll
Event: 0.455 Loaded shared library C:\Users\ALAllaire\.openjfx\cache\23.0.1+4\amd64\prism_d3d.dll
Event: 0.485 Loaded shared library C:\Users\ALAllaire\.openjfx\cache\23.0.1+4\amd64\glass.dll
Event: 0.846 Loaded shared library C:\Users\ALAllaire\.openjfx\cache\23.0.1+4\amd64\javafx_font.dll
Event: 4.500 Loaded shared library C:\Users\ALAllaire\.openjfx\cache\23.0.1+4\amd64\javafx_iio.dll

Deoptimization events (20 events):
Event: 4.568 Thread 0x0000024f991b8800 Uncommon trap: trap_request=0xffffffde fr.pc=0x0000024f457dcbec relative=0x00000000000001cc
Event: 4.568 Thread 0x0000024f991b8800 Uncommon trap: reason=class_check action=maybe_recompile pc=0x0000024f457dcbec method=java.lang.String.equals(Ljava/lang/Object;)Z @ 8 c2
Event: 4.568 Thread 0x0000024f991b8800 DEOPT PACKING pc=0x0000024f457dcbec sp=0x0000005c00bfbaf0
Event: 4.568 Thread 0x0000024f991b8800 DEOPT UNPACKING pc=0x0000024f452846a2 sp=0x0000005c00bfba88 mode 2
Event: 4.568 Thread 0x0000024f991b8800 Uncommon trap: trap_request=0xffffffde fr.pc=0x0000024f457dcbec relative=0x00000000000001cc
Event: 4.568 Thread 0x0000024f991b8800 Uncommon trap: reason=class_check action=maybe_recompile pc=0x0000024f457dcbec method=java.lang.String.equals(Ljava/lang/Object;)Z @ 8 c2
Event: 4.568 Thread 0x0000024f991b8800 DEOPT PACKING pc=0x0000024f457dcbec sp=0x0000005c00bfbaf0
Event: 4.568 Thread 0x0000024f991b8800 DEOPT UNPACKING pc=0x0000024f452846a2 sp=0x0000005c00bfba88 mode 2
Event: 4.569 Thread 0x0000024f991b8800 Uncommon trap: trap_request=0xffffffde fr.pc=0x0000024f457dcbec relative=0x00000000000001cc
Event: 4.569 Thread 0x0000024f991b8800 Uncommon trap: reason=class_check action=maybe_recompile pc=0x0000024f457dcbec method=java.lang.String.equals(Ljava/lang/Object;)Z @ 8 c2
Event: 4.569 Thread 0x0000024f991b8800 DEOPT PACKING pc=0x0000024f457dcbec sp=0x0000005c00bfb750
Event: 4.569 Thread 0x0000024f991b8800 DEOPT UNPACKING pc=0x0000024f452846a2 sp=0x0000005c00bfb6e8 mode 2
Event: 4.603 Thread 0x0000024f991b8800 Uncommon trap: trap_request=0xffffff45 fr.pc=0x0000024f45859510 relative=0x0000000000000070
Event: 4.603 Thread 0x0000024f991b8800 Uncommon trap: reason=unstable_if action=reinterpret pc=0x0000024f45859510 method=java.util.Objects.equals(Ljava/lang/Object;Ljava/lang/Object;)Z @ 6 c2
Event: 4.603 Thread 0x0000024f991b8800 DEOPT PACKING pc=0x0000024f45859510 sp=0x0000005c00bfb910
Event: 4.603 Thread 0x0000024f991b8800 DEOPT UNPACKING pc=0x0000024f452846a2 sp=0x0000005c00bfb8b0 mode 2
Event: 4.606 Thread 0x0000024f991b8800 Uncommon trap: trap_request=0xffffff45 fr.pc=0x0000024f45820018 relative=0x00000000000001f8
Event: 4.606 Thread 0x0000024f991b8800 Uncommon trap: reason=unstable_if action=reinterpret pc=0x0000024f45820018 method=java.io.ByteArrayInputStream.read()I @ 8 c2
Event: 4.606 Thread 0x0000024f991b8800 DEOPT PACKING pc=0x0000024f45820018 sp=0x0000005c00bfa7b0
Event: 4.606 Thread 0x0000024f991b8800 DEOPT UNPACKING pc=0x0000024f452846a2 sp=0x0000005c00bfa758 mode 2

Classes loaded (20 events):
Event: 4.611 Loading class sun/invoke/util/ValueConversions$1
Event: 4.611 Loading class sun/invoke/util/ValueConversions$1 done
Event: 4.611 Loading class java/lang/invoke/BoundMethodHandle$Species_LI
Event: 4.611 Loading class java/lang/invoke/BoundMethodHandle$Species_LI done
Event: 4.630 Loading class java/lang/ArrayIndexOutOfBoundsException
Event: 4.630 Loading class java/lang/ArrayIndexOutOfBoundsException done
Event: 4.635 Loading class jdk/internal/ref/CleanerImpl$InnocuousThreadFactory
Event: 4.635 Loading class jdk/internal/ref/CleanerImpl$InnocuousThreadFactory done
Event: 4.639 Loading class sun/misc/Unsafe
Event: 4.639 Loading class sun/misc/Unsafe done
Event: 4.653 Loading class java/nio/ShortBuffer
Event: 4.653 Loading class java/nio/ShortBuffer done
Event: 4.653 Loading class java/nio/DoubleBuffer
Event: 4.653 Loading class java/nio/DoubleBuffer done
Event: 4.654 Loading class java/nio/DirectFloatBufferU
Event: 4.654 Loading class java/nio/DirectFloatBufferU done
Event: 4.655 Loading class java/lang/FdLibm$Atan2
Event: 4.655 Loading class java/lang/FdLibm$Atan2 done
Event: 4.655 Loading class java/lang/FdLibm
Event: 4.655 Loading class java/lang/FdLibm done

Classes unloaded (0 events):
No events

Classes redefined (0 events):
No events

Internal exceptions (20 events):
Event: 1.054 Thread 0x0000024f991b8800 Exception <a 'java/lang/ClassNotFoundException'{0x000000074baa1568}: com/sun/glass/ui/win/themes_sv_AX> (0x000000074baa1568) 
thrown [s\open\src\hotspot\share\prims\jni.cpp, line 539]
Event: 1.054 Thread 0x0000024f991b8800 Exception <a 'java/lang/ClassNotFoundException'{0x000000074baa2550}: com/sun/glass/ui/win/themes_af_NA> (0x000000074baa2550) 
thrown [s\open\src\hotspot\share\prims\jni.cpp, line 539]
Event: 1.054 Thread 0x0000024f991b8800 Exception <a 'java/lang/ClassNotFoundException'{0x000000074baa3718}: com/sun/glass/ui/win/themes_en_IN> (0x000000074baa3718) 
thrown [s\open\src\hotspot\share\prims\jni.cpp, line 539]
Event: 1.054 Thread 0x0000024f991b8800 Exception <a 'java/lang/ClassNotFoundException'{0x000000074baa4dc0}: com/sun/glass/ui/win/themes_es_NI> (0x000000074baa4dc0) 
thrown [s\open\src\hotspot\share\prims\jni.cpp, line 539]
Event: 1.054 Thread 0x0000024f991b8800 Exception <a 'java/lang/ClassNotFoundException'{0x000000074baa5f48}: com/sun/glass/ui/win/themes_ii_Yiii> (0x000000074baa5f48) 
thrown [s\open\src\hotspot\share\prims\jni.cpp, line 539]
Event: 1.054 Thread 0x0000024f991b8800 Exception <a 'java/lang/ClassNotFoundException'{0x000000074baa6d28}: com/sun/glass/ui/win/themes_ii_Yiii_CN> (0x000000074baa6d28) 
thrown [s\open\src\hotspot\share\prims\jni.cpp, line 539]
Event: 1.054 Thread 0x0000024f991b8800 Exception <a 'java/lang/ClassNotFoundException'{0x000000074baa7f88}: com/sun/glass/ui/win/themes_mas_TZ> (0x000000074baa7f88) 
thrown [s\open\src\hotspot\share\prims\jni.cpp, line 539]
Event: 1.054 Thread 0x0000024f991b8800 Exception <a 'java/lang/ClassNotFoundException'{0x000000074baa9190}: com/sun/glass/ui/win/themes_ms_BN> (0x000000074baa9190) 
thrown [s\open\src\hotspot\share\prims\jni.cpp, line 539]
Event: 1.054 Thread 0x0000024f991b8800 Exception <a 'java/lang/ClassNotFoundException'{0x000000074baaa3e0}: com/sun/glass/ui/win/themes_ccp_IN> (0x000000074baaa3e0) 
thrown [s\open\src\hotspot\share\prims\jni.cpp, line 539]
Event: 1.086 Thread 0x0000024f991b8800 Exception <a 'java/lang/NoSuchMethodError'{0x000000074b991bc8}: 'java.lang.Object java.lang.invoke.DirectMethodHandle$Holder.newInvokeSpecial(java.lang.Object, java.lang.Object, int)'> (0x000000074b991bc8) 
thrown [s\open\src\hotspot\share\interpreter\linkResolver.cpp, line 774]
Event: 2.123 Thread 0x0000024f991b8800 Exception <a 'java/lang/NoSuchMethodError'{0x000000074e11e8b0}: 'long java.lang.invoke.DirectMethodHandle$Holder.invokeStatic(java.lang.Object, java.lang.Object, java.lang.Object)'> (0x000000074e11e8b0) 
thrown [s\open\src\hotspot\share\interpreter\linkResolver.cpp, line 774]
Event: 2.123 Thread 0x0000024f991b8800 Exception <a 'java/lang/NoSuchMethodError'{0x000000074e121cb0}: 'long java.lang.invoke.DirectMethodHandle$Holder.invokeStaticInit(java.lang.Object, java.lang.Object, java.lang.Object)'> (0x000000074e121cb0) 
thrown [s\open\src\hotspot\share\interpreter\linkResolver.cpp, line 774]
Event: 2.125 Thread 0x0000024f991b8800 Exception <a 'java/lang/NoSuchMethodError'{0x000000074e15faf0}: 'java.lang.Object java.lang.invoke.DirectMethodHandle$Holder.newInvokeSpecial(java.lang.Object, java.lang.Object, long)'> (0x000000074e15faf0) 
thrown [s\open\src\hotspot\share\interpreter\linkResolver.cpp, line 774]
Event: 2.151 Thread 0x0000024f991b8800 Exception <a 'java/lang/NoSuchMethodError'{0x000000074e16bad8}: 'java.lang.Object java.lang.invoke.DirectMethodHandle$Holder.newInvokeSpecial(java.lang.Object, java.lang.Object, int, int, int, int, int, java.lang.Object)'> (0x000000074e16bad8) 
thrown [s\open\src\hotspot\share\interpreter\linkResolver.cpp, line 774]
Event: 2.153 Thread 0x0000024f991b8800 Exception <a 'java/lang/NoSuchMethodError'{0x000000074e17dfc0}: 'java.lang.Object java.lang.invoke.DirectMethodHandle$Holder.newInvokeSpecial(java.lang.Object, java.lang.Object, java.lang.Object, int, int, int, int, int)'> (0x000000074e17dfc0) 
thrown [s\open\src\hotspot\share\interpreter\linkResolver.cpp, line 774]
Event: 2.153 Thread 0x0000024f991b8800 Exception <a 'java/lang/NoSuchMethodError'{0x000000074e1853f0}: 'java.lang.Object java.lang.invoke.Invokers$Holder.linkToTargetMethod(java.lang.Object, java.lang.Object, int, int, int, int, int, java.lang.Object)'> (0x000000074e1853f0) 
thrown [s\open\src\hotspot\share\interpreter\linkResolver.cpp, line 774]
Event: 4.590 Thread 0x0000024f991b8800 Exception <a 'java/lang/IncompatibleClassChangeError'{0x0000000754e756b0}: Found class java.lang.Object, but interface was expected> (0x0000000754e756b0) 
thrown [s\open\src\hotspot\share\interpreter\linkResolver.cpp, line 841]
Event: 4.610 Thread 0x0000024f991b8800 Exception <a 'java/lang/NoSuchMethodError'{0x0000000754ca0a18}: 'int java.lang.invoke.DirectMethodHandle$Holder.invokeSpecial(java.lang.Object, java.lang.Object, int)'> (0x0000000754ca0a18) 
thrown [s\open\src\hotspot\share\interpreter\linkResolver.cpp, line 774]
Event: 4.611 Thread 0x0000024f991b8800 Exception <a 'java/lang/NoSuchMethodError'{0x0000000754ca7e70}: 'int java.lang.invoke.DirectMethodHandle$Holder.invokeSpecial(java.lang.Object, java.lang.Object, java.lang.Object, int)'> (0x0000000754ca7e70) 
thrown [s\open\src\hotspot\share\interpreter\linkResolver.cpp, line 774]
Event: 4.612 Thread 0x0000024f991b8800 Exception <a 'java/lang/NoSuchMethodError'{0x0000000754cba338}: 'java.lang.Object java.lang.invoke.DirectMethodHandle$Holder.invokeStatic(java.lang.Object, java.lang.Object, java.lang.Object, java.lang.Object, int)'> (0x0000000754cba338) 
thrown [s\open\src\hotspot\share\interpreter\linkResolver.cpp, line 774]

ZGC Phase Switch (0 events):
No events

VM Operations (20 events):
Event: 4.459 Executing VM operation: G1TryInitiateConcMark (G1 Humongous Allocation)
Event: 4.461 Executing VM operation: G1TryInitiateConcMark (G1 Humongous Allocation) done
Event: 4.466 Executing VM operation: G1PauseRemark
Event: 4.467 Executing VM operation: G1PauseRemark done
Event: 4.468 Executing VM operation: G1PauseCleanup
Event: 4.468 Executing VM operation: G1PauseCleanup done
Event: 4.470 Executing VM operation: G1TryInitiateConcMark (G1 Humongous Allocation)
Event: 4.472 Executing VM operation: G1TryInitiateConcMark (G1 Humongous Allocation) done
Event: 4.517 Executing VM operation: HandshakeAllThreads (Deoptimize)
Event: 4.517 Executing VM operation: HandshakeAllThreads (Deoptimize) done
Event: 4.517 Executing VM operation: HandshakeAllThreads (Deoptimize)
Event: 4.517 Executing VM operation: HandshakeAllThreads (Deoptimize) done
Event: 4.518 Executing VM operation: HandshakeAllThreads (Deoptimize)
Event: 4.518 Executing VM operation: HandshakeAllThreads (Deoptimize) done
Event: 4.566 Executing VM operation: HandshakeAllThreads (Deoptimize)
Event: 4.566 Executing VM operation: HandshakeAllThreads (Deoptimize) done
Event: 4.566 Executing VM operation: HandshakeAllThreads (Deoptimize)
Event: 4.566 Executing VM operation: HandshakeAllThreads (Deoptimize) done
Event: 4.590 Executing VM operation: HandshakeAllThreads (Deoptimize)
Event: 4.590 Executing VM operation: HandshakeAllThreads (Deoptimize) done

Memory protections (0 events):
No events

Nmethod flushes (20 events):
Event: 4.439 Thread 0x0000024f5356dc20 flushing  nmethod 0x0000024f3de12990
Event: 4.439 Thread 0x0000024f5356dc20 flushing  nmethod 0x0000024f3de19590
Event: 4.439 Thread 0x0000024f5356dc20 flushing  nmethod 0x0000024f3de1bc90
Event: 4.439 Thread 0x0000024f5356dc20 flushing  nmethod 0x0000024f3de1c390
Event: 4.439 Thread 0x0000024f5356dc20 flushing  nmethod 0x0000024f3de1cb10
Event: 4.439 Thread 0x0000024f5356dc20 flushing  nmethod 0x0000024f3de1ce10
Event: 4.439 Thread 0x0000024f5356dc20 flushing  nmethod 0x0000024f3de1d210
Event: 4.439 Thread 0x0000024f5356dc20 flushing  nmethod 0x0000024f3de1d710
Event: 4.439 Thread 0x0000024f5356dc20 flushing  nmethod 0x0000024f3de1db10
Event: 4.439 Thread 0x0000024f5356dc20 flushing  nmethod 0x0000024f3de1df10
Event: 4.439 Thread 0x0000024f5356dc20 flushing  nmethod 0x0000024f3de1e310
Event: 4.439 Thread 0x0000024f5356dc20 flushing  nmethod 0x0000024f3de95c90
Event: 4.439 Thread 0x0000024f5356dc20 flushing  nmethod 0x0000024f3de97690
Event: 4.439 Thread 0x0000024f5356dc20 flushing  nmethod 0x0000024f3de9c090
Event: 4.439 Thread 0x0000024f5356dc20 flushing  nmethod 0x0000024f3de9e710
Event: 4.439 Thread 0x0000024f5356dc20 flushing  nmethod 0x0000024f3df7c810
Event: 4.439 Thread 0x0000024f5356dc20 flushing  nmethod 0x0000024f3df80190
Event: 4.439 Thread 0x0000024f5356dc20 flushing  nmethod 0x0000024f3e01ab90
Event: 4.439 Thread 0x0000024f5356dc20 flushing  nmethod 0x0000024f3e05ab90
Event: 4.439 Thread 0x0000024f5356dc20 flushing  nmethod 0x0000024f3e05e210

Events (20 events):
Event: 0.055 Thread 0x0000024f336a40d0 Thread added: 0x0000024f53558530
Event: 0.086 Thread 0x0000024f535a5130 Thread added: 0x0000024f538c11a0
Event: 0.093 Thread 0x0000024f535a5130 Thread added: 0x0000024f53a86190
Event: 0.163 Thread 0x0000024f336a40d0 Thread added: 0x0000024f9949d940
Event: 0.163 Thread 0x0000024f336a40d0 Thread added: 0x0000024f991b9520
Event: 0.443 Thread 0x0000024f336a40d0 Thread added: 0x0000024f991b7ae0
Event: 0.470 Thread 0x0000024f535927d0 Thread added: 0x0000024f991b6730
Event: 0.484 Thread 0x0000024f991b6730 Thread added: 0x0000024f991b8170
Event: 0.486 Thread 0x0000024f336a40d0 Thread added: 0x0000024f991b8e90
Event: 0.489 Thread 0x0000024f336a40d0 Thread added: 0x0000024f991b8800
Event: 0.501 Thread 0x0000024f991b8170 Thread added: 0x0000024f991b9bb0
Event: 0.509 Thread 0x0000024f991b8170 Thread added: 0x0000024f991b7450
Event: 0.567 Thread 0x0000024f336a40d0 Thread added: 0x0000024f9990bf70
Event: 0.570 Thread 0x0000024f99909180 Thread added: 0x0000024f99909180
Event: 1.174 Thread 0x0000024f53a86190 Thread exited: 0x0000024f53a86190
Event: 1.182 Thread 0x0000024f538c11a0 Thread exited: 0x0000024f538c11a0
Event: 4.394 Thread 0x0000024f535a5130 Thread added: 0x0000024f53a86190
Event: 4.587 Thread 0x0000024f991b8800 Thread added: 0x0000024f9990a530
Event: 4.608 Thread 0x0000024f535a5130 Thread added: 0x0000024f9a784760
Event: 4.635 Thread 0x0000024f991b7ae0 Thread added: 0x0000024f99907dd0


Dynamic libraries:
0x00007ff78aba0000 - 0x00007ff78abb0000 	C:\Program Files\Java\jdk-22\bin\java.exe
0x00007ffa29830000 - 0x00007ffa29a28000 	C:\Windows\SYSTEM32\ntdll.dll
0x00007ffa27d70000 - 0x00007ffa27e32000 	C:\Windows\System32\KERNEL32.DLL
0x00007ffa27190000 - 0x00007ffa2748f000 	C:\Windows\System32\KERNELBASE.dll
0x00007ffa27600000 - 0x00007ffa27700000 	C:\Windows\System32\ucrtbase.dll
0x00007ffa21010000 - 0x00007ffa2102b000 	C:\Program Files\Java\jdk-22\bin\VCRUNTIME140.dll
0x00007ffa20720000 - 0x00007ffa20737000 	C:\Program Files\Java\jdk-22\bin\jli.dll
0x00007ffa27f90000 - 0x00007ffa2812d000 	C:\Windows\System32\USER32.dll
0x00007ffa275d0000 - 0x00007ffa275f2000 	C:\Windows\System32\win32u.dll
0x00007ffa119d0000 - 0x00007ffa11c6a000 	C:\Windows\WinSxS\amd64_microsoft.windows.common-controls_6595b64144ccf1df_6.0.19041.4355_none_60b8b9eb71f62e16\COMCTL32.dll
0x00007ffa27ee0000 - 0x00007ffa27f7e000 	C:\Windows\System32\msvcrt.dll
0x00007ffa27ba0000 - 0x00007ffa27bcb000 	C:\Windows\System32\GDI32.dll
0x00007ffa27700000 - 0x00007ffa2781a000 	C:\Windows\System32\gdi32full.dll
0x00007ffa26f20000 - 0x00007ffa26fbd000 	C:\Windows\System32\msvcp_win.dll
0x00007ffa28940000 - 0x00007ffa2896f000 	C:\Windows\System32\IMM32.DLL
0x00007ffa21050000 - 0x00007ffa2105c000 	C:\Program Files\Java\jdk-22\bin\vcruntime140_1.dll
0x00007ffa1c280000 - 0x00007ffa1c30e000 	C:\Program Files\Java\jdk-22\bin\msvcp140.dll
0x00007ff9f06a0000 - 0x00007ff9f13e9000 	C:\Program Files\Java\jdk-22\bin\server\jvm.dll
0x00007ffa27af0000 - 0x00007ffa27b9f000 	C:\Windows\System32\ADVAPI32.dll
0x00007ffa27e40000 - 0x00007ffa27edf000 	C:\Windows\System32\sechost.dll
0x00007ffa296c0000 - 0x00007ffa297e3000 	C:\Windows\System32\RPCRT4.dll
0x00007ffa27820000 - 0x00007ffa27847000 	C:\Windows\System32\bcrypt.dll
0x00007ffa282e0000 - 0x00007ffa2834b000 	C:\Windows\System32\WS2_32.dll
0x00007ffa26d30000 - 0x00007ffa26d7b000 	C:\Windows\SYSTEM32\POWRPROF.dll
0x00007ffa11990000 - 0x00007ffa119b7000 	C:\Windows\SYSTEM32\WINMM.dll
0x00007ffa22cb0000 - 0x00007ffa22cba000 	C:\Windows\SYSTEM32\VERSION.dll
0x00007ffa26d10000 - 0x00007ffa26d22000 	C:\Windows\SYSTEM32\UMPDC.dll
0x00007ffa25530000 - 0x00007ffa25542000 	C:\Windows\SYSTEM32\kernel.appcore.dll
0x00007ffa21000000 - 0x00007ffa2100a000 	C:\Program Files\Java\jdk-22\bin\jimage.dll
0x00007ffa25270000 - 0x00007ffa25454000 	C:\Windows\SYSTEM32\DBGHELP.DLL
0x00007ffa026c0000 - 0x00007ffa026f4000 	C:\Windows\SYSTEM32\dbgcore.DLL
0x00007ffa27540000 - 0x00007ffa275c2000 	C:\Windows\System32\bcryptPrimitives.dll
0x00007ffa1d7b0000 - 0x00007ffa1d7bf000 	C:\Program Files\Java\jdk-22\bin\instrument.dll
0x00007ffa1e9e0000 - 0x00007ffa1e9fe000 	C:\Program Files\Java\jdk-22\bin\java.dll
0x00007ffa28ce0000 - 0x00007ffa2944d000 	C:\Windows\System32\SHELL32.dll
0x00007ffa294b0000 - 0x00007ffa295db000 	C:\Windows\System32\ole32.dll
0x00007ffa28970000 - 0x00007ffa28cc5000 	C:\Windows\System32\combase.dll
0x00007ffa24ac0000 - 0x00007ffa25264000 	C:\Windows\SYSTEM32\windows.storage.dll
0x00007ffa26830000 - 0x00007ffa2685b000 	C:\Windows\SYSTEM32\Wldp.dll
0x00007ffa27850000 - 0x00007ffa2791d000 	C:\Windows\System32\OLEAUT32.dll
0x00007ffa283b0000 - 0x00007ffa2845d000 	C:\Windows\System32\SHCORE.dll
0x00007ffa29660000 - 0x00007ffa296b5000 	C:\Windows\System32\shlwapi.dll
0x00007ffa26e00000 - 0x00007ffa26e25000 	C:\Windows\SYSTEM32\profapi.dll
0x00007ffa03520000 - 0x00007ffa035f7000 	C:\Program Files\Java\jdk-22\bin\jsvml.dll
0x00007ffa1d570000 - 0x00007ffa1d580000 	C:\Program Files\Java\jdk-22\bin\net.dll
0x00007ffa26590000 - 0x00007ffa265fc000 	C:\Windows\system32\mswsock.dll
0x00007ffa1d520000 - 0x00007ffa1d536000 	C:\Program Files\Java\jdk-22\bin\nio.dll
0x00007ffa1c440000 - 0x00007ffa1c457000 	C:\Program Files\Java\jdk-22\bin\zip.dll
0x00007ffa262b0000 - 0x00007ffa2637a000 	C:\Windows\SYSTEM32\DNSAPI.dll
0x00007ffa26270000 - 0x00007ffa262ab000 	C:\Windows\SYSTEM32\IPHLPAPI.DLL
0x00007ffa27f80000 - 0x00007ffa27f88000 	C:\Windows\System32\NSI.dll
0x0000000067070000 - 0x0000000067096000 	C:\Program Files\Bonjour\mdnsNSP.dll
0x00007ffa1d8e0000 - 0x00007ffa1d8ea000 	C:\Windows\System32\rasadhlp.dll
0x00007ffa22e00000 - 0x00007ffa22e80000 	C:\Windows\System32\fwpuclnt.dll
0x00007ffa1c430000 - 0x00007ffa1c43a000 	C:\Program Files\Java\jdk-22\bin\management.dll
0x00007ffa1c270000 - 0x00007ffa1c27b000 	C:\Program Files\Java\jdk-22\bin\management_ext.dll
0x00007ffa27d60000 - 0x00007ffa27d68000 	C:\Windows\System32\PSAPI.DLL
0x0000024f358a0000 - 0x0000024f358a3000 	C:\Users\ALAllaire\.openjfx\cache\23.0.1+4\amd64\api-ms-win-core-console-l1-1-0.dll
0x0000024f358b0000 - 0x0000024f358b3000 	C:\Users\ALAllaire\.openjfx\cache\23.0.1+4\amd64\api-ms-win-core-console-l1-2-0.dll
0x0000024f358c0000 - 0x0000024f358c3000 	C:\Users\ALAllaire\.openjfx\cache\23.0.1+4\amd64\api-ms-win-core-datetime-l1-1-0.dll
0x0000024f358e0000 - 0x0000024f358e3000 	C:\Users\ALAllaire\.openjfx\cache\23.0.1+4\amd64\api-ms-win-core-debug-l1-1-0.dll
0x0000024f358f0000 - 0x0000024f358f3000 	C:\Users\ALAllaire\.openjfx\cache\23.0.1+4\amd64\api-ms-win-core-errorhandling-l1-1-0.dll
0x0000024f35900000 - 0x0000024f35904000 	C:\Users\ALAllaire\.openjfx\cache\23.0.1+4\amd64\api-ms-win-core-file-l1-1-0.dll
0x0000024f35910000 - 0x0000024f35913000 	C:\Users\ALAllaire\.openjfx\cache\23.0.1+4\amd64\api-ms-win-core-file-l1-2-0.dll
0x0000024f35920000 - 0x0000024f35923000 	C:\Users\ALAllaire\.openjfx\cache\23.0.1+4\amd64\api-ms-win-core-file-l2-1-0.dll
0x0000024f35930000 - 0x0000024f35933000 	C:\Users\ALAllaire\.openjfx\cache\23.0.1+4\amd64\api-ms-win-core-handle-l1-1-0.dll
0x0000024f35940000 - 0x0000024f35943000 	C:\Users\ALAllaire\.openjfx\cache\23.0.1+4\amd64\api-ms-win-core-heap-l1-1-0.dll
0x0000024f35950000 - 0x0000024f35953000 	C:\Users\ALAllaire\.openjfx\cache\23.0.1+4\amd64\api-ms-win-core-interlocked-l1-1-0.dll
0x0000024f35960000 - 0x0000024f35963000 	C:\Users\ALAllaire\.openjfx\cache\23.0.1+4\amd64\api-ms-win-core-libraryloader-l1-1-0.dll
0x0000024f53e80000 - 0x0000024f53e83000 	C:\Users\ALAllaire\.openjfx\cache\23.0.1+4\amd64\api-ms-win-core-localization-l1-2-0.dll
0x0000024f53e90000 - 0x0000024f53e93000 	C:\Users\ALAllaire\.openjfx\cache\23.0.1+4\amd64\api-ms-win-core-memory-l1-1-0.dll
0x0000024f53ea0000 - 0x0000024f53ea3000 	C:\Users\ALAllaire\.openjfx\cache\23.0.1+4\amd64\api-ms-win-core-namedpipe-l1-1-0.dll
0x0000024f53eb0000 - 0x0000024f53eb3000 	C:\Users\ALAllaire\.openjfx\cache\23.0.1+4\amd64\api-ms-win-core-processenvironment-l1-1-0.dll
0x0000024f53ec0000 - 0x0000024f53ec3000 	C:\Users\ALAllaire\.openjfx\cache\23.0.1+4\amd64\api-ms-win-core-processthreads-l1-1-0.dll
0x0000024f53ed0000 - 0x0000024f53ed3000 	C:\Users\ALAllaire\.openjfx\cache\23.0.1+4\amd64\api-ms-win-core-processthreads-l1-1-1.dll
0x0000024f53ee0000 - 0x0000024f53ee3000 	C:\Users\ALAllaire\.openjfx\cache\23.0.1+4\amd64\api-ms-win-core-profile-l1-1-0.dll
0x0000024f53ef0000 - 0x0000024f53ef3000 	C:\Users\ALAllaire\.openjfx\cache\23.0.1+4\amd64\api-ms-win-core-rtlsupport-l1-1-0.dll
0x0000024f53f00000 - 0x0000024f53f03000 	C:\Users\ALAllaire\.openjfx\cache\23.0.1+4\amd64\api-ms-win-core-string-l1-1-0.dll
0x0000024f53f10000 - 0x0000024f53f13000 	C:\Users\ALAllaire\.openjfx\cache\23.0.1+4\amd64\api-ms-win-core-synch-l1-1-0.dll
0x0000024f53f20000 - 0x0000024f53f23000 	C:\Users\ALAllaire\.openjfx\cache\23.0.1+4\amd64\api-ms-win-core-synch-l1-2-0.dll
0x0000024f53f30000 - 0x0000024f53f33000 	C:\Users\ALAllaire\.openjfx\cache\23.0.1+4\amd64\api-ms-win-core-sysinfo-l1-1-0.dll
0x0000024f53f40000 - 0x0000024f53f43000 	C:\Users\ALAllaire\.openjfx\cache\23.0.1+4\amd64\api-ms-win-core-timezone-l1-1-0.dll
0x0000024f53f50000 - 0x0000024f53f53000 	C:\Users\ALAllaire\.openjfx\cache\23.0.1+4\amd64\api-ms-win-core-util-l1-1-0.dll
0x0000024f53f60000 - 0x0000024f53f63000 	C:\Users\ALAllaire\.openjfx\cache\23.0.1+4\amd64\api-ms-win-crt-conio-l1-1-0.dll
0x0000024f53f70000 - 0x0000024f53f74000 	C:\Users\ALAllaire\.openjfx\cache\23.0.1+4\amd64\api-ms-win-crt-convert-l1-1-0.dll
0x0000024f53f80000 - 0x0000024f53f83000 	C:\Users\ALAllaire\.openjfx\cache\23.0.1+4\amd64\api-ms-win-crt-environment-l1-1-0.dll
0x0000024f53f90000 - 0x0000024f53f93000 	C:\Users\ALAllaire\.openjfx\cache\23.0.1+4\amd64\api-ms-win-crt-filesystem-l1-1-0.dll
0x0000024f53fa0000 - 0x0000024f53fa3000 	C:\Users\ALAllaire\.openjfx\cache\23.0.1+4\amd64\api-ms-win-crt-heap-l1-1-0.dll
0x0000024f53fb0000 - 0x0000024f53fb3000 	C:\Users\ALAllaire\.openjfx\cache\23.0.1+4\amd64\api-ms-win-crt-locale-l1-1-0.dll
0x0000024f53fc0000 - 0x0000024f53fc5000 	C:\Users\ALAllaire\.openjfx\cache\23.0.1+4\amd64\api-ms-win-crt-math-l1-1-0.dll
0x0000024f53fd0000 - 0x0000024f53fd5000 	C:\Users\ALAllaire\.openjfx\cache\23.0.1+4\amd64\api-ms-win-crt-multibyte-l1-1-0.dll
0x0000024f53fe0000 - 0x0000024f53ff0000 	C:\Users\ALAllaire\.openjfx\cache\23.0.1+4\amd64\api-ms-win-crt-private-l1-1-0.dll
0x0000024f53ff0000 - 0x0000024f53ff3000 	C:\Users\ALAllaire\.openjfx\cache\23.0.1+4\amd64\api-ms-win-crt-process-l1-1-0.dll
0x0000024f9a7d0000 - 0x0000024f9a7d4000 	C:\Users\ALAllaire\.openjfx\cache\23.0.1+4\amd64\api-ms-win-crt-runtime-l1-1-0.dll
0x0000024f9a7e0000 - 0x0000024f9a7e4000 	C:\Users\ALAllaire\.openjfx\cache\23.0.1+4\amd64\api-ms-win-crt-stdio-l1-1-0.dll
0x0000024f9a7f0000 - 0x0000024f9a7f4000 	C:\Users\ALAllaire\.openjfx\cache\23.0.1+4\amd64\api-ms-win-crt-string-l1-1-0.dll
0x0000024f9a800000 - 0x0000024f9a803000 	C:\Users\ALAllaire\.openjfx\cache\23.0.1+4\amd64\api-ms-win-crt-time-l1-1-0.dll
0x0000024f9a810000 - 0x0000024f9a813000 	C:\Users\ALAllaire\.openjfx\cache\23.0.1+4\amd64\api-ms-win-crt-utility-l1-1-0.dll
0x00007ff9f0400000 - 0x00007ff9f04fc000 	C:\Users\ALAllaire\.openjfx\cache\23.0.1+4\amd64\ucrtbase.dll
0x00007ffa0c690000 - 0x00007ffa0c6ab000 	C:\Users\ALAllaire\.openjfx\cache\23.0.1+4\amd64\vcruntime140.dll
0x00007ffa1c1a0000 - 0x00007ffa1c1ac000 	C:\Users\ALAllaire\.openjfx\cache\23.0.1+4\amd64\vcruntime140_1.dll
0x00007ff9fdfd0000 - 0x00007ff9fe05e000 	C:\Users\ALAllaire\.openjfx\cache\23.0.1+4\amd64\msvcp140.dll
0x00007ffa0fb30000 - 0x00007ffa0fb39000 	C:\Users\ALAllaire\.openjfx\cache\23.0.1+4\amd64\msvcp140_1.dll
0x00007ff9fe810000 - 0x00007ff9fe851000 	C:\Users\ALAllaire\.openjfx\cache\23.0.1+4\amd64\msvcp140_2.dll
0x00007ffa26790000 - 0x00007ffa267a8000 	C:\Windows\SYSTEM32\CRYPTSP.dll
0x00007ffa25eb0000 - 0x00007ffa25ee8000 	C:\Windows\system32\rsaenh.dll
0x00007ffa26dc0000 - 0x00007ffa26dee000 	C:\Windows\SYSTEM32\USERENV.dll
0x00007ffa26780000 - 0x00007ffa2678c000 	C:\Windows\SYSTEM32\CRYPTBASE.dll
0x00007ffa018f0000 - 0x00007ffa01920000 	C:\Users\ALAllaire\.openjfx\cache\23.0.1+4\amd64\prism_d3d.dll
0x00007ff9dd040000 - 0x00007ff9dd211000 	C:\Windows\system32\d3d9.dll
0x00007ffa24710000 - 0x00007ffa2473f000 	C:\Windows\SYSTEM32\dwmapi.dll
0x00007ffa1d580000 - 0x00007ffa1d597000 	C:\Windows\system32\napinsp.dll
0x00007ffa1d7c0000 - 0x00007ffa1d7db000 	C:\Windows\system32\pnrpnsp.dll
0x00007ffa23110000 - 0x00007ffa23125000 	C:\Windows\system32\wshbth.dll
0x00007ffa24330000 - 0x00007ffa243ce000 	C:\Windows\system32\uxtheme.dll
0x00007ffa20e40000 - 0x00007ffa20e5d000 	C:\Windows\system32\NLAapi.dll
0x00007ffa1da80000 - 0x00007ffa1da92000 	C:\Windows\System32\winrnr.dll
0x00007ff9ab000000 - 0x00007ff9ab165000 	C:\Windows\System32\DriverStore\FileRepository\iigd_dch.inf_amd64_22c2c7607995c1e1\igdumdim64.dll
0x00007ff9a2c40000 - 0x00007ff9a6861000 	C:\Windows\System32\DriverStore\FileRepository\iigd_dch.inf_amd64_22c2c7607995c1e1\igd9dxva64.dll
0x00007ffa28460000 - 0x00007ffa288d1000 	C:\Windows\System32\SETUPAPI.dll
0x00007ffa26ed0000 - 0x00007ffa26f1e000 	C:\Windows\System32\cfgmgr32.dll
0x00007ffa1a0e0000 - 0x00007ffa1a4ad000 	C:\Windows\System32\DriverStore\FileRepository\iigd_dch.inf_amd64_22c2c7607995c1e1\igdgmm64.dll
0x00007ff9fe510000 - 0x00007ff9fe555000 	C:\Users\ALAllaire\.openjfx\cache\23.0.1+4\amd64\glass.dll
0x00007ffa27c80000 - 0x00007ffa27d5a000 	C:\Windows\System32\COMDLG32.dll
0x00007ffa279d0000 - 0x00007ffa27ae5000 	C:\Windows\System32\MSCTF.dll
0x00007ffa011d0000 - 0x00007ffa011f7000 	C:\Windows\System32\DriverStore\FileRepository\iigd_dch.inf_amd64_22c2c7607995c1e1\igdinfo64.dll
0x00007ffa12fe0000 - 0x00007ffa15d27000 	C:\Windows\System32\DriverStore\FileRepository\iigd_dch.inf_amd64_22c2c7607995c1e1\igc64.dll
0x00007ffa21ee0000 - 0x00007ffa21f1b000 	C:\Windows\SYSTEM32\dxcore.dll

dbghelp: loaded successfully - version: 4.0.5 - missing functions: none
symbol engine: initialized successfully - sym options: 0x614 - pdb path: .;C:\Program Files\Java\jdk-22\bin;C:\Windows\SYSTEM32;C:\Windows\WinSxS\amd64_microsoft.windows.common-controls_6595b64144ccf1df_6.0.19041.4355_none_60b8b9eb71f62e16;C:\Program Files\Java\jdk-22\bin\server;C:\Program Files\Bonjour;C:\Users\ALAllaire\.openjfx\cache\23.0.1+4\amd64;C:\Windows\System32\DriverStore\FileRepository\iigd_dch.inf_amd64_22c2c7607995c1e1;C:\Program Files\Common Files\Microsoft Shared\Ink

VM Arguments:
jvm_args: -javaagent:D:\ASD - Vanier\IntelliJ IDEA 2024.3.5\lib\idea_rt.jar=52068 -Dfile.encoding=UTF-8 -Dsun.stdout.encoding=UTF-8 -Dsun.stderr.encoding=UTF-8 --module-path=C:\Users\ALAllaire\.m2\repository\org\openjfx\javafx-controls\23.0.1\javafx-controls-23.0.1-win.jar;C:\Users\ALAllaire\.m2\repository\org\openjfx\javafx-base\23.0.1\javafx-base-23.0.1-win.jar;C:\Users\ALAllaire\.m2\repository\org\openjfx\javafx-fxml\23.0.1\javafx-fxml-23.0.1-win.jar;C:\Users\ALAllaire\.m2\repository\org\openjfx\javafx-media\23.0.1\javafx-media-23.0.1-win.jar;D:\ASD - Vanier\Programming\escape_the_lab\target\classes;C:\Users\ALAllaire\.m2\repository\org\openjfx\javafx-graphics\23.0.1\javafx-graphics-23.0.1-win.jar -Djdk.module.main=com.example.escape_the_lab 
java_command: com.example.escape_the_lab/com.example.escape_the_lab.controller.GameController
java_class_path (initial): C:\Users\ALAllaire\.m2\repository\org\openjfx\javafx-controls\23.0.1\javafx-controls-23.0.1.jar;C:\Users\ALAllaire\.m2\repository\org\openjfx\javafx-graphics\23.0.1\javafx-graphics-23.0.1.jar;C:\Users\ALAllaire\.m2\repository\org\openjfx\javafx-base\23.0.1\javafx-base-23.0.1.jar;C:\Users\ALAllaire\.m2\repository\org\openjfx\javafx-fxml\23.0.1\javafx-fxml-23.0.1.jar;C:\Users\ALAllaire\.m2\repository\org\openjfx\javafx-media\23.0.1\javafx-media-23.0.1.jar
Launcher Type: SUN_STANDARD

[Global flags]
     intx CICompilerCount                          = 4                                         {product} {ergonomic}
     uint ConcGCThreads                            = 2                                         {product} {ergonomic}
     uint G1ConcRefinementThreads                  = 8                                         {product} {ergonomic}
   size_t G1HeapRegionSize                         = 2097152                                   {product} {ergonomic}
   size_t InitialHeapSize                          = 199229440                                 {product} {ergonomic}
   size_t MarkStackSize                            = 4194304                                   {product} {ergonomic}
   size_t MaxHeapSize                              = 3183476736                                {product} {ergonomic}
   size_t MaxNewSize                               = 1908408320                                {product} {ergonomic}
   size_t MinHeapDeltaBytes                        = 2097152                                   {product} {ergonomic}
   size_t MinHeapSize                              = 8388608                                   {product} {ergonomic}
    uintx NonNMethodCodeHeapSize                   = 5839372                                {pd product} {ergonomic}
    uintx NonProfiledCodeHeapSize                  = 122909434                              {pd product} {ergonomic}
    uintx ProfiledCodeHeapSize                     = 122909434                              {pd product} {ergonomic}
    uintx ReservedCodeCacheSize                    = 251658240                              {pd product} {ergonomic}
     bool SegmentedCodeCache                       = true                                      {product} {ergonomic}
   size_t SoftMaxHeapSize                          = 3183476736                             {manageable} {ergonomic}
     bool UseCompressedOops                        = true                           {product lp64_product} {ergonomic}
     bool UseG1GC                                  = true                                      {product} {ergonomic}
     bool UseLargePagesIndividualAllocation        = false                                  {pd product} {ergonomic}

Logging:
Log output configuration:
 #0: stdout all=warning uptime,level,tags foldmultilines=false
 #1: stderr all=off uptime,level,tags foldmultilines=false

Environment Variables:
PATH=C:\Program Files\Common Files\Oracle\Java\javapath;C:\Windows\system32;C:\Windows;C:\Windows\System32\Wbem;C:\Windows\System32\WindowsPowerShell\v1.0\;C:\Windows\System32\OpenSSH\;C:\Program Files (x86)\Druide\Antidote 9\Application\Bin64\;C:\Program Files (x86)\Druide\Antidote 9\Application\Bin32\;C:\Users\ALAllaire\AppData\Local\Microsoft\WindowsApps;C:\Users\ALAllaire\AppData\Local\Programs\Microsoft VS Code\bin;C:\Users\ALAllaire\AppData\Local\Programs\Git\cmd;C:\Users\ALAllaire\AppData\Local\GitHubDesktop\bin
USERNAME=ALAllaire
OS=Windows_NT
PROCESSOR_IDENTIFIER=Intel64 Family 6 Model 142 Stepping 12, GenuineIntel
TMP=C:\Users\ALALLA~1\AppData\Local\Temp
TEMP=C:\Users\ALALLA~1\AppData\Local\Temp




Periodic native trim disabled

---------------  S Y S T E M  ---------------

OS:
 Windows 10 , 64 bit Build 19041 (10.0.19041.5438)
OS uptime: 0 days 4:15 hours

CPU: total 8 (initial active 8) (4 cores per cpu, 2 threads per core) family 6 model 142 stepping 12 microcode 0xc0, cx8, cmov, fxsr, ht, mmx, 3dnowpref, sse, sse2, sse3, ssse3, sse4.1, sse4.2, popcnt, lzcnt, tsc, tscinvbit, avx, avx2, aes, erms, clmul, bmi1, bmi2, adx, fma, vzeroupper, clflush, clflushopt, rdtscp, f16c
Processor Information for all 8 processors :
  Max Mhz: 2112, Current Mhz: 1609, Mhz Limit: 1605

Memory: 4k page, system-wide physical 12139M (3581M free)
TotalPageFile size 14571M (AvailPageFile size 3736M)
current process WorkingSet (physical memory assigned to process): 346M, peak: 346M
current process commit charge ("private bytes"): 549M, peak: 549M

vm_info: Java HotSpot(TM) 64-Bit Server VM (22.0.2+9-70) for windows-amd64 JRE (22.0.2+9-70), built on 2024-06-04T16:52:23Z by "mach5one" with MS VC++ 17.6 (VS2022)

END.
