#
# A fatal error has been detected by the Java Runtime Environment:
#
#  EXCEPTION_ACCESS_VIOLATION (0xc0000005) at pc=0x00007ff9f11ff5de, pid=17284, tid=15508
#
# JRE version: Java(TM) SE Runtime Environment (22.0.2+9) (build 22.0.2+9-70)
# Java VM: Java HotSpot(TM) 64-Bit Server VM (22.0.2+9-70, mixed mode, sharing, tiered, compressed oops, compressed class ptrs, g1 gc, windows-amd64)
# Problematic frame:
# V  [jvm.dll+0x72f5de]
#
# No core dump will be written. Minidumps are not enabled by default on client versions of Windows
#
# If you would like to submit a bug report, please visit:
#   https://bugreport.java.com/bugreport/crash.jsp
#

---------------  S U M M A R Y ------------

Command Line: -javaagent:D:\ASD - Vanier\IntelliJ IDEA 2024.3.5\lib\idea_rt.jar=49823 -Dfile.encoding=UTF-8 -Dsun.stdout.encoding=UTF-8 -Dsun.stderr.encoding=UTF-8 --module-path=C:\Users\ALAllaire\.m2\repository\org\openjfx\javafx-controls\23.0.1\javafx-controls-23.0.1-win.jar;C:\Users\ALAllaire\.m2\repository\org\openjfx\javafx-base\23.0.1\javafx-base-23.0.1-win.jar;C:\Users\ALAllaire\.m2\repository\org\openjfx\javafx-fxml\23.0.1\javafx-fxml-23.0.1-win.jar;C:\Users\ALAllaire\.m2\repository\org\openjfx\javafx-media\23.0.1\javafx-media-23.0.1-win.jar;D:\ASD - Vanier\Programming\escape_the_lab\target\classes;C:\Users\ALAllaire\.m2\repository\org\openjfx\javafx-graphics\23.0.1\javafx-graphics-23.0.1-win.jar -Djdk.module.main=com.example.escape_the_lab com.example.escape_the_lab/com.example.escape_the_lab.controller.GameController

Host: Intel(R) Core(TM) i5-10210U CPU @ 1.60GHz, 8 cores, 11G,  Windows 10 , 64 bit Build 19041 (10.0.19041.5438)
Time: Sun Apr  6 15:33:16 2025 Est (heure d, 64 bit Build 19041 (10.0.19041.5438) elapsed time: 0.920921 seconds (0d 0h 0m 0s)

---------------  T H R E A D  ---------------

Current thread (0x000001ee6518aa80):  JavaThread "C2 CompilerThread2" daemon [_thread_in_native, id=15508, stack(0x000000ee71400000,0x000000ee71500000) (1024K)]


Current CompileTask:
C2:920 1841       4       java.util.HashMap::putVal (300 bytes)

Stack: [0x000000ee71400000,0x000000ee71500000],  sp=0x000000ee714fc6b0,  free space=1009k
Native frames: (J=compiled Java code, j=interpreted, Vv=VM code, C=native code)
V  [jvm.dll+0x72f5de]  (no source info available)
V  [jvm.dll+0x1df5a1]  (no source info available)
V  [jvm.dll+0x24793c]  (no source info available)
V  [jvm.dll+0x246e9f]  (no source info available)
V  [jvm.dll+0x1c4e80]  (no source info available)
V  [jvm.dll+0x2568f3]  (no source info available)
V  [jvm.dll+0x254baa]  (no source info available)
V  [jvm.dll+0x3f57a6]  (no source info available)
V  [jvm.dll+0x81dc0b]  (no source info available)
V  [jvm.dll+0x6e0d85]  (no source info available)
C  [ucrtbase.dll+0x21bb2]  (no source info available)
C  [KERNEL32.DLL+0x17374]  (no source info available)
C  [ntdll.dll+0x4cc91]  (no source info available)


siginfo: EXCEPTION_ACCESS_VIOLATION (0xc0000005), reading address 0x000001e666b3c940


Registers:
RAX=0x0000000000000000, RBX=0x0000000000000003, RCX=0x000001ee66b2e3d0, RDX=0x000001e666b3c940
RSP=0x000000ee714fc6b0, RBP=0x000000ee714fc7b0, RSI=0x0000000000000000, RDI=0x000001ee655bbbc8
R8 =0x0000000000000003, R9 =0x00000000000000e6, R10=0x0000000000000000, R11=0x3333333333333333
R12=0x0000000000000002, R13=0x000000000000000b, R14=0x000001ee6602d708, R15=0x0000000000000004
RIP=0x00007ff9f11ff5de, EFLAGS=0x0000000000010247


Register to memory mapping:

RAX=0x0 is null
RBX=0x0000000000000003 is an unknown value
RCX=0x000001ee66b2e3d0 points into unknown readable memory: 0x0000000000000000 | 00 00 00 00 00 00 00 00
RDX=0x000001e666b3c940 is an unknown value
RSP=0x000000ee714fc6b0 is pointing into the stack for thread: 0x000001ee6518aa80
RBP=0x000000ee714fc7b0 is pointing into the stack for thread: 0x000001ee6518aa80
RSI=0x0 is null
RDI=0x000001ee655bbbc8 points into unknown readable memory: 0x00007ff9f1481128 | 28 11 48 f1 f9 7f 00 00
R8 =0x0000000000000003 is an unknown value
R9 =0x00000000000000e6 is an unknown value
R10=0x0 is null
R11=0x3333333333333333 is an unknown value
R12=0x0000000000000002 is an unknown value
R13=0x000000000000000b is an unknown value
R14=0x000001ee6602d708 points into unknown readable memory: 0x000001ee6566b6c0 | c0 b6 66 65 ee 01 00 00
R15=0x0000000000000004 is an unknown value

Top of Stack: (sp=0x000000ee714fc6b0)
0x000000ee714fc6b0:   0000000000015450 000001ee655bb6e8
0x000000ee714fc6c0:   0000000000000000 000001ee66a15500
0x000000ee714fc6d0:   000001ee6566b6c0 000001ee00000001
0x000000ee714fc6e0:   000001ee00000637 000000ee714fc701
0x000000ee714fc6f0:   0000000000000000 000000ee714fc780
0x000000ee714fc700:   0000000000000000 0000000000000000
0x000000ee714fc710:   000001ee657d7f30 0000060400000002
0x000000ee714fc720:   00000002000005e8 0000000000000000
0x000000ee714fc730:   000001ee655b98a8 000000090000000b
0x000000ee714fc740:   000001ee66137900 0000000000000002
0x000000ee714fc750:   0000060400000000 000001ee66139110
0x000000ee714fc760:   000000ee714fcba0 000000ee00000000
0x000000ee714fc770:   000001ee6602d708 0000000000000008
0x000000ee714fc780:   0000060400000000 000001ee66139110
0x000000ee714fc790:   000000ee714fcba0 00007ff9f1714a10
0x000000ee714fc7a0:   000000ba00000000 000001ee6602d760
0x000000ee714fc7b0:   000000000000b840 0000000000000000
0x000000ee714fc7c0:   000001ee6613e330 000001ee66a0a030
0x000000ee714fc7d0:   000006040000000b 000001ee66137900
0x000000ee714fc7e0:   000000ee714fcba0 000001ee6613c130
0x000000ee714fc7f0:   0000000000000001 000001ee6613d230
0x000000ee714fc800:   000001ee6613a920 0000000000000000
0x000000ee714fc810:   0000000000000000 000001ee1fc22db0
0x000000ee714fc820:   00000000000003d8 000001ee1fc22dc0
0x000000ee714fc830:   000001ee1fc23198 000000000000000b
0x000000ee714fc840:   000001ee657d7f48 000001ee6613e388
0x000000ee714fc850:   000000ee714fcba0 0000000000000020
0x000000ee714fc860:   000001ee66032600 00007ff900000020
0x000000ee714fc870:   000000ee714fcba0 0000000000000020
0x000000ee714fc880:   000001ee66032700 0000000000000020
0x000000ee714fc890:   000000ee714fcba0 000001ee1fc22db0
0x000000ee714fc8a0:   000001ee1fc22dc0 000001ee1fc23198 

Instructions: (pc=0x00007ff9f11ff5de)
0x00007ff9f11ff4de:   f6 ff c8 89 41 20 49 8b 0c c0 48 89 0a 4b 89 1c
0x00007ff9f11ff4ee:   f9 48 85 db 74 25 48 83 7b 10 00 74 1e 8b 53 20
0x00007ff9f11ff4fe:   3b 53 24 75 08 48 8b cb e8 95 0c f9 ff 8b 4b 20
0x00007ff9f11ff50e:   48 8b 43 10 4c 89 24 c8 ff 43 20 e8 42 16 a1 ff
0x00007ff9f11ff51e:   44 8b bd 68 02 00 00 4c 8b cb 48 8b 7c 24 60 45
0x00007ff9f11ff52e:   8b c7 49 89 74 24 48 41 ff c7 8b 8d 58 02 00 00
0x00007ff9f11ff53e:   48 8b d7 89 4c 24 20 8d 41 01 49 8b cd 89 85 58
0x00007ff9f11ff54e:   02 00 00 e8 0a 0c 00 00 41 ff c7 48 8d 57 18 33
0x00007ff9f11ff55e:   f6 44 8d 6e 01 e9 8f ea ff ff 44 8b bd 68 02 00
0x00007ff9f11ff56e:   00 48 8b 7c 24 60 41 ff c7 48 8d 57 18 33 f6 44
0x00007ff9f11ff57e:   8d 6e 01 e9 71 ea ff ff 44 8b 6d 88 44 8b d6 45
0x00007ff9f11ff58e:   85 ed 74 77 4c 8b 75 c0 66 66 0f 1f 84 00 00 00
0x00007ff9f11ff59e:   00 00 48 8b 4d 90 49 63 c2 44 8b 0c 81 8b 42 4c
0x00007ff9f11ff5ae:   45 8b c1 ff c8 49 c1 e8 06 41 83 e0 03 48 8d 14
0x00007ff9f11ff5be:   80 48 8b 85 50 02 00 00 48 c1 e2 05 48 8b 40 68
0x00007ff9f11ff5ce:   48 8b 48 10 41 8b c1 48 c1 e8 08 48 8b 54 0a 08
0x00007ff9f11ff5de:   48 8b 14 c2 41 0f b6 c1 24 3f 0f b6 c8 4a 8b 04
0x00007ff9f11ff5ee:   c2 48 0f a3 c8 72 03 49 89 36 48 8b 54 24 60 41
0x00007ff9f11ff5fe:   ff c2 49 83 c6 08 45 3b d5 72 97 44 8b 65 f4 4c
0x00007ff9f11ff60e:   8b 95 50 02 00 00 41 ff c4 44 89 65 f4 49 8b 52
0x00007ff9f11ff61e:   48 44 3b 62 40 0f 82 f7 e2 ff ff 83 bd b8 00 00
0x00007ff9f11ff62e:   00 00 8b de 76 43 0f 1f 40 00 0f 1f 84 00 00 00
0x00007ff9f11ff63e:   00 00 48 8b 85 b0 00 00 00 44 8b 85 58 02 00 00
0x00007ff9f11ff64e:   8b cb 48 8b 14 c8 41 8d 40 01 49 8b ca 89 85 58
0x00007ff9f11ff65e:   02 00 00 e8 3a 2b ab ff 4c 8b 95 50 02 00 00 ff
0x00007ff9f11ff66e:   c3 3b 9d b8 00 00 00 72 c9 8b 85 58 02 00 00 8b
0x00007ff9f11ff67e:   95 d8 00 00 00 89 45 40 8b c6 89 45 b8 85 d2 0f
0x00007ff9f11ff68e:   84 e3 04 00 00 4c 8b b5 50 02 00 00 66 0f 1f 44
0x00007ff9f11ff69e:   00 00 44 8b 85 58 02 00 00 8b c8 48 8b 85 d0 00
0x00007ff9f11ff6ae:   00 00 4c 8b 2c c8 49 8b 46 48 4c 89 6d 58 41 8b
0x00007ff9f11ff6be:   55 28 48 8b 48 78 49 8b 86 08 01 00 00 48 8b 3c
0x00007ff9f11ff6ce:   d1 48 63 ca 49 8b d5 48 89 bd 88 00 00 00 8b 1c 


Stack slot to memory mapping:

stack at sp + 0 slots: 0x0000000000015450 is an unknown value
stack at sp + 1 slots: 0x000001ee655bb6e8 points into unknown readable memory: 0x00007ff9f1410690 | 90 06 41 f1 f9 7f 00 00
stack at sp + 2 slots: 0x0 is null
stack at sp + 3 slots: 0x000001ee66a15500 points into unknown readable memory: 0x3f4069dd6cdd990d | 0d 99 dd 6c dd 69 40 3f
stack at sp + 4 slots: 0x000001ee6566b6c0 points into unknown readable memory: 0x00007ff9f1421080 | 80 10 42 f1 f9 7f 00 00
stack at sp + 5 slots: 0x000001ee00000001 points into unknown readable memory: 00 00 00 00 00 00 00
stack at sp + 6 slots: 0x000001ee00000637 points into unknown readable memory: 00
stack at sp + 7 slots: 0x000000ee714fc701 is pointing into the stack for thread: 0x000001ee6518aa80


---------------  P R O C E S S  ---------------

Threads class SMR info:
_java_thread_list=0x000001ee666e43c0, length=23, elements={
0x000001ee7fe43b00, 0x000001ee1fba9180, 0x000001ee1fbabda0, 0x000001ee1fbad250,
0x000001ee1fbaff70, 0x000001ee1fbb89e0, 0x000001ee1fbc0500, 0x000001ee1fbc5c10,
0x000001ee1fbc82e0, 0x000001ee1fb7a1b0, 0x000001ee651a87a0, 0x000001ee6518aa80,
0x000001ee65a80ef0, 0x000001ee658ee260, 0x000001ee662131e0, 0x000001ee65f33a50,
0x000001ee65e81c60, 0x000001ee65e1e850, 0x000001ee65e36f60, 0x000001ee661e9c90,
0x000001ee65edc4f0, 0x000001ee663bc710, 0x000001ee663bb9f0
}

Java Threads: ( => current thread )
  0x000001ee7fe43b00 JavaThread "main"                              [_thread_blocked, id=15040, stack(0x000000ee70200000,0x000000ee70300000) (1024K)]
  0x000001ee1fba9180 JavaThread "Reference Handler"          daemon [_thread_blocked, id=22140, stack(0x000000ee70a00000,0x000000ee70b00000) (1024K)]
  0x000001ee1fbabda0 JavaThread "Finalizer"                  daemon [_thread_blocked, id=14024, stack(0x000000ee70b00000,0x000000ee70c00000) (1024K)]
  0x000001ee1fbad250 JavaThread "Signal Dispatcher"          daemon [_thread_blocked, id=18964, stack(0x000000ee70c00000,0x000000ee70d00000) (1024K)]
  0x000001ee1fbaff70 JavaThread "Attach Listener"            daemon [_thread_blocked, id=14156, stack(0x000000ee70d00000,0x000000ee70e00000) (1024K)]
  0x000001ee1fbb89e0 JavaThread "Service Thread"             daemon [_thread_blocked, id=15740, stack(0x000000ee70e00000,0x000000ee70f00000) (1024K)]
  0x000001ee1fbc0500 JavaThread "Monitor Deflation Thread"   daemon [_thread_blocked, id=14200, stack(0x000000ee70f00000,0x000000ee71000000) (1024K)]
  0x000001ee1fbc5c10 JavaThread "C2 CompilerThread0"         daemon [_thread_in_native, id=20020, stack(0x000000ee71000000,0x000000ee71100000) (1024K)]
  0x000001ee1fbc82e0 JavaThread "C1 CompilerThread0"         daemon [_thread_blocked, id=10764, stack(0x000000ee71100000,0x000000ee71200000) (1024K)]
  0x000001ee1fb7a1b0 JavaThread "Common-Cleaner"             daemon [_thread_blocked, id=5264, stack(0x000000ee71200000,0x000000ee71300000) (1024K)]
  0x000001ee651a87a0 JavaThread "C2 CompilerThread1"         daemon [_thread_in_native, id=16380, stack(0x000000ee71300000,0x000000ee71400000) (1024K)]
=>0x000001ee6518aa80 JavaThread "C2 CompilerThread2"         daemon [_thread_in_native, id=15508, stack(0x000000ee71400000,0x000000ee71500000) (1024K)]
  0x000001ee65a80ef0 JavaThread "Monitor Ctrl-Break"         daemon [_thread_in_native, id=21600, stack(0x000000ee71500000,0x000000ee71600000) (1024K)]
  0x000001ee658ee260 JavaThread "Notification Thread"        daemon [_thread_blocked, id=14384, stack(0x000000ee71600000,0x000000ee71700000) (1024K)]
  0x000001ee662131e0 JavaThread "QuantumRenderer-0"          daemon [_thread_blocked, id=12716, stack(0x000000ee71700000,0x000000ee71800000) (1024K)]
  0x000001ee65f33a50 JavaThread "RMI TCP Accept-0"           daemon [_thread_in_native, id=9344, stack(0x000000ee71f00000,0x000000ee72000000) (1024K)]
  0x000001ee65e81c60 JavaThread "InvokeLaterDispatcher"      daemon [_thread_blocked, id=22440, stack(0x000000ee72000000,0x000000ee72100000) (1024K)]
  0x000001ee65e1e850 JavaThread "JavaFX Application Thread"         [_thread_in_native, id=21436, stack(0x000000ee72100000,0x000000ee72200000) (1024K)]
  0x000001ee65e36f60 JavaThread "RMI TCP Connection(1)-10.0.0.49" daemon [_thread_in_native, id=21460, stack(0x000000ee72200000,0x000000ee72300000) (1024K)]
  0x000001ee661e9c90 JavaThread "RMI Scheduler(0)"           daemon [_thread_blocked, id=16812, stack(0x000000ee72300000,0x000000ee72400000) (1024K)]
  0x000001ee65edc4f0 JavaThread "JMX server connection timeout 37" daemon [_thread_blocked, id=18428, stack(0x000000ee72700000,0x000000ee72800000) (1024K)]
  0x000001ee663bc710 JavaThread "JavaFX-Launcher"                   [_thread_blocked, id=16808, stack(0x000000ee72900000,0x000000ee72a00000) (1024K)]
  0x000001ee663bb9f0 JavaThread "Thread-2"                   daemon [_thread_in_vm, id=16768, stack(0x000000ee72800000,0x000000ee72900000) (1024K)]
Total: 23

Other Threads:
  0x000001ee1fb8fb30 VMThread "VM Thread"                           [id=19292, stack(0x000000ee70900000,0x000000ee70a00000) (1024K)]
  0x000001ee1fb79760 WatcherThread "VM Periodic Task Thread"        [id=12224, stack(0x000000ee70800000,0x000000ee70900000) (1024K)]
  0x000001ee02025d50 WorkerThread "GC Thread#0"                     [id=6920, stack(0x000000ee70300000,0x000000ee70400000) (1024K)]
  0x000001ee65c69a40 WorkerThread "GC Thread#1"                     [id=18036, stack(0x000000ee71800000,0x000000ee71900000) (1024K)]
  0x000001ee65f514b0 WorkerThread "GC Thread#2"                     [id=19120, stack(0x000000ee71900000,0x000000ee71a00000) (1024K)]
  0x000001ee66213850 WorkerThread "GC Thread#3"                     [id=7552, stack(0x000000ee71a00000,0x000000ee71b00000) (1024K)]
  0x000001ee65f3ffc0 WorkerThread "GC Thread#4"                     [id=6820, stack(0x000000ee71b00000,0x000000ee71c00000) (1024K)]
  0x000001ee65f73f70 WorkerThread "GC Thread#5"                     [id=22020, stack(0x000000ee71c00000,0x000000ee71d00000) (1024K)]
  0x000001ee65f76130 WorkerThread "GC Thread#6"                     [id=18016, stack(0x000000ee71d00000,0x000000ee71e00000) (1024K)]
  0x000001ee65f764e0 WorkerThread "GC Thread#7"                     [id=17688, stack(0x000000ee71e00000,0x000000ee71f00000) (1024K)]
  0x000001ee02033e20 ConcurrentGCThread "G1 Main Marker"            [id=8852, stack(0x000000ee70400000,0x000000ee70500000) (1024K)]
  0x000001ee020349f0 WorkerThread "G1 Conc#0"                       [id=19192, stack(0x000000ee70500000,0x000000ee70600000) (1024K)]
  0x000001ee1fa520c0 ConcurrentGCThread "G1 Refine#0"               [id=13288, stack(0x000000ee70600000,0x000000ee70700000) (1024K)]
  0x000001ee1fa52b50 ConcurrentGCThread "G1 Service"                [id=18940, stack(0x000000ee70700000,0x000000ee70800000) (1024K)]
Total: 14

Threads with active compile tasks:
C2 CompilerThread0  1066 2128       4       java.security.AccessControlContext::combine (205 bytes)
C2 CompilerThread1  1066 2122       4       java.util.jar.JarFile::getEntry (35 bytes)
C2 CompilerThread2  1067 1841       4       java.util.HashMap::putVal (300 bytes)
Total: 3

VM state: not at safepoint (normal execution)

VM Mutex/Monitor currently owned by a thread: None

Heap address: 0x0000000742400000, size: 3036 MB, Compressed Oops mode: Zero based, Oop shift amount: 3

CDS archive(s) mapped at: [0x000001ee20000000-0x000001ee20c60000-0x000001ee20c60000), size 12976128, SharedBaseAddress: 0x000001ee20000000, ArchiveRelocationMode: 1.
Compressed class space mapped at: 0x000001ee21000000-0x000001ee61000000, reserved size: 1073741824
Narrow klass base: 0x000001ee20000000, Narrow klass shift: 0, Narrow klass range: 0x41000000

GC Precious Log:
 CardTable entry size: 512
 Card Set container configuration: InlinePtr #cards 4 size 8 Array Of Cards #cards 16 size 48 Howl #buckets 8 coarsen threshold 3686 Howl Bitmap #cards 512 size 80 coarsen threshold 460 Card regions per heap region 1 cards per card region 4096
 CPUs: 8 total, 8 available
 Memory: 12139M
 Large Page Support: Disabled
 NUMA Support: Disabled
 Compressed Oops: Enabled (Zero based)
 Heap Region Size: 2M
 Heap Min Capacity: 8M
 Heap Initial Capacity: 190M
 Heap Max Capacity: 3036M
 Pre-touch: Disabled
 Parallel Workers: 8
 Concurrent Workers: 2
 Concurrent Refinement Workers: 8
 Periodic GC: Disabled

Heap:
 garbage-first heap   total reserved 3108864K, committed 194560K, used 60736K [0x0000000742400000, 0x0000000800000000)
  region size 2048K, 20 young (40960K), 2 survivors (4096K)
 Metaspace       used 12749K, committed 13056K, reserved 1114112K
  class space    used 1652K, committed 1792K, reserved 1048576K

Heap Regions: E=young(eden), S=young(survivor), O=old, HS=humongous(starts), HC=humongous(continues), CS=collection set, F=free, TAMS=top-at-mark-start, PB=parsable bottom
|   0|0x0000000742400000, 0x0000000742600000, 0x0000000742600000|100%|HS|  |TAMS 0x0000000742400000| PB 0x0000000742400000| Complete |  0
|   1|0x0000000742600000, 0x0000000742800000, 0x0000000742800000|100%|HC|  |TAMS 0x0000000742600000| PB 0x0000000742600000| Complete |  0
|   2|0x0000000742800000, 0x0000000742a00000, 0x0000000742a00000|100%|HS|  |TAMS 0x0000000742800000| PB 0x0000000742800000| Complete |  0
|   3|0x0000000742a00000, 0x0000000742c00000, 0x0000000742c00000|100%|HC|  |TAMS 0x0000000742a00000| PB 0x0000000742a00000| Complete |  0
|   4|0x0000000742c00000, 0x0000000742e00000, 0x0000000742e00000|100%|HS|  |TAMS 0x0000000742c00000| PB 0x0000000742c00000| Complete |  0
|   5|0x0000000742e00000, 0x0000000743000000, 0x0000000743000000|100%|HC|  |TAMS 0x0000000742e00000| PB 0x0000000742e00000| Complete |  0
|   6|0x0000000743000000, 0x0000000743200000, 0x0000000743200000|100%|HS|  |TAMS 0x0000000743000000| PB 0x0000000743000000| Complete |  0
|   7|0x0000000743200000, 0x0000000743400000, 0x0000000743400000|100%|HC|  |TAMS 0x0000000743200000| PB 0x0000000743200000| Complete |  0
|   8|0x0000000743400000, 0x0000000743600000, 0x0000000743600000|100%|HS|  |TAMS 0x0000000743400000| PB 0x0000000743400000| Complete |  0
|   9|0x0000000743600000, 0x0000000743800000, 0x0000000743800000|100%|HC|  |TAMS 0x0000000743600000| PB 0x0000000743600000| Complete |  0
|  10|0x0000000743800000, 0x0000000743a00000, 0x0000000743a00000|100%|HS|  |TAMS 0x0000000743800000| PB 0x0000000743800000| Complete |  0
|  11|0x0000000743a00000, 0x0000000743c00000, 0x0000000743c00000|100%|HC|  |TAMS 0x0000000743a00000| PB 0x0000000743a00000| Complete |  0
|  12|0x0000000743c00000, 0x0000000743c00000, 0x0000000743e00000|  0%| F|  |TAMS 0x0000000743c00000| PB 0x0000000743c00000| Untracked |  0
|  13|0x0000000743e00000, 0x0000000743e00000, 0x0000000744000000|  0%| F|  |TAMS 0x0000000743e00000| PB 0x0000000743e00000| Untracked |  0
|  14|0x0000000744000000, 0x0000000744000000, 0x0000000744200000|  0%| F|  |TAMS 0x0000000744000000| PB 0x0000000744000000| Untracked |  0
|  15|0x0000000744200000, 0x0000000744200000, 0x0000000744400000|  0%| F|  |TAMS 0x0000000744200000| PB 0x0000000744200000| Untracked |  0
|  16|0x0000000744400000, 0x0000000744400000, 0x0000000744600000|  0%| F|  |TAMS 0x0000000744400000| PB 0x0000000744400000| Untracked |  0
|  17|0x0000000744600000, 0x0000000744600000, 0x0000000744800000|  0%| F|  |TAMS 0x0000000744600000| PB 0x0000000744600000| Untracked |  0
|  18|0x0000000744800000, 0x0000000744800000, 0x0000000744a00000|  0%| F|  |TAMS 0x0000000744800000| PB 0x0000000744800000| Untracked |  0
|  19|0x0000000744a00000, 0x0000000744a00000, 0x0000000744c00000|  0%| F|  |TAMS 0x0000000744a00000| PB 0x0000000744a00000| Untracked |  0
|  20|0x0000000744c00000, 0x0000000744c00000, 0x0000000744e00000|  0%| F|  |TAMS 0x0000000744c00000| PB 0x0000000744c00000| Untracked |  0
|  21|0x0000000744e00000, 0x0000000744e00000, 0x0000000745000000|  0%| F|  |TAMS 0x0000000744e00000| PB 0x0000000744e00000| Untracked |  0
|  22|0x0000000745000000, 0x0000000745000000, 0x0000000745200000|  0%| F|  |TAMS 0x0000000745000000| PB 0x0000000745000000| Untracked |  0
|  23|0x0000000745200000, 0x0000000745200000, 0x0000000745400000|  0%| F|  |TAMS 0x0000000745200000| PB 0x0000000745200000| Untracked |  0
|  24|0x0000000745400000, 0x0000000745400000, 0x0000000745600000|  0%| F|  |TAMS 0x0000000745400000| PB 0x0000000745400000| Untracked |  0
|  25|0x0000000745600000, 0x0000000745600000, 0x0000000745800000|  0%| F|  |TAMS 0x0000000745600000| PB 0x0000000745600000| Untracked |  0
|  26|0x0000000745800000, 0x0000000745800000, 0x0000000745a00000|  0%| F|  |TAMS 0x0000000745800000| PB 0x0000000745800000| Untracked |  0
|  27|0x0000000745a00000, 0x0000000745a00000, 0x0000000745c00000|  0%| F|  |TAMS 0x0000000745a00000| PB 0x0000000745a00000| Untracked |  0
|  28|0x0000000745c00000, 0x0000000745c00000, 0x0000000745e00000|  0%| F|  |TAMS 0x0000000745c00000| PB 0x0000000745c00000| Untracked |  0
|  29|0x0000000745e00000, 0x0000000745e00000, 0x0000000746000000|  0%| F|  |TAMS 0x0000000745e00000| PB 0x0000000745e00000| Untracked |  0
|  30|0x0000000746000000, 0x0000000746000000, 0x0000000746200000|  0%| F|  |TAMS 0x0000000746000000| PB 0x0000000746000000| Untracked |  0
|  31|0x0000000746200000, 0x0000000746200000, 0x0000000746400000|  0%| F|  |TAMS 0x0000000746200000| PB 0x0000000746200000| Untracked |  0
|  32|0x0000000746400000, 0x0000000746400000, 0x0000000746600000|  0%| F|  |TAMS 0x0000000746400000| PB 0x0000000746400000| Untracked |  0
|  33|0x0000000746600000, 0x0000000746600000, 0x0000000746800000|  0%| F|  |TAMS 0x0000000746600000| PB 0x0000000746600000| Untracked |  0
|  34|0x0000000746800000, 0x0000000746800000, 0x0000000746a00000|  0%| F|  |TAMS 0x0000000746800000| PB 0x0000000746800000| Untracked |  0
|  35|0x0000000746a00000, 0x0000000746a00000, 0x0000000746c00000|  0%| F|  |TAMS 0x0000000746a00000| PB 0x0000000746a00000| Untracked |  0
|  36|0x0000000746c00000, 0x0000000746c00000, 0x0000000746e00000|  0%| F|  |TAMS 0x0000000746c00000| PB 0x0000000746c00000| Untracked |  0
|  37|0x0000000746e00000, 0x0000000746e00000, 0x0000000747000000|  0%| F|  |TAMS 0x0000000746e00000| PB 0x0000000746e00000| Untracked |  0
|  38|0x0000000747000000, 0x0000000747000000, 0x0000000747200000|  0%| F|  |TAMS 0x0000000747000000| PB 0x0000000747000000| Untracked |  0
|  39|0x0000000747200000, 0x0000000747200000, 0x0000000747400000|  0%| F|  |TAMS 0x0000000747200000| PB 0x0000000747200000| Untracked |  0
|  40|0x0000000747400000, 0x0000000747400000, 0x0000000747600000|  0%| F|  |TAMS 0x0000000747400000| PB 0x0000000747400000| Untracked |  0
|  41|0x0000000747600000, 0x0000000747600000, 0x0000000747800000|  0%| F|  |TAMS 0x0000000747600000| PB 0x0000000747600000| Untracked |  0
|  42|0x0000000747800000, 0x0000000747800000, 0x0000000747a00000|  0%| F|  |TAMS 0x0000000747800000| PB 0x0000000747800000| Untracked |  0
|  43|0x0000000747a00000, 0x0000000747a00000, 0x0000000747c00000|  0%| F|  |TAMS 0x0000000747a00000| PB 0x0000000747a00000| Untracked |  0
|  44|0x0000000747c00000, 0x0000000747c00000, 0x0000000747e00000|  0%| F|  |TAMS 0x0000000747c00000| PB 0x0000000747c00000| Untracked |  0
|  45|0x0000000747e00000, 0x0000000747e00000, 0x0000000748000000|  0%| F|  |TAMS 0x0000000747e00000| PB 0x0000000747e00000| Untracked |  0
|  46|0x0000000748000000, 0x0000000748000000, 0x0000000748200000|  0%| F|  |TAMS 0x0000000748000000| PB 0x0000000748000000| Untracked |  0
|  47|0x0000000748200000, 0x0000000748200000, 0x0000000748400000|  0%| F|  |TAMS 0x0000000748200000| PB 0x0000000748200000| Untracked |  0
|  48|0x0000000748400000, 0x0000000748400000, 0x0000000748600000|  0%| F|  |TAMS 0x0000000748400000| PB 0x0000000748400000| Untracked |  0
|  49|0x0000000748600000, 0x0000000748600000, 0x0000000748800000|  0%| F|  |TAMS 0x0000000748600000| PB 0x0000000748600000| Untracked |  0
|  50|0x0000000748800000, 0x0000000748800000, 0x0000000748a00000|  0%| F|  |TAMS 0x0000000748800000| PB 0x0000000748800000| Untracked |  0
|  51|0x0000000748a00000, 0x0000000748a00000, 0x0000000748c00000|  0%| F|  |TAMS 0x0000000748a00000| PB 0x0000000748a00000| Untracked |  0
|  52|0x0000000748c00000, 0x0000000748c00000, 0x0000000748e00000|  0%| F|  |TAMS 0x0000000748c00000| PB 0x0000000748c00000| Untracked |  0
|  53|0x0000000748e00000, 0x0000000748e00000, 0x0000000749000000|  0%| F|  |TAMS 0x0000000748e00000| PB 0x0000000748e00000| Untracked |  0
|  54|0x0000000749000000, 0x0000000749000000, 0x0000000749200000|  0%| F|  |TAMS 0x0000000749000000| PB 0x0000000749000000| Untracked |  0
|  55|0x0000000749200000, 0x0000000749200000, 0x0000000749400000|  0%| F|  |TAMS 0x0000000749200000| PB 0x0000000749200000| Untracked |  0
|  56|0x0000000749400000, 0x0000000749400000, 0x0000000749600000|  0%| F|  |TAMS 0x0000000749400000| PB 0x0000000749400000| Untracked |  0
|  57|0x0000000749600000, 0x0000000749600000, 0x0000000749800000|  0%| F|  |TAMS 0x0000000749600000| PB 0x0000000749600000| Untracked |  0
|  58|0x0000000749800000, 0x0000000749800000, 0x0000000749a00000|  0%| F|  |TAMS 0x0000000749800000| PB 0x0000000749800000| Untracked |  0
|  59|0x0000000749a00000, 0x0000000749a00000, 0x0000000749c00000|  0%| F|  |TAMS 0x0000000749a00000| PB 0x0000000749a00000| Untracked |  0
|  60|0x0000000749c00000, 0x0000000749c00000, 0x0000000749e00000|  0%| F|  |TAMS 0x0000000749c00000| PB 0x0000000749c00000| Untracked |  0
|  61|0x0000000749e00000, 0x0000000749e00000, 0x000000074a000000|  0%| F|  |TAMS 0x0000000749e00000| PB 0x0000000749e00000| Untracked |  0
|  62|0x000000074a000000, 0x000000074a000000, 0x000000074a200000|  0%| F|  |TAMS 0x000000074a000000| PB 0x000000074a000000| Untracked |  0
|  63|0x000000074a200000, 0x000000074a200000, 0x000000074a400000|  0%| F|  |TAMS 0x000000074a200000| PB 0x000000074a200000| Untracked |  0
|  64|0x000000074a400000, 0x000000074a400000, 0x000000074a600000|  0%| F|  |TAMS 0x000000074a400000| PB 0x000000074a400000| Untracked |  0
|  65|0x000000074a600000, 0x000000074a600000, 0x000000074a800000|  0%| F|  |TAMS 0x000000074a600000| PB 0x000000074a600000| Untracked |  0
|  66|0x000000074a800000, 0x000000074a800000, 0x000000074aa00000|  0%| F|  |TAMS 0x000000074a800000| PB 0x000000074a800000| Untracked |  0
|  67|0x000000074aa00000, 0x000000074aa00000, 0x000000074ac00000|  0%| F|  |TAMS 0x000000074aa00000| PB 0x000000074aa00000| Untracked |  0
|  68|0x000000074ac00000, 0x000000074ac00000, 0x000000074ae00000|  0%| F|  |TAMS 0x000000074ac00000| PB 0x000000074ac00000| Untracked |  0
|  69|0x000000074ae00000, 0x000000074ae00000, 0x000000074b000000|  0%| F|  |TAMS 0x000000074ae00000| PB 0x000000074ae00000| Untracked |  0
|  70|0x000000074b000000, 0x000000074b000000, 0x000000074b200000|  0%| F|  |TAMS 0x000000074b000000| PB 0x000000074b000000| Untracked |  0
|  71|0x000000074b200000, 0x000000074b200000, 0x000000074b400000|  0%| F|  |TAMS 0x000000074b200000| PB 0x000000074b200000| Untracked |  0
|  72|0x000000074b400000, 0x000000074b400000, 0x000000074b600000|  0%| F|  |TAMS 0x000000074b400000| PB 0x000000074b400000| Untracked |  0
|  73|0x000000074b600000, 0x000000074b600000, 0x000000074b800000|  0%| F|  |TAMS 0x000000074b600000| PB 0x000000074b600000| Untracked |  0
|  74|0x000000074b800000, 0x000000074b800000, 0x000000074ba00000|  0%| F|  |TAMS 0x000000074b800000| PB 0x000000074b800000| Untracked |  0
|  75|0x000000074ba00000, 0x000000074baac288, 0x000000074bc00000| 33%| E|  |TAMS 0x000000074ba00000| PB 0x000000074ba00000| Complete |  0
|  76|0x000000074bc00000, 0x000000074be00000, 0x000000074be00000|100%| E|CS|TAMS 0x000000074bc00000| PB 0x000000074bc00000| Complete |  0
|  77|0x000000074be00000, 0x000000074c000000, 0x000000074c000000|100%| E|CS|TAMS 0x000000074be00000| PB 0x000000074be00000| Complete |  0
|  78|0x000000074c000000, 0x000000074c200000, 0x000000074c200000|100%| E|CS|TAMS 0x000000074c000000| PB 0x000000074c000000| Complete |  0
|  79|0x000000074c200000, 0x000000074c400000, 0x000000074c400000|100%| E|CS|TAMS 0x000000074c200000| PB 0x000000074c200000| Complete |  0
|  80|0x000000074c400000, 0x000000074c600000, 0x000000074c600000|100%| E|CS|TAMS 0x000000074c400000| PB 0x000000074c400000| Complete |  0
|  81|0x000000074c600000, 0x000000074c750000, 0x000000074c800000| 65%| S|CS|TAMS 0x000000074c600000| PB 0x000000074c600000| Complete |  0
|  82|0x000000074c800000, 0x000000074ca00000, 0x000000074ca00000|100%| S|CS|TAMS 0x000000074c800000| PB 0x000000074c800000| Complete |  0
|  83|0x000000074ca00000, 0x000000074cc00000, 0x000000074cc00000|100%| E|CS|TAMS 0x000000074ca00000| PB 0x000000074ca00000| Complete |  0
|  84|0x000000074cc00000, 0x000000074ce00000, 0x000000074ce00000|100%| E|  |TAMS 0x000000074cc00000| PB 0x000000074cc00000| Complete |  0
|  85|0x000000074ce00000, 0x000000074d000000, 0x000000074d000000|100%| E|CS|TAMS 0x000000074ce00000| PB 0x000000074ce00000| Complete |  0
|  86|0x000000074d000000, 0x000000074d200000, 0x000000074d200000|100%| E|CS|TAMS 0x000000074d000000| PB 0x000000074d000000| Complete |  0
|  87|0x000000074d200000, 0x000000074d400000, 0x000000074d400000|100%| E|CS|TAMS 0x000000074d200000| PB 0x000000074d200000| Complete |  0
|  88|0x000000074d400000, 0x000000074d600000, 0x000000074d600000|100%| E|CS|TAMS 0x000000074d400000| PB 0x000000074d400000| Complete |  0
|  89|0x000000074d600000, 0x000000074d800000, 0x000000074d800000|100%| E|CS|TAMS 0x000000074d600000| PB 0x000000074d600000| Complete |  0
|  90|0x000000074d800000, 0x000000074da00000, 0x000000074da00000|100%| E|CS|TAMS 0x000000074d800000| PB 0x000000074d800000| Complete |  0
|  91|0x000000074da00000, 0x000000074dc00000, 0x000000074dc00000|100%| E|CS|TAMS 0x000000074da00000| PB 0x000000074da00000| Complete |  0
|  92|0x000000074dc00000, 0x000000074de00000, 0x000000074de00000|100%| E|CS|TAMS 0x000000074dc00000| PB 0x000000074dc00000| Complete |  0
|  93|0x000000074de00000, 0x000000074e000000, 0x000000074e000000|100%| E|CS|TAMS 0x000000074de00000| PB 0x000000074de00000| Complete |  0
|  94|0x000000074e000000, 0x000000074e200000, 0x000000074e200000|100%| E|CS|TAMS 0x000000074e000000| PB 0x000000074e000000| Complete |  0

Card table byte_map: [0x000001ee19c50000,0x000001ee1a240000] _byte_map_base: 0x000001ee1623e000

Marking Bits: (CMBitMap*) 0x000001ee02027780
 Bits: [0x000001ee1a240000, 0x000001ee1d1b0000)

Polling page: 0x000001ee017a0000

Metaspace:

Usage:
  Non-class:     10.87 MB used.
      Class:      1.62 MB used.
       Both:     12.48 MB used.

Virtual space:
  Non-class space:       64.00 MB reserved,      11.06 MB ( 17%) committed,  1 nodes.
      Class space:        1.00 GB reserved,       1.75 MB ( <1%) committed,  1 nodes.
             Both:        1.06 GB reserved,      12.81 MB (  1%) committed. 

Chunk freelists:
   Non-Class:  4.09 MB
       Class:  14.29 MB
        Both:  18.38 MB

MaxMetaspaceSize: unlimited
CompressedClassSpaceSize: 1.00 GB
Initial GC threshold: 21.00 MB
Current GC threshold: 21.00 MB
CDS: on
 - commit_granule_bytes: 65536.
 - commit_granule_words: 8192.
 - virtual_space_node_default_size: 8388608.
 - enlarge_chunks_in_place: 1.
 - use_allocation_guard: 0.


Internal statistics:

num_allocs_failed_limit: 0.
num_arena_births: 330.
num_arena_deaths: 0.
num_vsnodes_births: 2.
num_vsnodes_deaths: 0.
num_space_committed: 205.
num_space_uncommitted: 0.
num_chunks_returned_to_freelist: 0.
num_chunks_taken_from_freelist: 658.
num_chunk_merges: 0.
num_chunk_splits: 407.
num_chunks_enlarged: 229.
num_inconsistent_stats: 0.

CodeHeap 'non-profiled nmethods': size=120000Kb used=919Kb max_used=919Kb free=119080Kb
 bounds [0x000001ee11e00000, 0x000001ee12070000, 0x000001ee19330000]
CodeHeap 'profiled nmethods': size=120000Kb used=3705Kb max_used=3705Kb free=116294Kb
 bounds [0x000001ee0a330000, 0x000001ee0a6d0000, 0x000001ee11860000]
CodeHeap 'non-nmethods': size=5760Kb used=1661Kb max_used=1696Kb free=4098Kb
 bounds [0x000001ee11860000, 0x000001ee11ad0000, 0x000001ee11e00000]
 total_blobs=2821 nmethods=2121 adapters=604
 compilation: enabled
              stopped_count=0, restarted_count=0
 full_count=0

Compilation events (20 events):
Event: 0.908 Thread 0x000001ee1fbc82e0 nmethod 1865 0x000001ee11ebf110 code [0x000001ee11ebf2a0, 0x000001ee11ebf368]
Event: 0.908 Thread 0x000001ee1fbc82e0 1866       3       sun.util.locale.LocaleUtils::toLower (17 bytes)
Event: 0.908 Thread 0x000001ee1fbc82e0 nmethod 1866 0x000001ee0a627790 code [0x000001ee0a627940, 0x000001ee0a627b58]
Event: 0.908 Thread 0x000001ee1fbc82e0 1867       1       sun.util.locale.BaseLocale::getRegion (5 bytes)
Event: 0.908 Thread 0x000001ee1fbc82e0 nmethod 1867 0x000001ee11ebf410 code [0x000001ee11ebf5a0, 0x000001ee11ebf670]
Event: 0.908 Thread 0x000001ee1fbc82e0 1868       1       sun.util.locale.BaseLocale::getVariant (5 bytes)
Event: 0.908 Thread 0x000001ee1fbc82e0 nmethod 1868 0x000001ee11ebf710 code [0x000001ee11ebf8a0, 0x000001ee11ebf970]
Event: 0.908 Thread 0x000001ee1fbc82e0 1869       1       sun.util.locale.StringTokenIterator::current (5 bytes)
Event: 0.908 Thread 0x000001ee1fbc82e0 nmethod 1869 0x000001ee11ebfa10 code [0x000001ee11ebfba0, 0x000001ee11ebfc70]
Event: 0.908 Thread 0x000001ee1fbc82e0 1870       1       sun.util.locale.BaseLocale::getScript (5 bytes)
Event: 0.908 Thread 0x000001ee1fbc82e0 nmethod 1870 0x000001ee11ebfd10 code [0x000001ee11ebfea0, 0x000001ee11ebff70]
Event: 0.909 Thread 0x000001ee1fbc82e0 1871       3       sun.util.locale.BaseLocale::hashCode (67 bytes)
Event: 0.909 Thread 0x000001ee1fbc82e0 nmethod 1871 0x000001ee0a627c10 code [0x000001ee0a627de0, 0x000001ee0a628090]
Event: 0.909 Thread 0x000001ee1fbc82e0 1872       3       sun.util.locale.LocaleUtils::toLowerString (95 bytes)
Event: 0.910 Thread 0x000001ee1fbc82e0 nmethod 1872 0x000001ee0a628210 code [0x000001ee0a6284e0, 0x000001ee0a629590]
Event: 0.910 Thread 0x000001ee1fbc82e0 1873       3       sun.util.locale.LocaleUtils::isAlpha (30 bytes)
Event: 0.910 Thread 0x000001ee1fbc82e0 nmethod 1873 0x000001ee0a629c10 code [0x000001ee0a629da0, 0x000001ee0a629f70]
Event: 0.910 Thread 0x000001ee1fbc82e0 1874       1       sun.util.locale.BaseLocale$Key::hashCode (5 bytes)
Event: 0.910 Thread 0x000001ee1fbc82e0 nmethod 1874 0x000001ee11ec0010 code [0x000001ee11ec01a0, 0x000001ee11ec0268]
Event: 0.910 Thread 0x000001ee1fbc82e0 1875       1       sun.util.locale.StringTokenIterator::currentEnd (5 bytes)

GC Heap History (2 events):
Event: 0.476 GC heap before
{Heap before GC invocations=0 (full 0):
 garbage-first heap   total reserved 3108864K, committed 194560K, used 24576K [0x0000000742400000, 0x0000000800000000)
  region size 2048K, 12 young (24576K), 0 survivors (0K)
 Metaspace       used 6370K, committed 6592K, reserved 1114112K
  class space    used 715K, committed 832K, reserved 1048576K
}
Event: 0.482 GC heap after
{Heap after GC invocations=1 (full 0):
 garbage-first heap   total reserved 3108864K, committed 194560K, used 3392K [0x0000000742400000, 0x0000000800000000)
  region size 2048K, 2 young (4096K), 2 survivors (4096K)
 Metaspace       used 6370K, committed 6592K, reserved 1114112K
  class space    used 715K, committed 832K, reserved 1048576K
}

Dll operation events (20 events):
Event: 0.369 Loaded shared library C:\Users\ALAllaire\.openjfx\cache\23.0.1+4\amd64\api-ms-win-crt-heap-l1-1-0.dll
Event: 0.372 Loaded shared library C:\Users\ALAllaire\.openjfx\cache\23.0.1+4\amd64\api-ms-win-crt-locale-l1-1-0.dll
Event: 0.374 Loaded shared library C:\Users\ALAllaire\.openjfx\cache\23.0.1+4\amd64\api-ms-win-crt-math-l1-1-0.dll
Event: 0.376 Loaded shared library C:\Users\ALAllaire\.openjfx\cache\23.0.1+4\amd64\api-ms-win-crt-multibyte-l1-1-0.dll
Event: 0.379 Loaded shared library C:\Users\ALAllaire\.openjfx\cache\23.0.1+4\amd64\api-ms-win-crt-private-l1-1-0.dll
Event: 0.381 Loaded shared library C:\Users\ALAllaire\.openjfx\cache\23.0.1+4\amd64\api-ms-win-crt-process-l1-1-0.dll
Event: 0.384 Loaded shared library C:\Users\ALAllaire\.openjfx\cache\23.0.1+4\amd64\api-ms-win-crt-runtime-l1-1-0.dll
Event: 0.387 Loaded shared library C:\Users\ALAllaire\.openjfx\cache\23.0.1+4\amd64\api-ms-win-crt-stdio-l1-1-0.dll
Event: 0.389 Loaded shared library C:\Users\ALAllaire\.openjfx\cache\23.0.1+4\amd64\api-ms-win-crt-string-l1-1-0.dll
Event: 0.391 Loaded shared library C:\Users\ALAllaire\.openjfx\cache\23.0.1+4\amd64\api-ms-win-crt-time-l1-1-0.dll
Event: 0.393 Loaded shared library C:\Users\ALAllaire\.openjfx\cache\23.0.1+4\amd64\api-ms-win-crt-utility-l1-1-0.dll
Event: 0.408 Loaded shared library C:\Users\ALAllaire\.openjfx\cache\23.0.1+4\amd64\ucrtbase.dll
Event: 0.411 Loaded shared library C:\Users\ALAllaire\.openjfx\cache\23.0.1+4\amd64\vcruntime140.dll
Event: 0.413 Loaded shared library C:\Users\ALAllaire\.openjfx\cache\23.0.1+4\amd64\vcruntime140_1.dll
Event: 0.427 Loaded shared library C:\Users\ALAllaire\.openjfx\cache\23.0.1+4\amd64\msvcp140.dll
Event: 0.432 Loaded shared library C:\Users\ALAllaire\.openjfx\cache\23.0.1+4\amd64\msvcp140_1.dll
Event: 0.439 Loaded shared library C:\Users\ALAllaire\.openjfx\cache\23.0.1+4\amd64\msvcp140_2.dll
Event: 0.473 Loaded shared library C:\Users\ALAllaire\.openjfx\cache\23.0.1+4\amd64\prism_d3d.dll
Event: 0.502 Loaded shared library C:\Users\ALAllaire\.openjfx\cache\23.0.1+4\amd64\glass.dll
Event: 0.848 Loaded shared library C:\Users\ALAllaire\.openjfx\cache\23.0.1+4\amd64\javafx_font.dll

Deoptimization events (20 events):
Event: 0.790 Thread 0x000001ee65e1e850 DEOPT PACKING pc=0x000001ee11eb5fa0 sp=0x000000ee721fdc00
Event: 0.790 Thread 0x000001ee65e1e850 DEOPT UNPACKING pc=0x000001ee118b46a2 sp=0x000000ee721fdba8 mode 2
Event: 0.792 Thread 0x000001ee65e1e850 Uncommon trap: trap_request=0xffffff45 fr.pc=0x000001ee11eb3acc relative=0x000000000000022c
Event: 0.792 Thread 0x000001ee65e1e850 Uncommon trap: reason=unstable_if action=reinterpret pc=0x000001ee11eb3acc method=com.sun.javafx.image.impl.ByteBgra$ToByteBgraPreConv.doConvert([BII[BIIII)V @ 80 c2
Event: 0.792 Thread 0x000001ee65e1e850 DEOPT PACKING pc=0x000001ee11eb3acc sp=0x000000ee721fdea0
Event: 0.792 Thread 0x000001ee65e1e850 DEOPT UNPACKING pc=0x000001ee118b46a2 sp=0x000000ee721fde38 mode 2
Event: 0.794 Thread 0x000001ee65e1e850 DEOPT PACKING pc=0x000001ee0a5fe50b sp=0x000000ee721fdea0
Event: 0.794 Thread 0x000001ee65e1e850 DEOPT UNPACKING pc=0x000001ee118b4e42 sp=0x000000ee721fd330 mode 0
Event: 0.795 Thread 0x000001ee65e1e850 Uncommon trap: trap_request=0xffffff45 fr.pc=0x000001ee11eb8e2c relative=0x0000000000000c6c
Event: 0.795 Thread 0x000001ee65e1e850 Uncommon trap: reason=unstable_if action=reinterpret pc=0x000001ee11eb8e2c method=com.sun.javafx.image.impl.BaseByteToByteConverter$FourByteReorderer.doConvert([BII[BIIII)V @ 31 c2
Event: 0.795 Thread 0x000001ee65e1e850 DEOPT PACKING pc=0x000001ee11eb8e2c sp=0x000000ee721fde60
Event: 0.795 Thread 0x000001ee65e1e850 DEOPT UNPACKING pc=0x000001ee118b46a2 sp=0x000000ee721fde30 mode 2
Event: 0.804 Thread 0x000001ee65e1e850 DEOPT PACKING pc=0x000001ee0a6056d9 sp=0x000000ee721fdea0
Event: 0.804 Thread 0x000001ee65e1e850 DEOPT UNPACKING pc=0x000001ee118b4e42 sp=0x000000ee721fd330 mode 0
Event: 0.817 Thread 0x000001ee65e1e850 DEOPT PACKING pc=0x000001ee0a6056d9 sp=0x000000ee721fdea0
Event: 0.817 Thread 0x000001ee65e1e850 DEOPT UNPACKING pc=0x000001ee118b4e42 sp=0x000000ee721fd330 mode 0
Event: 0.880 Thread 0x000001ee65e1e850 Uncommon trap: trap_request=0xffffff45 fr.pc=0x000001ee11e66fcc relative=0x000000000000004c
Event: 0.880 Thread 0x000001ee65e1e850 Uncommon trap: reason=unstable_if action=reinterpret pc=0x000001ee11e66fcc method=java.lang.StringLatin1.canEncode(C)Z @ 4 c2
Event: 0.880 Thread 0x000001ee65e1e850 DEOPT PACKING pc=0x000001ee11e66fcc sp=0x000000ee721fbf50
Event: 0.880 Thread 0x000001ee65e1e850 DEOPT UNPACKING pc=0x000001ee118b46a2 sp=0x000000ee721fbed8 mode 2

Classes loaded (20 events):
Event: 0.887 Loading class sun/util/PropertyResourceBundleCharset
Event: 0.887 Loading class sun/util/PropertyResourceBundleCharset done
Event: 0.887 Loading class sun/util/PropertyResourceBundleCharset$PropertiesFileDecoder
Event: 0.887 Loading class sun/util/PropertyResourceBundleCharset$PropertiesFileDecoder done
Event: 0.887 Loading class java/util/ResourceBundle$BundleReference
Event: 0.887 Loading class java/util/ResourceBundle$BundleReference done
Event: 0.907 Loading class sun/util/locale/provider/LocaleServiceProviderPool$AllAvailableLocales
Event: 0.907 Loading class sun/util/locale/provider/LocaleServiceProviderPool$AllAvailableLocales done
Event: 0.907 Loading class sun/util/locale/provider/BreakIteratorProviderImpl
Event: 0.907 Loading class sun/util/locale/provider/BreakIteratorProviderImpl done
Event: 0.909 Loading class sun/util/locale/provider/JRELocaleConstants
Event: 0.909 Loading class sun/util/locale/provider/JRELocaleConstants done
Event: 0.909 Loading class sun/util/locale/LocaleExtensions
Event: 0.909 Loading class sun/util/locale/LocaleExtensions done
Event: 0.909 Loading class sun/util/locale/UnicodeLocaleExtension
Event: 0.909 Loading class sun/util/locale/Extension
Event: 0.909 Loading class sun/util/locale/Extension done
Event: 0.909 Loading class sun/util/locale/UnicodeLocaleExtension done
Event: 0.910 Loading class java/util/Locale$LocaleKey
Event: 0.910 Loading class java/util/Locale$LocaleKey done

Classes unloaded (0 events):
No events

Classes redefined (0 events):
No events

Internal exceptions (20 events):
Event: 0.494 Thread 0x000001ee1fbaff70 Exception <a 'java/lang/ClassNotFoundException'{0x000000074e02ad88}: javax/management/remote/rmi/RMIServerImpl_Skel> (0x000000074e02ad88) 
thrown [s\open\src\hotspot\share\classfile\systemDictionary.cpp, line 313]
Event: 0.504 Thread 0x000001ee1fbaff70 Exception <a 'java/lang/NoSuchMethodError'{0x000000074e046890}: 'long java.lang.invoke.DirectMethodHandle$Holder.invokeSpecial(java.lang.Object, java.lang.Object)'> (0x000000074e046890) 
thrown [s\open\src\hotspot\share\interpreter\linkResolver.cpp, line 774]
Event: 0.504 Thread 0x000001ee1fbaff70 Exception <a 'java/lang/NoSuchMethodError'{0x000000074e049f68}: 'long java.lang.invoke.Invokers$Holder.invokeExact_MT(java.lang.Object, java.lang.Object)'> (0x000000074e049f68) 
thrown [s\open\src\hotspot\share\interpreter\linkResolver.cpp, line 774]
Event: 0.505 Thread 0x000001ee7fe43b00 Exception <a 'java/lang/NoSuchMethodError'{0x000000074de79a40}: 'java.lang.Object java.lang.invoke.DirectMethodHandle$Holder.newInvokeSpecial(java.lang.Object, java.lang.Object, int, java.lang.Object)'> (0x000000074de79a40) 
thrown [s\open\src\hotspot\share\interpreter\linkResolver.cpp, line 774]
Event: 0.506 Thread 0x000001ee7fe43b00 Exception <a 'java/lang/NoSuchMethodError'{0x000000074de7dc78}: 'java.lang.Object java.lang.invoke.DirectMethodHandle$Holder.invokeSpecial(java.lang.Object, java.lang.Object, java.lang.Object, int, java.lang.Object)'> (0x000000074de7dc78) 
thrown [s\open\src\hotspot\share\interpreter\linkResolver.cpp, line 774]
Event: 0.524 Thread 0x000001ee65e36f60 Exception <a 'sun/nio/fs/WindowsException'{0x000000074dfa2138}> (0x000000074dfa2138) 
thrown [s\open\src\hotspot\share\prims\jni.cpp, line 520]
Event: 0.531 Thread 0x000001ee65e36f60 Exception <a 'java/lang/NoSuchMethodError'{0x000000074dfbf5b8}: static [B.<clinit>()V> (0x000000074dfbf5b8) 
thrown [s\open\src\hotspot\share\prims\jni.cpp, line 1111]
Event: 0.540 Thread 0x000001ee65e36f60 Exception <a 'java/lang/ClassNotFoundException'{0x000000074dc60a50}: javax/management/remote/rmi/RMIConnectionImpl_Skel> (0x000000074dc60a50) 
thrown [s\open\src\hotspot\share\classfile\systemDictionary.cpp, line 313]
Event: 0.541 Thread 0x000001ee65edc4f0 Exception <a 'java/lang/NoSuchMethodError'{0x000000074dd1c808}: 'java.lang.Object java.lang.invoke.Invokers$Holder.linkToTargetMethod(java.lang.Object, long, java.lang.Object)'> (0x000000074dd1c808) 
thrown [s\open\src\hotspot\share\interpreter\linkResolver.cpp, line 774]
Event: 0.550 Thread 0x000001ee65e36f60 Exception <a 'java/lang/NoSuchMethodError'{0x000000074da209c8}: 'int java.lang.invoke.DelegatingMethodHandle$Holder.reinvoke_L(java.lang.Object, java.lang.Object, java.lang.Object, java.lang.Object, java.lang.Object)'> (0x000000074da209c8) 
thrown [s\open\src\hotspot\share\interpreter\linkResolver.cpp, line 774]
Event: 0.554 Thread 0x000001ee65e36f60 Exception <a 'java/lang/NoSuchMethodError'{0x000000074da65660}: 'java.lang.Object java.lang.invoke.DirectMethodHandle$Holder.invokeInterface(java.lang.Object, java.lang.Object, java.lang.Object, java.lang.Object, java.lang.Object)'> (0x000000074da65660) 
thrown [s\open\src\hotspot\share\interpreter\linkResolver.cpp, line 774]
Event: 0.558 Thread 0x000001ee65e36f60 Exception <a 'java/lang/NoSuchMethodError'{0x000000074dae0600}: 'double java.lang.invoke.DirectMethodHandle$Holder.invokeInterface(java.lang.Object, java.lang.Object)'> (0x000000074dae0600) 
thrown [s\open\src\hotspot\share\interpreter\linkResolver.cpp, line 774]
Event: 0.558 Thread 0x000001ee65e36f60 Exception <a 'java/lang/NoSuchMethodError'{0x000000074dae7fa0}: 'double java.lang.invoke.DelegatingMethodHandle$Holder.reinvoke_L(java.lang.Object, java.lang.Object)'> (0x000000074dae7fa0) 
thrown [s\open\src\hotspot\share\interpreter\linkResolver.cpp, line 774]
Event: 0.566 Thread 0x000001ee65e1e850 Exception <a 'java/lang/NoSuchMethodError'{0x000000074dba8ae0}: 'void java.lang.invoke.DirectMethodHandle$Holder.invokeStaticInit(java.lang.Object)'> (0x000000074dba8ae0) 
thrown [s\open\src\hotspot\share\interpreter\linkResolver.cpp, line 774]
Event: 0.569 Thread 0x000001ee7fe43b00 Exception <a 'java/lang/NoSuchMethodError'{0x000000074de8da38}: 'java.lang.Object java.lang.invoke.DirectMethodHandle$Holder.newInvokeSpecial(java.lang.Object, java.lang.Object, java.lang.Object, java.lang.Object, java.lang.Object, java.lang.Object)'> (0x000000074de8da38) 
thrown [s\open\src\hotspot\share\interpreter\linkResolver.cpp, line 774]
Event: 0.584 Thread 0x000001ee7fe43b00 Exception <a 'java/lang/NoSuchMethodError'{0x000000074d8fa290}: 'java.lang.Object java.lang.invoke.DirectMethodHandle$Holder.newInvokeSpecial(java.lang.Object, java.lang.Object, java.lang.Object, java.lang.Object, java.lang.Object)'> (0x000000074d8fa290) 
thrown [s\open\src\hotspot\share\interpreter\linkResolver.cpp, line 774]
Event: 0.626 Thread 0x000001ee65e1e850 Exception <a 'java/lang/NoSuchMethodError'{0x000000074d538958}: 'java.lang.Object java.lang.invoke.DirectMethodHandle$Holder.invokeStaticInit(java.lang.Object, java.lang.Object, java.lang.Object, java.lang.Object)'> (0x000000074d538958) 
thrown [s\open\src\hotspot\share\interpreter\linkResolver.cpp, line 774]
Event: 0.627 Thread 0x000001ee65e1e850 Exception <a 'java/lang/NullPointerException'{0x000000074d545100}> (0x000000074d545100) 
thrown [s\open\src\hotspot\share\interpreter\linkResolver.cpp, line 1374]
Event: 0.883 Thread 0x000001ee65e36f60 Exception <a 'java/lang/NoSuchMethodError'{0x000000074cadbaa8}: 'long java.lang.invoke.DirectMethodHandle$Holder.invokeVirtual(java.lang.Object, java.lang.Object)'> (0x000000074cadbaa8) 
thrown [s\open\src\hotspot\share\interpreter\linkResolver.cpp, line 774]
Event: 0.884 Thread 0x000001ee65e36f60 Exception <a 'java/lang/NoSuchMethodError'{0x000000074cadf088}: 'long java.lang.invoke.DelegatingMethodHandle$Holder.reinvoke_L(java.lang.Object, java.lang.Object)'> (0x000000074cadf088) 
thrown [s\open\src\hotspot\share\interpreter\linkResolver.cpp, line 774]

ZGC Phase Switch (0 events):
No events

VM Operations (18 events):
Event: 0.150 Executing VM operation: HandshakeAllThreads (Deoptimize)
Event: 0.150 Executing VM operation: HandshakeAllThreads (Deoptimize) done
Event: 0.150 Executing VM operation: HandshakeAllThreads (Deoptimize)
Event: 0.150 Executing VM operation: HandshakeAllThreads (Deoptimize) done
Event: 0.281 Executing VM operation: HandshakeAllThreads (Deoptimize)
Event: 0.281 Executing VM operation: HandshakeAllThreads (Deoptimize) done
Event: 0.357 Executing VM operation: ICBufferFull
Event: 0.357 Executing VM operation: ICBufferFull done
Event: 0.452 Executing VM operation: HandshakeAllThreads (Deoptimize)
Event: 0.452 Executing VM operation: HandshakeAllThreads (Deoptimize) done
Event: 0.463 Executing VM operation: HandshakeAllThreads (Deoptimize)
Event: 0.463 Executing VM operation: HandshakeAllThreads (Deoptimize) done
Event: 0.476 Executing VM operation: G1CollectForAllocation (G1 Evacuation Pause)
Event: 0.482 Executing VM operation: G1CollectForAllocation (G1 Evacuation Pause) done
Event: 0.495 Executing VM operation: HandshakeAllThreads (Deoptimize)
Event: 0.495 Executing VM operation: HandshakeAllThreads (Deoptimize) done
Event: 0.539 Executing VM operation: HandshakeAllThreads (Deoptimize)
Event: 0.539 Executing VM operation: HandshakeAllThreads (Deoptimize) done

Memory protections (0 events):
No events

Nmethod flushes (0 events):
No events

Events (20 events):
Event: 0.032 Thread 0x000001ee7fe43b00 Thread added: 0x000001ee1fbad250
Event: 0.032 Thread 0x000001ee7fe43b00 Thread added: 0x000001ee1fbaff70
Event: 0.032 Thread 0x000001ee7fe43b00 Thread added: 0x000001ee1fbb89e0
Event: 0.032 Thread 0x000001ee7fe43b00 Thread added: 0x000001ee1fbc0500
Event: 0.032 Thread 0x000001ee7fe43b00 Thread added: 0x000001ee1fbc5c10
Event: 0.032 Thread 0x000001ee7fe43b00 Thread added: 0x000001ee1fbc82e0
Event: 0.058 Thread 0x000001ee7fe43b00 Thread added: 0x000001ee1fb7a1b0
Event: 0.095 Thread 0x000001ee1fbc82e0 Thread added: 0x000001ee651a87a0
Event: 0.103 Thread 0x000001ee1fbc82e0 Thread added: 0x000001ee6518aa80
Event: 0.178 Thread 0x000001ee7fe43b00 Thread added: 0x000001ee65a80ef0
Event: 0.178 Thread 0x000001ee7fe43b00 Thread added: 0x000001ee658ee260
Event: 0.465 Thread 0x000001ee7fe43b00 Thread added: 0x000001ee662131e0
Event: 0.500 Thread 0x000001ee1fbaff70 Thread added: 0x000001ee65f33a50
Event: 0.504 Thread 0x000001ee7fe43b00 Thread added: 0x000001ee65e81c60
Event: 0.507 Thread 0x000001ee7fe43b00 Thread added: 0x000001ee65e1e850
Event: 0.514 Thread 0x000001ee65f33a50 Thread added: 0x000001ee65e36f60
Event: 0.530 Thread 0x000001ee65e36f60 Thread added: 0x000001ee661e9c90
Event: 0.537 Thread 0x000001ee65e36f60 Thread added: 0x000001ee65edc4f0
Event: 0.584 Thread 0x000001ee7fe43b00 Thread added: 0x000001ee663bc710
Event: 0.587 Thread 0x000001ee663bb9f0 Thread added: 0x000001ee663bb9f0


Dynamic libraries:
0x00007ff78aba0000 - 0x00007ff78abb0000 	C:\Program Files\Java\jdk-22\bin\java.exe
0x00007ffa29830000 - 0x00007ffa29a28000 	C:\Windows\SYSTEM32\ntdll.dll
0x00007ffa27d70000 - 0x00007ffa27e32000 	C:\Windows\System32\KERNEL32.DLL
0x00007ffa27190000 - 0x00007ffa2748f000 	C:\Windows\System32\KERNELBASE.dll
0x00007ffa27600000 - 0x00007ffa27700000 	C:\Windows\System32\ucrtbase.dll
0x00007ffa21040000 - 0x00007ffa2105b000 	C:\Program Files\Java\jdk-22\bin\VCRUNTIME140.dll
0x00007ffa21020000 - 0x00007ffa21037000 	C:\Program Files\Java\jdk-22\bin\jli.dll
0x00007ffa27f90000 - 0x00007ffa2812d000 	C:\Windows\System32\USER32.dll
0x00007ffa275d0000 - 0x00007ffa275f2000 	C:\Windows\System32\win32u.dll
0x00007ffa119d0000 - 0x00007ffa11c6a000 	C:\Windows\WinSxS\amd64_microsoft.windows.common-controls_6595b64144ccf1df_6.0.19041.4355_none_60b8b9eb71f62e16\COMCTL32.dll
0x00007ffa27ba0000 - 0x00007ffa27bcb000 	C:\Windows\System32\GDI32.dll
0x00007ffa27ee0000 - 0x00007ffa27f7e000 	C:\Windows\System32\msvcrt.dll
0x00007ffa27700000 - 0x00007ffa2781a000 	C:\Windows\System32\gdi32full.dll
0x00007ffa26f20000 - 0x00007ffa26fbd000 	C:\Windows\System32\msvcp_win.dll
0x00007ffa28940000 - 0x00007ffa2896f000 	C:\Windows\System32\IMM32.DLL
0x00007ffa211d0000 - 0x00007ffa211dc000 	C:\Program Files\Java\jdk-22\bin\vcruntime140_1.dll
0x00007ffa20730000 - 0x00007ffa207be000 	C:\Program Files\Java\jdk-22\bin\msvcp140.dll
0x00007ff9f0ad0000 - 0x00007ff9f1819000 	C:\Program Files\Java\jdk-22\bin\server\jvm.dll
0x00007ffa27af0000 - 0x00007ffa27b9f000 	C:\Windows\System32\ADVAPI32.dll
0x00007ffa27e40000 - 0x00007ffa27edf000 	C:\Windows\System32\sechost.dll
0x00007ffa296c0000 - 0x00007ffa297e3000 	C:\Windows\System32\RPCRT4.dll
0x00007ffa27820000 - 0x00007ffa27847000 	C:\Windows\System32\bcrypt.dll
0x00007ffa282e0000 - 0x00007ffa2834b000 	C:\Windows\System32\WS2_32.dll
0x00007ffa26d30000 - 0x00007ffa26d7b000 	C:\Windows\SYSTEM32\POWRPROF.dll
0x00007ffa11990000 - 0x00007ffa119b7000 	C:\Windows\SYSTEM32\WINMM.dll
0x00007ffa22cb0000 - 0x00007ffa22cba000 	C:\Windows\SYSTEM32\VERSION.dll
0x00007ffa26d10000 - 0x00007ffa26d22000 	C:\Windows\SYSTEM32\UMPDC.dll
0x00007ffa25530000 - 0x00007ffa25542000 	C:\Windows\SYSTEM32\kernel.appcore.dll
0x00007ffa21010000 - 0x00007ffa2101a000 	C:\Program Files\Java\jdk-22\bin\jimage.dll
0x00007ffa25270000 - 0x00007ffa25454000 	C:\Windows\SYSTEM32\DBGHELP.DLL
0x00007ffa026c0000 - 0x00007ffa026f4000 	C:\Windows\SYSTEM32\dbgcore.DLL
0x00007ffa27540000 - 0x00007ffa275c2000 	C:\Windows\System32\bcryptPrimitives.dll
0x00007ffa20f10000 - 0x00007ffa20f1f000 	C:\Program Files\Java\jdk-22\bin\instrument.dll
0x00007ffa20710000 - 0x00007ffa2072e000 	C:\Program Files\Java\jdk-22\bin\java.dll
0x00007ffa28ce0000 - 0x00007ffa2944d000 	C:\Windows\System32\SHELL32.dll
0x00007ffa294b0000 - 0x00007ffa295db000 	C:\Windows\System32\ole32.dll
0x00007ffa28970000 - 0x00007ffa28cc5000 	C:\Windows\System32\combase.dll
0x00007ffa24ac0000 - 0x00007ffa25264000 	C:\Windows\SYSTEM32\windows.storage.dll
0x00007ffa26830000 - 0x00007ffa2685b000 	C:\Windows\SYSTEM32\Wldp.dll
0x00007ffa27850000 - 0x00007ffa2791d000 	C:\Windows\System32\OLEAUT32.dll
0x00007ffa283b0000 - 0x00007ffa2845d000 	C:\Windows\System32\SHCORE.dll
0x00007ffa29660000 - 0x00007ffa296b5000 	C:\Windows\System32\shlwapi.dll
0x00007ffa26e00000 - 0x00007ffa26e25000 	C:\Windows\SYSTEM32\profapi.dll
0x00007ffa03520000 - 0x00007ffa035f7000 	C:\Program Files\Java\jdk-22\bin\jsvml.dll
0x00007ffa20700000 - 0x00007ffa20710000 	C:\Program Files\Java\jdk-22\bin\net.dll
0x00007ffa26590000 - 0x00007ffa265fc000 	C:\Windows\system32\mswsock.dll
0x00007ffa200d0000 - 0x00007ffa200e6000 	C:\Program Files\Java\jdk-22\bin\nio.dll
0x00007ffa1e9e0000 - 0x00007ffa1e9f7000 	C:\Program Files\Java\jdk-22\bin\zip.dll
0x00007ffa262b0000 - 0x00007ffa2637a000 	C:\Windows\SYSTEM32\DNSAPI.dll
0x00007ffa26270000 - 0x00007ffa262ab000 	C:\Windows\SYSTEM32\IPHLPAPI.DLL
0x00007ffa27f80000 - 0x00007ffa27f88000 	C:\Windows\System32\NSI.dll
0x0000000067070000 - 0x0000000067096000 	C:\Program Files\Bonjour\mdnsNSP.dll
0x00007ffa1d8e0000 - 0x00007ffa1d8ea000 	C:\Windows\System32\rasadhlp.dll
0x00007ffa22e00000 - 0x00007ffa22e80000 	C:\Windows\System32\fwpuclnt.dll
0x00007ffa206f0000 - 0x00007ffa206fa000 	C:\Program Files\Java\jdk-22\bin\management.dll
0x000001ee01f90000 - 0x000001ee01f93000 	C:\Users\ALAllaire\.openjfx\cache\23.0.1+4\amd64\api-ms-win-core-console-l1-1-0.dll
0x000001ee1fd60000 - 0x000001ee1fd63000 	C:\Users\ALAllaire\.openjfx\cache\23.0.1+4\amd64\api-ms-win-core-console-l1-2-0.dll
0x00007ffa1e5c0000 - 0x00007ffa1e5cb000 	C:\Program Files\Java\jdk-22\bin\management_ext.dll
0x00007ffa27d60000 - 0x00007ffa27d68000 	C:\Windows\System32\PSAPI.DLL
0x000001ee1fd70000 - 0x000001ee1fd73000 	C:\Users\ALAllaire\.openjfx\cache\23.0.1+4\amd64\api-ms-win-core-datetime-l1-1-0.dll
0x000001ee1fd80000 - 0x000001ee1fd83000 	C:\Users\ALAllaire\.openjfx\cache\23.0.1+4\amd64\api-ms-win-core-debug-l1-1-0.dll
0x000001ee1fd90000 - 0x000001ee1fd93000 	C:\Users\ALAllaire\.openjfx\cache\23.0.1+4\amd64\api-ms-win-core-errorhandling-l1-1-0.dll
0x000001ee1fda0000 - 0x000001ee1fda4000 	C:\Users\ALAllaire\.openjfx\cache\23.0.1+4\amd64\api-ms-win-core-file-l1-1-0.dll
0x000001ee1fdb0000 - 0x000001ee1fdb3000 	C:\Users\ALAllaire\.openjfx\cache\23.0.1+4\amd64\api-ms-win-core-file-l1-2-0.dll
0x000001ee1fdc0000 - 0x000001ee1fdc3000 	C:\Users\ALAllaire\.openjfx\cache\23.0.1+4\amd64\api-ms-win-core-file-l2-1-0.dll
0x000001ee1fdd0000 - 0x000001ee1fdd3000 	C:\Users\ALAllaire\.openjfx\cache\23.0.1+4\amd64\api-ms-win-core-handle-l1-1-0.dll
0x000001ee1fde0000 - 0x000001ee1fde3000 	C:\Users\ALAllaire\.openjfx\cache\23.0.1+4\amd64\api-ms-win-core-heap-l1-1-0.dll
0x000001ee1fdf0000 - 0x000001ee1fdf3000 	C:\Users\ALAllaire\.openjfx\cache\23.0.1+4\amd64\api-ms-win-core-interlocked-l1-1-0.dll
0x000001ee1fe00000 - 0x000001ee1fe03000 	C:\Users\ALAllaire\.openjfx\cache\23.0.1+4\amd64\api-ms-win-core-libraryloader-l1-1-0.dll
0x000001ee1fe10000 - 0x000001ee1fe13000 	C:\Users\ALAllaire\.openjfx\cache\23.0.1+4\amd64\api-ms-win-core-localization-l1-2-0.dll
0x000001ee1fe20000 - 0x000001ee1fe23000 	C:\Users\ALAllaire\.openjfx\cache\23.0.1+4\amd64\api-ms-win-core-memory-l1-1-0.dll
0x000001ee1fe30000 - 0x000001ee1fe33000 	C:\Users\ALAllaire\.openjfx\cache\23.0.1+4\amd64\api-ms-win-core-namedpipe-l1-1-0.dll
0x000001ee1fe40000 - 0x000001ee1fe43000 	C:\Users\ALAllaire\.openjfx\cache\23.0.1+4\amd64\api-ms-win-core-processenvironment-l1-1-0.dll
0x000001ee1fe50000 - 0x000001ee1fe53000 	C:\Users\ALAllaire\.openjfx\cache\23.0.1+4\amd64\api-ms-win-core-processthreads-l1-1-0.dll
0x000001ee1fe60000 - 0x000001ee1fe63000 	C:\Users\ALAllaire\.openjfx\cache\23.0.1+4\amd64\api-ms-win-core-processthreads-l1-1-1.dll
0x000001ee1fe70000 - 0x000001ee1fe73000 	C:\Users\ALAllaire\.openjfx\cache\23.0.1+4\amd64\api-ms-win-core-profile-l1-1-0.dll
0x000001ee1fe80000 - 0x000001ee1fe83000 	C:\Users\ALAllaire\.openjfx\cache\23.0.1+4\amd64\api-ms-win-core-rtlsupport-l1-1-0.dll
0x000001ee1fe90000 - 0x000001ee1fe93000 	C:\Users\ALAllaire\.openjfx\cache\23.0.1+4\amd64\api-ms-win-core-string-l1-1-0.dll
0x000001ee1fea0000 - 0x000001ee1fea3000 	C:\Users\ALAllaire\.openjfx\cache\23.0.1+4\amd64\api-ms-win-core-synch-l1-1-0.dll
0x000001ee1feb0000 - 0x000001ee1feb3000 	C:\Users\ALAllaire\.openjfx\cache\23.0.1+4\amd64\api-ms-win-core-synch-l1-2-0.dll
0x000001ee1fec0000 - 0x000001ee1fec3000 	C:\Users\ALAllaire\.openjfx\cache\23.0.1+4\amd64\api-ms-win-core-sysinfo-l1-1-0.dll
0x000001ee1fee0000 - 0x000001ee1fee3000 	C:\Users\ALAllaire\.openjfx\cache\23.0.1+4\amd64\api-ms-win-core-timezone-l1-1-0.dll
0x000001ee1fef0000 - 0x000001ee1fef3000 	C:\Users\ALAllaire\.openjfx\cache\23.0.1+4\amd64\api-ms-win-core-util-l1-1-0.dll
0x000001ee1ff00000 - 0x000001ee1ff03000 	C:\Users\ALAllaire\.openjfx\cache\23.0.1+4\amd64\api-ms-win-crt-conio-l1-1-0.dll
0x000001ee1ff10000 - 0x000001ee1ff14000 	C:\Users\ALAllaire\.openjfx\cache\23.0.1+4\amd64\api-ms-win-crt-convert-l1-1-0.dll
0x000001ee1ff20000 - 0x000001ee1ff23000 	C:\Users\ALAllaire\.openjfx\cache\23.0.1+4\amd64\api-ms-win-crt-environment-l1-1-0.dll
0x000001ee1ff30000 - 0x000001ee1ff33000 	C:\Users\ALAllaire\.openjfx\cache\23.0.1+4\amd64\api-ms-win-crt-filesystem-l1-1-0.dll
0x000001ee1ff40000 - 0x000001ee1ff43000 	C:\Users\ALAllaire\.openjfx\cache\23.0.1+4\amd64\api-ms-win-crt-heap-l1-1-0.dll
0x000001ee1ff50000 - 0x000001ee1ff53000 	C:\Users\ALAllaire\.openjfx\cache\23.0.1+4\amd64\api-ms-win-crt-locale-l1-1-0.dll
0x000001ee1ff60000 - 0x000001ee1ff65000 	C:\Users\ALAllaire\.openjfx\cache\23.0.1+4\amd64\api-ms-win-crt-math-l1-1-0.dll
0x000001ee1ff70000 - 0x000001ee1ff75000 	C:\Users\ALAllaire\.openjfx\cache\23.0.1+4\amd64\api-ms-win-crt-multibyte-l1-1-0.dll
0x000001ee1ff80000 - 0x000001ee1ff90000 	C:\Users\ALAllaire\.openjfx\cache\23.0.1+4\amd64\api-ms-win-crt-private-l1-1-0.dll
0x000001ee1ff90000 - 0x000001ee1ff93000 	C:\Users\ALAllaire\.openjfx\cache\23.0.1+4\amd64\api-ms-win-crt-process-l1-1-0.dll
0x000001ee1ffa0000 - 0x000001ee1ffa4000 	C:\Users\ALAllaire\.openjfx\cache\23.0.1+4\amd64\api-ms-win-crt-runtime-l1-1-0.dll
0x000001ee1ffb0000 - 0x000001ee1ffb4000 	C:\Users\ALAllaire\.openjfx\cache\23.0.1+4\amd64\api-ms-win-crt-stdio-l1-1-0.dll
0x000001ee1ffc0000 - 0x000001ee1ffc4000 	C:\Users\ALAllaire\.openjfx\cache\23.0.1+4\amd64\api-ms-win-crt-string-l1-1-0.dll
0x000001ee1ffd0000 - 0x000001ee1ffd3000 	C:\Users\ALAllaire\.openjfx\cache\23.0.1+4\amd64\api-ms-win-crt-time-l1-1-0.dll
0x000001ee1ffe0000 - 0x000001ee1ffe3000 	C:\Users\ALAllaire\.openjfx\cache\23.0.1+4\amd64\api-ms-win-crt-utility-l1-1-0.dll
0x00007ff9fcbe0000 - 0x00007ff9fccdc000 	C:\Users\ALAllaire\.openjfx\cache\23.0.1+4\amd64\ucrtbase.dll
0x00007ffa1c290000 - 0x00007ffa1c2ab000 	C:\Users\ALAllaire\.openjfx\cache\23.0.1+4\amd64\vcruntime140.dll
0x00007ffa1d520000 - 0x00007ffa1d52c000 	C:\Users\ALAllaire\.openjfx\cache\23.0.1+4\amd64\vcruntime140_1.dll
0x00007ff9fc9d0000 - 0x00007ff9fca5e000 	C:\Users\ALAllaire\.openjfx\cache\23.0.1+4\amd64\msvcp140.dll
0x00007ffa1c430000 - 0x00007ffa1c439000 	C:\Users\ALAllaire\.openjfx\cache\23.0.1+4\amd64\msvcp140_1.dll
0x00007ffa0d1d0000 - 0x00007ffa0d211000 	C:\Users\ALAllaire\.openjfx\cache\23.0.1+4\amd64\msvcp140_2.dll
0x00007ffa26790000 - 0x00007ffa267a8000 	C:\Windows\SYSTEM32\CRYPTSP.dll
0x00007ffa25eb0000 - 0x00007ffa25ee8000 	C:\Windows\system32\rsaenh.dll
0x00007ffa26dc0000 - 0x00007ffa26dee000 	C:\Windows\SYSTEM32\USERENV.dll
0x00007ffa26780000 - 0x00007ffa2678c000 	C:\Windows\SYSTEM32\CRYPTBASE.dll
0x00007ffa0d8f0000 - 0x00007ffa0d920000 	C:\Users\ALAllaire\.openjfx\cache\23.0.1+4\amd64\prism_d3d.dll
0x00007ff9dd040000 - 0x00007ff9dd211000 	C:\Windows\system32\d3d9.dll
0x00007ffa24710000 - 0x00007ffa2473f000 	C:\Windows\SYSTEM32\dwmapi.dll
0x00007ffa24330000 - 0x00007ffa243ce000 	C:\Windows\system32\uxtheme.dll
0x00007ff9fc860000 - 0x00007ff9fc9c5000 	C:\Windows\System32\DriverStore\FileRepository\iigd_dch.inf_amd64_22c2c7607995c1e1\igdumdim64.dll
0x00007ff9e3eb0000 - 0x00007ff9e7ad1000 	C:\Windows\System32\DriverStore\FileRepository\iigd_dch.inf_amd64_22c2c7607995c1e1\igd9dxva64.dll
0x00007ffa28460000 - 0x00007ffa288d1000 	C:\Windows\System32\SETUPAPI.dll
0x00007ffa26ed0000 - 0x00007ffa26f1e000 	C:\Windows\System32\cfgmgr32.dll
0x00007ffa1a0e0000 - 0x00007ffa1a4ad000 	C:\Windows\System32\DriverStore\FileRepository\iigd_dch.inf_amd64_22c2c7607995c1e1\igdgmm64.dll
0x00007ffa1d580000 - 0x00007ffa1d597000 	C:\Windows\system32\napinsp.dll
0x00007ffa1d7c0000 - 0x00007ffa1d7db000 	C:\Windows\system32\pnrpnsp.dll
0x00007ffa23110000 - 0x00007ffa23125000 	C:\Windows\system32\wshbth.dll
0x00007ffa20e40000 - 0x00007ffa20e5d000 	C:\Windows\system32\NLAapi.dll
0x00007ffa1da80000 - 0x00007ffa1da92000 	C:\Windows\System32\winrnr.dll
0x00007ffa0c660000 - 0x00007ffa0c6a5000 	C:\Users\ALAllaire\.openjfx\cache\23.0.1+4\amd64\glass.dll
0x00007ffa27c80000 - 0x00007ffa27d5a000 	C:\Windows\System32\COMDLG32.dll
0x00007ffa279d0000 - 0x00007ffa27ae5000 	C:\Windows\System32\MSCTF.dll
0x00007ffa011d0000 - 0x00007ffa011f7000 	C:\Windows\System32\DriverStore\FileRepository\iigd_dch.inf_amd64_22c2c7607995c1e1\igdinfo64.dll
0x00007ffa12fe0000 - 0x00007ffa15d27000 	C:\Windows\System32\DriverStore\FileRepository\iigd_dch.inf_amd64_22c2c7607995c1e1\igc64.dll
0x00007ffa21ee0000 - 0x00007ffa21f1b000 	C:\Windows\SYSTEM32\dxcore.dll

dbghelp: loaded successfully - version: 4.0.5 - missing functions: none
symbol engine: initialized successfully - sym options: 0x614 - pdb path: .;C:\Program Files\Java\jdk-22\bin;C:\Windows\SYSTEM32;C:\Windows\WinSxS\amd64_microsoft.windows.common-controls_6595b64144ccf1df_6.0.19041.4355_none_60b8b9eb71f62e16;C:\Program Files\Java\jdk-22\bin\server;C:\Program Files\Bonjour;C:\Users\ALAllaire\.openjfx\cache\23.0.1+4\amd64;C:\Windows\System32\DriverStore\FileRepository\iigd_dch.inf_amd64_22c2c7607995c1e1;C:\Program Files\Common Files\Microsoft Shared\Ink

VM Arguments:
jvm_args: -javaagent:D:\ASD - Vanier\IntelliJ IDEA 2024.3.5\lib\idea_rt.jar=49823 -Dfile.encoding=UTF-8 -Dsun.stdout.encoding=UTF-8 -Dsun.stderr.encoding=UTF-8 --module-path=C:\Users\ALAllaire\.m2\repository\org\openjfx\javafx-controls\23.0.1\javafx-controls-23.0.1-win.jar;C:\Users\ALAllaire\.m2\repository\org\openjfx\javafx-base\23.0.1\javafx-base-23.0.1-win.jar;C:\Users\ALAllaire\.m2\repository\org\openjfx\javafx-fxml\23.0.1\javafx-fxml-23.0.1-win.jar;C:\Users\ALAllaire\.m2\repository\org\openjfx\javafx-media\23.0.1\javafx-media-23.0.1-win.jar;D:\ASD - Vanier\Programming\escape_the_lab\target\classes;C:\Users\ALAllaire\.m2\repository\org\openjfx\javafx-graphics\23.0.1\javafx-graphics-23.0.1-win.jar -Djdk.module.main=com.example.escape_the_lab 
java_command: com.example.escape_the_lab/com.example.escape_the_lab.controller.GameController
java_class_path (initial): C:\Users\ALAllaire\.m2\repository\org\openjfx\javafx-controls\23.0.1\javafx-controls-23.0.1.jar;C:\Users\ALAllaire\.m2\repository\org\openjfx\javafx-graphics\23.0.1\javafx-graphics-23.0.1.jar;C:\Users\ALAllaire\.m2\repository\org\openjfx\javafx-base\23.0.1\javafx-base-23.0.1.jar;C:\Users\ALAllaire\.m2\repository\org\openjfx\javafx-fxml\23.0.1\javafx-fxml-23.0.1.jar;C:\Users\ALAllaire\.m2\repository\org\openjfx\javafx-media\23.0.1\javafx-media-23.0.1.jar
Launcher Type: SUN_STANDARD

[Global flags]
     intx CICompilerCount                          = 4                                         {product} {ergonomic}
     uint ConcGCThreads                            = 2                                         {product} {ergonomic}
     uint G1ConcRefinementThreads                  = 8                                         {product} {ergonomic}
   size_t G1HeapRegionSize                         = 2097152                                   {product} {ergonomic}
   size_t InitialHeapSize                          = 199229440                                 {product} {ergonomic}
   size_t MarkStackSize                            = 4194304                                   {product} {ergonomic}
   size_t MaxHeapSize                              = 3183476736                                {product} {ergonomic}
   size_t MaxNewSize                               = 1908408320                                {product} {ergonomic}
   size_t MinHeapDeltaBytes                        = 2097152                                   {product} {ergonomic}
   size_t MinHeapSize                              = 8388608                                   {product} {ergonomic}
    uintx NonNMethodCodeHeapSize                   = 5839372                                {pd product} {ergonomic}
    uintx NonProfiledCodeHeapSize                  = 122909434                              {pd product} {ergonomic}
    uintx ProfiledCodeHeapSize                     = 122909434                              {pd product} {ergonomic}
    uintx ReservedCodeCacheSize                    = 251658240                              {pd product} {ergonomic}
     bool SegmentedCodeCache                       = true                                      {product} {ergonomic}
   size_t SoftMaxHeapSize                          = 3183476736                             {manageable} {ergonomic}
     bool UseCompressedOops                        = true                           {product lp64_product} {ergonomic}
     bool UseG1GC                                  = true                                      {product} {ergonomic}
     bool UseLargePagesIndividualAllocation        = false                                  {pd product} {ergonomic}

Logging:
Log output configuration:
 #0: stdout all=warning uptime,level,tags foldmultilines=false
 #1: stderr all=off uptime,level,tags foldmultilines=false

Environment Variables:
PATH=C:\Program Files\Common Files\Oracle\Java\javapath;C:\Windows\system32;C:\Windows;C:\Windows\System32\Wbem;C:\Windows\System32\WindowsPowerShell\v1.0\;C:\Windows\System32\OpenSSH\;C:\Program Files (x86)\Druide\Antidote 9\Application\Bin64\;C:\Program Files (x86)\Druide\Antidote 9\Application\Bin32\;C:\Users\ALAllaire\AppData\Local\Microsoft\WindowsApps;C:\Users\ALAllaire\AppData\Local\Programs\Microsoft VS Code\bin;C:\Users\ALAllaire\AppData\Local\Programs\Git\cmd;C:\Users\ALAllaire\AppData\Local\GitHubDesktop\bin
USERNAME=ALAllaire
OS=Windows_NT
PROCESSOR_IDENTIFIER=Intel64 Family 6 Model 142 Stepping 12, GenuineIntel
TMP=C:\Users\ALALLA~1\AppData\Local\Temp
TEMP=C:\Users\ALALLA~1\AppData\Local\Temp




Periodic native trim disabled

---------------  S Y S T E M  ---------------

OS:
 Windows 10 , 64 bit Build 19041 (10.0.19041.5438)
OS uptime: 1 days 3:12 hours

CPU: total 8 (initial active 8) (4 cores per cpu, 2 threads per core) family 6 model 142 stepping 12 microcode 0xc0, cx8, cmov, fxsr, ht, mmx, 3dnowpref, sse, sse2, sse3, ssse3, sse4.1, sse4.2, popcnt, lzcnt, tsc, tscinvbit, avx, avx2, aes, erms, clmul, bmi1, bmi2, adx, fma, vzeroupper, clflush, clflushopt, rdtscp, f16c
Processor Information for all 8 processors :
  Max Mhz: 2112, Current Mhz: 1609, Mhz Limit: 1605

Memory: 4k page, system-wide physical 12139M (2669M free)
TotalPageFile size 14979M (AvailPageFile size 2616M)
current process WorkingSet (physical memory assigned to process): 172M, peak: 172M
current process commit charge ("private bytes"): 345M, peak: 346M

vm_info: Java HotSpot(TM) 64-Bit Server VM (22.0.2+9-70) for windows-amd64 JRE (22.0.2+9-70), built on 2024-06-04T16:52:23Z by "mach5one" with MS VC++ 17.6 (VS2022)

END.
