#
# A fatal error has been detected by the Java Runtime Environment:
#
#  EXCEPTION_ACCESS_VIOLATION (0xc0000005) at pc=0x00007ff9f0d5f33c, pid=13240, tid=8040
#
# JRE version: Java(TM) SE Runtime Environment (22.0.2+9) (build 22.0.2+9-70)
# Java VM: Java HotSpot(TM) 64-Bit Server VM (22.0.2+9-70, mixed mode, sharing, tiered, compressed oops, compressed class ptrs, g1 gc, windows-amd64)
# Problematic frame:
# V  [jvm.dll+0x6bf33c]
#
# No core dump will be written. Minidumps are not enabled by default on client versions of Windows
#
# If you would like to submit a bug report, please visit:
#   https://bugreport.java.com/bugreport/crash.jsp
#

---------------  S U M M A R Y ------------

Command Line: -javaagent:D:\ASD - Vanier\IntelliJ IDEA 2024.3.5\lib\idea_rt.jar=51471 -Dfile.encoding=UTF-8 -Dsun.stdout.encoding=UTF-8 -Dsun.stderr.encoding=UTF-8 --module-path=C:\Users\ALAllaire\.m2\repository\org\openjfx\javafx-controls\23.0.1\javafx-controls-23.0.1-win.jar;C:\Users\ALAllaire\.m2\repository\org\openjfx\javafx-base\23.0.1\javafx-base-23.0.1-win.jar;C:\Users\ALAllaire\.m2\repository\org\openjfx\javafx-fxml\23.0.1\javafx-fxml-23.0.1-win.jar;C:\Users\ALAllaire\.m2\repository\org\openjfx\javafx-media\23.0.1\javafx-media-23.0.1-win.jar;D:\ASD - Vanier\Programming\escape_the_lab\target\classes;C:\Users\ALAllaire\.m2\repository\org\openjfx\javafx-graphics\23.0.1\javafx-graphics-23.0.1-win.jar -Djdk.module.main=com.example.escape_the_lab com.example.escape_the_lab/com.example.escape_the_lab.controller.GameController

Host: Intel(R) Core(TM) i5-10210U CPU @ 1.60GHz, 8 cores, 11G,  Windows 10 , 64 bit Build 19041 (10.0.19041.5438)
Time: Sat Apr  5 15:55:45 2025 Est (heure d, 64 bit Build 19041 (10.0.19041.5438) elapsed time: 1.065755 seconds (0d 0h 0m 1s)

---------------  T H R E A D  ---------------

Current thread (0x000001d17e5d51d0):  JavaThread "C2 CompilerThread2" daemon [_thread_in_native, id=8040, stack(0x00000089b9900000,0x00000089b9a00000) (1024K)]


Current CompileTask:
C2:1065 2091       4       jdk.internal.module.Checks::isTypeName (49 bytes)

Stack: [0x00000089b9900000,0x00000089b9a00000],  sp=0x00000089b99fbcf0,  free space=1007k
Native frames: (J=compiled Java code, j=interpreted, Vv=VM code, C=native code)
V  [jvm.dll+0x6bf33c]  (no source info available)
V  [jvm.dll+0x24b863]  (no source info available)
V  [jvm.dll+0x708a45]  (no source info available)
V  [jvm.dll+0x248b1d]  (no source info available)
V  [jvm.dll+0x246da6]  (no source info available)
V  [jvm.dll+0x1c4e80]  (no source info available)
V  [jvm.dll+0x2568f3]  (no source info available)
V  [jvm.dll+0x254baa]  (no source info available)
V  [jvm.dll+0x3f57a6]  (no source info available)
V  [jvm.dll+0x81dc0b]  (no source info available)
V  [jvm.dll+0x6e0d85]  (no source info available)
C  [ucrtbase.dll+0x21bb2]  (no source info available)
C  [KERNEL32.DLL+0x17374]  (no source info available)
C  [ntdll.dll+0x4cc91]  (no source info available)


siginfo: EXCEPTION_ACCESS_VIOLATION (0xc0000005), reading address 0x00007ff1f109d4d8


Registers:
RAX=0x00007ff1f109d4d8, RBX=0x000001d17d1465c0, RCX=0x000001d17d146570, RDX=0x00000000000000a9
RSP=0x00000089b99fbcf0, RBP=0x00000089b99fd560, RSI=0x00000089b99fe010, RDI=0x000001d17d146570
R8 =0x0000000000000001, R9 =0x0000000000000001, R10=0x000001d17d146610, R11=0x000001d17d146610
R12=0x00000000000005bb, R13=0x000001d1086d4ba0, R14=0x0000000000000017, R15=0x000001d1086ca280
RIP=0x00007ff9f0d5f33c, EFLAGS=0x0000000000010206


Register to memory mapping:

RAX=0x00007ff1f109d4d8 is an unknown value
RBX=0x000001d17d1465c0 points into unknown readable memory: 0x00007ff9f104cc18 | 18 cc 04 f1 f9 7f 00 00
RCX=0x000001d17d146570 points into unknown readable memory: 0x00007ff1f109d4d8 | d8 d4 09 f1 f1 7f 00 00
RDX=0x00000000000000a9 is an unknown value
RSP=0x00000089b99fbcf0 is pointing into the stack for thread: 0x000001d17e5d51d0
RBP=0x00000089b99fd560 is pointing into the stack for thread: 0x000001d17e5d51d0
RSI=0x00000089b99fe010 is pointing into the stack for thread: 0x000001d17e5d51d0
RDI=0x000001d17d146570 points into unknown readable memory: 0x00007ff1f109d4d8 | d8 d4 09 f1 f1 7f 00 00
R8 =0x0000000000000001 is an unknown value
R9 =0x0000000000000001 is an unknown value
R10=0x000001d17d146610 points into unknown readable memory: 0x000001d17d1465c0 | c0 65 14 7d d1 01 00 00
R11=0x000001d17d146610 points into unknown readable memory: 0x000001d17d1465c0 | c0 65 14 7d d1 01 00 00
R12=0x00000000000005bb is an unknown value
R13=0x000001d1086d4ba0 points into unknown readable memory: 0x00000089b99fe140 | 40 e1 9f b9 89 00 00 00
R14=0x0000000000000017 is an unknown value
R15=0x000001d1086ca280 points into unknown readable memory: 0x00007ff9f1050ec8 | c8 0e 05 f1 f9 7f 00 00

Top of Stack: (sp=0x00000089b99fbcf0)
0x00000089b99fbcf0:   00000000000000ae 00000089b99fbf00
0x00000089b99fbd00:   0000000000000000 00000000841c8088
0x00000089b99fbd10:   00000089b99fbee0 00007ff9f08eb863
0x00000089b99fbd20:   000001d17d146570 00000089b99fe010
0x00000089b99fbd30:   00000089b99fe010 00007ff9f0dab762
0x00000089b99fbd40:   0000000000000000 00000089b99fe190
0x00000089b99fbd50:   000001d1086d4ba0 00000089b99fe190
0x00000089b99fbd60:   00000089b99fd560 00007ff9f0da8a45
0x00000089b99fbd70:   000001d17e572d60 000001d1086d4ba0
0x00000089b99fbd80:   00000089b99fbed0 00000089b99fd560
0x00000089b99fbd90:   0000000000000100 000001d17d62f210
0x00000089b99fbda0:   0000000000000100 000001d17e3a7110
0x00000089b99fbdb0:   000001d17dbb0630 00000089b99fe190
0x00000089b99fbdc0:   000001d17e572d10 000001d17e572d60
0x00000089b99fbdd0:   000001d1086d4ba0 00000089b99fe190
0x00000089b99fbde0:   00000089b99fbef0 00007ff9f08e8b1d
0x00000089b99fbdf0:   00000089b99fe010 00000089b99fd560
0x00000089b99fbe00:   000001d1086d4ba0 00000089b99fe010
0x00000089b99fbe10:   000001d17d779700 000001d17d321bb8
0x00000089b99fbe20:   0000000100000000 0000000000000000
0x00000089b99fbe30:   000001d10875dd98 00007ff9f07d5600
0x00000089b99fbe40:   0000000000000008 00007ff9f0fba7d7
0x00000089b99fbe50:   0000000000000000 00000089b99fe010
0x00000089b99fbe60:   0000000000000000 00007ff9f0fba7d7
0x00000089b99fbe70:   00000089b99fbe00 00007ff9f07d73a9
0x00000089b99fbe80:   000001d17e572d10 000001d11e1eea30
0x00000089b99fbe90:   000001d17dbb0630 0000000000018360
0x00000089b99fbea0:   000001d17dbb8618 000001d17e3a7110
0x00000089b99fbeb0:   000001d17d21dd90 000001d17d21e020
0x00000089b99fbec0:   000001d17d225d78 0000000000030310
0x00000089b99fbed0:   00007ff900000003 00000089b99fe010
0x00000089b99fbee0:   000001d17e3a7110 00007ff900001000 

Instructions: (pc=0x00007ff9f0d5f33c)
0x00007ff9f0d5f23c:   74 24 18 57 48 83 ec 20 48 8b 59 10 8b ea 8b 41
0x00007ff9f0d5f24c:   20 48 8d 34 c3 48 3b de 73 22 66 66 0f 1f 84 00
0x00007ff9f0d5f25c:   00 00 00 00 48 8b 3b 48 8b cf 48 8b 07 ff 10 3b
0x00007ff9f0d5f26c:   c5 74 0b 48 83 c3 08 48 3b de 72 e8 33 ff 48 8b
0x00007ff9f0d5f27c:   5c 24 30 48 85 ff 48 8b 6c 24 38 48 8b 74 24 40
0x00007ff9f0d5f28c:   0f 95 c0 48 83 c4 20 5f c3 cc cc cc cc cc cc cc
0x00007ff9f0d5f29c:   cc cc cc cc 48 89 5c 24 08 48 89 6c 24 10 48 89
0x00007ff9f0d5f2ac:   74 24 18 57 41 56 41 57 48 83 ec 20 48 8b 59 10
0x00007ff9f0d5f2bc:   41 8b e9 8b 41 20 45 8b f0 44 8b fa 48 8d 3c c3
0x00007ff9f0d5f2cc:   48 3b df 73 27 8b 74 24 60 48 8b 0b 48 8b 01 ff
0x00007ff9f0d5f2dc:   10 41 3b c7 74 31 41 3b c6 74 2c 3b c5 74 28 3b
0x00007ff9f0d5f2ec:   c6 74 24 48 83 c3 08 48 3b df 72 dd 32 c0 48 8b
0x00007ff9f0d5f2fc:   5c 24 40 48 8b 6c 24 48 48 8b 74 24 50 48 83 c4
0x00007ff9f0d5f30c:   20 41 5f 41 5e 5f c3 b0 01 eb e3 cc cc cc cc cc
0x00007ff9f0d5f31c:   cc cc cc cc 48 89 5c 24 08 48 89 74 24 10 57 48
0x00007ff9f0d5f32c:   83 ec 20 48 8b 41 10 48 8b f9 48 8b 18 48 8b 01
0x00007ff9f0d5f33c:   ff 10 44 8b 47 2c 41 8b d0 83 e2 7f 8b f0 80 fa
0x00007ff9f0d5f34c:   50 75 28 48 8b 13 48 8b cb ff 12 3b c6 75 0a 48
0x00007ff9f0d5f35c:   8b 43 08 48 39 78 08 74 5f 32 c0 48 8b 5c 24 30
0x00007ff9f0d5f36c:   48 8b 74 24 38 48 83 c4 20 5f c3 41 8b c0 83 e0
0x00007ff9f0d5f37c:   3f 3c 30 0f 84 e0 00 00 00 41 8b c0 25 ff 03 00
0x00007ff9f0d5f38c:   00 3d 04 03 00 00 0f 84 cd 00 00 00 41 8b c0 83
0x00007ff9f0d5f39c:   e0 0f 3c 0c 0f 84 bf 00 00 00 83 fe 18 75 2b 48
0x00007ff9f0d5f3ac:   8b 03 48 8b cb ff 10 3d 8a 00 00 00 75 ab 48 8b
0x00007ff9f0d5f3bc:   43 08 48 39 78 08 75 a1 b0 01 48 8b 5c 24 30 48
0x00007ff9f0d5f3cc:   8b 74 24 38 48 83 c4 20 5f c3 8d 86 aa fe ff ff
0x00007ff9f0d5f3dc:   83 f8 01 76 54 41 8b c0 83 e0 1f 3c 15 75 16 8b
0x00007ff9f0d5f3ec:   4b 2c 8b c1 25 ff 01 00 00 3d 48 01 00 00 74 c8
0x00007ff9f0d5f3fc:   80 f9 c8 74 c3 41 8b c0 25 ff 01 00 00 3d 48 01
0x00007ff9f0d5f40c:   00 00 74 0a 41 80 f8 c8 0f 85 4b ff ff ff 8b 43
0x00007ff9f0d5f41c:   2c 83 e0 1f 3c 15 0f 94 c0 48 8b 5c 24 30 48 8b
0x00007ff9f0d5f42c:   74 24 38 48 83 c4 20 5f c3 48 8b 03 48 8b cb ff 


Stack slot to memory mapping:

stack at sp + 0 slots: 0x00000000000000ae is an unknown value
stack at sp + 1 slots: 0x00000089b99fbf00 is pointing into the stack for thread: 0x000001d17e5d51d0
stack at sp + 2 slots: 0x0 is null
stack at sp + 3 slots: 0x00000000841c8088 is an unknown value
stack at sp + 4 slots: 0x00000089b99fbee0 is pointing into the stack for thread: 0x000001d17e5d51d0
stack at sp + 5 slots: 0x00007ff9f08eb863 jvm.dll
stack at sp + 6 slots: 0x000001d17d146570 points into unknown readable memory: 0x00007ff1f109d4d8 | d8 d4 09 f1 f1 7f 00 00
stack at sp + 7 slots: 0x00000089b99fe010 is pointing into the stack for thread: 0x000001d17e5d51d0


---------------  P R O C E S S  ---------------

Threads class SMR info:
_java_thread_list=0x000001d17e1b6860, length=23, elements={
0x000001d11bf53330, 0x000001d13bddd3e0, 0x000001d13bdde040, 0x000001d13bddf420,
0x000001d13bde1e90, 0x000001d13bde4900, 0x000001d13bde8860, 0x000001d13bdf5620,
0x000001d13bdf60d0, 0x000001d13bda9460, 0x000001d17d190860, 0x000001d17d9abd80,
0x000001d17d691020, 0x000001d17da6cea0, 0x000001d17de04740, 0x000001d17df3fda0,
0x000001d17dd6d340, 0x000001d17df24eb0, 0x000001d17dd65ea0, 0x000001d17df8df60,
0x000001d17e44bd00, 0x000001d17e44c390, 0x000001d17e5d51d0
}

Java Threads: ( => current thread )
  0x000001d11bf53330 JavaThread "main"                              [_thread_blocked, id=14920, stack(0x00000089b6f00000,0x00000089b7000000) (1024K)]
  0x000001d13bddd3e0 JavaThread "Reference Handler"          daemon [_thread_blocked, id=9628, stack(0x00000089b7700000,0x00000089b7800000) (1024K)]
  0x000001d13bdde040 JavaThread "Finalizer"                  daemon [_thread_blocked, id=5736, stack(0x00000089b7800000,0x00000089b7900000) (1024K)]
  0x000001d13bddf420 JavaThread "Signal Dispatcher"          daemon [_thread_blocked, id=11720, stack(0x00000089b7900000,0x00000089b7a00000) (1024K)]
  0x000001d13bde1e90 JavaThread "Attach Listener"            daemon [_thread_blocked, id=1860, stack(0x00000089b7a00000,0x00000089b7b00000) (1024K)]
  0x000001d13bde4900 JavaThread "Service Thread"             daemon [_thread_blocked, id=13496, stack(0x00000089b7b00000,0x00000089b7c00000) (1024K)]
  0x000001d13bde8860 JavaThread "Monitor Deflation Thread"   daemon [_thread_blocked, id=14808, stack(0x00000089b7c00000,0x00000089b7d00000) (1024K)]
  0x000001d13bdf5620 JavaThread "C2 CompilerThread0"         daemon [_thread_blocked, id=12340, stack(0x00000089b7d00000,0x00000089b7e00000) (1024K)]
  0x000001d13bdf60d0 JavaThread "C1 CompilerThread0"         daemon [_thread_blocked, id=9816, stack(0x00000089b7e00000,0x00000089b7f00000) (1024K)]
  0x000001d13bda9460 JavaThread "Common-Cleaner"             daemon [_thread_blocked, id=14008, stack(0x00000089b7f00000,0x00000089b8000000) (1024K)]
  0x000001d17d190860 JavaThread "C2 CompilerThread1"         daemon [_thread_blocked, id=4068, stack(0x00000089b8000000,0x00000089b8100000) (1024K)]
  0x000001d17d9abd80 JavaThread "Monitor Ctrl-Break"         daemon [_thread_in_native, id=3628, stack(0x00000089b8200000,0x00000089b8300000) (1024K)]
  0x000001d17d691020 JavaThread "Notification Thread"        daemon [_thread_blocked, id=14716, stack(0x00000089b8300000,0x00000089b8400000) (1024K)]
  0x000001d17da6cea0 JavaThread "QuantumRenderer-0"          daemon [_thread_blocked, id=15276, stack(0x00000089b8400000,0x00000089b8500000) (1024K)]
  0x000001d17de04740 JavaThread "RMI TCP Accept-0"           daemon [_thread_in_native, id=3984, stack(0x00000089b8c00000,0x00000089b8d00000) (1024K)]
  0x000001d17df3fda0 JavaThread "RMI TCP Connection(1)-10.0.0.49" daemon [_thread_in_native, id=5036, stack(0x00000089b8d00000,0x00000089b8e00000) (1024K)]
  0x000001d17dd6d340 JavaThread "InvokeLaterDispatcher"      daemon [_thread_blocked, id=14016, stack(0x00000089b8e00000,0x00000089b8f00000) (1024K)]
  0x000001d17df24eb0 JavaThread "JavaFX Application Thread"         [_thread_in_native, id=15864, stack(0x00000089b8f00000,0x00000089b9000000) (1024K)]
  0x000001d17dd65ea0 JavaThread "RMI Scheduler(0)"           daemon [_thread_blocked, id=14324, stack(0x00000089b9000000,0x00000089b9100000) (1024K)]
  0x000001d17df8df60 JavaThread "JMX server connection timeout 37" daemon [_thread_blocked, id=500, stack(0x00000089b9100000,0x00000089b9200000) (1024K)]
  0x000001d17e44bd00 JavaThread "JavaFX-Launcher"                   [_thread_blocked, id=10480, stack(0x00000089b9600000,0x00000089b9700000) (1024K)]
  0x000001d17e44c390 JavaThread "Thread-2"                   daemon [_thread_in_native, id=10808, stack(0x00000089b9500000,0x00000089b9600000) (1024K)]
=>0x000001d17e5d51d0 JavaThread "C2 CompilerThread2"         daemon [_thread_in_native, id=8040, stack(0x00000089b9900000,0x00000089b9a00000) (1024K)]
Total: 23

Other Threads:
  0x000001d13bdc09f0 VMThread "VM Thread"                           [id=15936, stack(0x00000089b7600000,0x00000089b7700000) (1024K)]
  0x000001d13bda8470 WatcherThread "VM Periodic Task Thread"        [id=9620, stack(0x00000089b7500000,0x00000089b7600000) (1024K)]
  0x000001d11e24ba40 WorkerThread "GC Thread#0"                     [id=5276, stack(0x00000089b7000000,0x00000089b7100000) (1024K)]
  0x000001d17df02000 WorkerThread "GC Thread#1"                     [id=6564, stack(0x00000089b8500000,0x00000089b8600000) (1024K)]
  0x000001d17dfb6050 WorkerThread "GC Thread#2"                     [id=12220, stack(0x00000089b8600000,0x00000089b8700000) (1024K)]
  0x000001d17dfb6c10 WorkerThread "GC Thread#3"                     [id=10280, stack(0x00000089b8700000,0x00000089b8800000) (1024K)]
  0x000001d17e1294d0 WorkerThread "GC Thread#4"                     [id=5996, stack(0x00000089b8800000,0x00000089b8900000) (1024K)]
  0x000001d17e12a890 WorkerThread "GC Thread#5"                     [id=13764, stack(0x00000089b8900000,0x00000089b8a00000) (1024K)]
  0x000001d17e12ac40 WorkerThread "GC Thread#6"                     [id=15620, stack(0x00000089b8a00000,0x00000089b8b00000) (1024K)]
  0x000001d17e12aff0 WorkerThread "GC Thread#7"                     [id=8292, stack(0x00000089b8b00000,0x00000089b8c00000) (1024K)]
  0x000001d11e255a20 ConcurrentGCThread "G1 Main Marker"            [id=6996, stack(0x00000089b7100000,0x00000089b7200000) (1024K)]
  0x000001d11e256530 WorkerThread "G1 Conc#0"                       [id=10784, stack(0x00000089b7200000,0x00000089b7300000) (1024K)]
  0x000001d11e2be870 ConcurrentGCThread "G1 Refine#0"               [id=8768, stack(0x00000089b7300000,0x00000089b7400000) (1024K)]
  0x000001d13bc79640 ConcurrentGCThread "G1 Service"                [id=10160, stack(0x00000089b7400000,0x00000089b7500000) (1024K)]
Total: 14

Threads with active compile tasks:
C2 CompilerThread2  1197 2091       4       jdk.internal.module.Checks::isTypeName (49 bytes)
Total: 1

VM state: not at safepoint (normal execution)

VM Mutex/Monitor currently owned by a thread: None

Heap address: 0x0000000742400000, size: 3036 MB, Compressed Oops mode: Zero based, Oop shift amount: 3

CDS archive(s) mapped at: [0x000001d13c000000-0x000001d13cc60000-0x000001d13cc60000), size 12976128, SharedBaseAddress: 0x000001d13c000000, ArchiveRelocationMode: 1.
Compressed class space mapped at: 0x000001d13d000000-0x000001d17d000000, reserved size: 1073741824
Narrow klass base: 0x000001d13c000000, Narrow klass shift: 0, Narrow klass range: 0x41000000

GC Precious Log:
 CardTable entry size: 512
 Card Set container configuration: InlinePtr #cards 4 size 8 Array Of Cards #cards 16 size 48 Howl #buckets 8 coarsen threshold 3686 Howl Bitmap #cards 512 size 80 coarsen threshold 460 Card regions per heap region 1 cards per card region 4096
 CPUs: 8 total, 8 available
 Memory: 12139M
 Large Page Support: Disabled
 NUMA Support: Disabled
 Compressed Oops: Enabled (Zero based)
 Heap Region Size: 2M
 Heap Min Capacity: 8M
 Heap Initial Capacity: 190M
 Heap Max Capacity: 3036M
 Pre-touch: Disabled
 Parallel Workers: 8
 Concurrent Workers: 2
 Concurrent Refinement Workers: 8
 Periodic GC: Disabled

Heap:
 garbage-first heap   total reserved 3108864K, committed 194560K, used 64832K [0x0000000742400000, 0x0000000800000000)
  region size 2048K, 22 young (45056K), 2 survivors (4096K)
 Metaspace       used 13629K, committed 13952K, reserved 1114112K
  class space    used 1788K, committed 1920K, reserved 1048576K

Heap Regions: E=young(eden), S=young(survivor), O=old, HS=humongous(starts), HC=humongous(continues), CS=collection set, F=free, TAMS=top-at-mark-start, PB=parsable bottom
|   0|0x0000000742400000, 0x0000000742600000, 0x0000000742600000|100%|HS|  |TAMS 0x0000000742400000| PB 0x0000000742400000| Complete |  0
|   1|0x0000000742600000, 0x0000000742800000, 0x0000000742800000|100%|HC|  |TAMS 0x0000000742600000| PB 0x0000000742600000| Complete |  0
|   2|0x0000000742800000, 0x0000000742a00000, 0x0000000742a00000|100%|HS|  |TAMS 0x0000000742800000| PB 0x0000000742800000| Complete |  0
|   3|0x0000000742a00000, 0x0000000742c00000, 0x0000000742c00000|100%|HC|  |TAMS 0x0000000742a00000| PB 0x0000000742a00000| Complete |  0
|   4|0x0000000742c00000, 0x0000000742e00000, 0x0000000742e00000|100%|HS|  |TAMS 0x0000000742c00000| PB 0x0000000742c00000| Complete |  0
|   5|0x0000000742e00000, 0x0000000743000000, 0x0000000743000000|100%|HC|  |TAMS 0x0000000742e00000| PB 0x0000000742e00000| Complete |  0
|   6|0x0000000743000000, 0x0000000743200000, 0x0000000743200000|100%|HS|  |TAMS 0x0000000743000000| PB 0x0000000743000000| Complete |  0
|   7|0x0000000743200000, 0x0000000743400000, 0x0000000743400000|100%|HC|  |TAMS 0x0000000743200000| PB 0x0000000743200000| Complete |  0
|   8|0x0000000743400000, 0x0000000743600000, 0x0000000743600000|100%|HS|  |TAMS 0x0000000743400000| PB 0x0000000743400000| Complete |  0
|   9|0x0000000743600000, 0x0000000743800000, 0x0000000743800000|100%|HC|  |TAMS 0x0000000743600000| PB 0x0000000743600000| Complete |  0
|  10|0x0000000743800000, 0x0000000743a00000, 0x0000000743a00000|100%|HS|  |TAMS 0x0000000743800000| PB 0x0000000743800000| Complete |  0
|  11|0x0000000743a00000, 0x0000000743c00000, 0x0000000743c00000|100%|HC|  |TAMS 0x0000000743a00000| PB 0x0000000743a00000| Complete |  0
|  12|0x0000000743c00000, 0x0000000743c00000, 0x0000000743e00000|  0%| F|  |TAMS 0x0000000743c00000| PB 0x0000000743c00000| Untracked |  0
|  13|0x0000000743e00000, 0x0000000743e00000, 0x0000000744000000|  0%| F|  |TAMS 0x0000000743e00000| PB 0x0000000743e00000| Untracked |  0
|  14|0x0000000744000000, 0x0000000744000000, 0x0000000744200000|  0%| F|  |TAMS 0x0000000744000000| PB 0x0000000744000000| Untracked |  0
|  15|0x0000000744200000, 0x0000000744200000, 0x0000000744400000|  0%| F|  |TAMS 0x0000000744200000| PB 0x0000000744200000| Untracked |  0
|  16|0x0000000744400000, 0x0000000744400000, 0x0000000744600000|  0%| F|  |TAMS 0x0000000744400000| PB 0x0000000744400000| Untracked |  0
|  17|0x0000000744600000, 0x0000000744600000, 0x0000000744800000|  0%| F|  |TAMS 0x0000000744600000| PB 0x0000000744600000| Untracked |  0
|  18|0x0000000744800000, 0x0000000744800000, 0x0000000744a00000|  0%| F|  |TAMS 0x0000000744800000| PB 0x0000000744800000| Untracked |  0
|  19|0x0000000744a00000, 0x0000000744a00000, 0x0000000744c00000|  0%| F|  |TAMS 0x0000000744a00000| PB 0x0000000744a00000| Untracked |  0
|  20|0x0000000744c00000, 0x0000000744c00000, 0x0000000744e00000|  0%| F|  |TAMS 0x0000000744c00000| PB 0x0000000744c00000| Untracked |  0
|  21|0x0000000744e00000, 0x0000000744e00000, 0x0000000745000000|  0%| F|  |TAMS 0x0000000744e00000| PB 0x0000000744e00000| Untracked |  0
|  22|0x0000000745000000, 0x0000000745000000, 0x0000000745200000|  0%| F|  |TAMS 0x0000000745000000| PB 0x0000000745000000| Untracked |  0
|  23|0x0000000745200000, 0x0000000745200000, 0x0000000745400000|  0%| F|  |TAMS 0x0000000745200000| PB 0x0000000745200000| Untracked |  0
|  24|0x0000000745400000, 0x0000000745400000, 0x0000000745600000|  0%| F|  |TAMS 0x0000000745400000| PB 0x0000000745400000| Untracked |  0
|  25|0x0000000745600000, 0x0000000745600000, 0x0000000745800000|  0%| F|  |TAMS 0x0000000745600000| PB 0x0000000745600000| Untracked |  0
|  26|0x0000000745800000, 0x0000000745800000, 0x0000000745a00000|  0%| F|  |TAMS 0x0000000745800000| PB 0x0000000745800000| Untracked |  0
|  27|0x0000000745a00000, 0x0000000745a00000, 0x0000000745c00000|  0%| F|  |TAMS 0x0000000745a00000| PB 0x0000000745a00000| Untracked |  0
|  28|0x0000000745c00000, 0x0000000745c00000, 0x0000000745e00000|  0%| F|  |TAMS 0x0000000745c00000| PB 0x0000000745c00000| Untracked |  0
|  29|0x0000000745e00000, 0x0000000745e00000, 0x0000000746000000|  0%| F|  |TAMS 0x0000000745e00000| PB 0x0000000745e00000| Untracked |  0
|  30|0x0000000746000000, 0x0000000746000000, 0x0000000746200000|  0%| F|  |TAMS 0x0000000746000000| PB 0x0000000746000000| Untracked |  0
|  31|0x0000000746200000, 0x0000000746200000, 0x0000000746400000|  0%| F|  |TAMS 0x0000000746200000| PB 0x0000000746200000| Untracked |  0
|  32|0x0000000746400000, 0x0000000746400000, 0x0000000746600000|  0%| F|  |TAMS 0x0000000746400000| PB 0x0000000746400000| Untracked |  0
|  33|0x0000000746600000, 0x0000000746600000, 0x0000000746800000|  0%| F|  |TAMS 0x0000000746600000| PB 0x0000000746600000| Untracked |  0
|  34|0x0000000746800000, 0x0000000746800000, 0x0000000746a00000|  0%| F|  |TAMS 0x0000000746800000| PB 0x0000000746800000| Untracked |  0
|  35|0x0000000746a00000, 0x0000000746a00000, 0x0000000746c00000|  0%| F|  |TAMS 0x0000000746a00000| PB 0x0000000746a00000| Untracked |  0
|  36|0x0000000746c00000, 0x0000000746c00000, 0x0000000746e00000|  0%| F|  |TAMS 0x0000000746c00000| PB 0x0000000746c00000| Untracked |  0
|  37|0x0000000746e00000, 0x0000000746e00000, 0x0000000747000000|  0%| F|  |TAMS 0x0000000746e00000| PB 0x0000000746e00000| Untracked |  0
|  38|0x0000000747000000, 0x0000000747000000, 0x0000000747200000|  0%| F|  |TAMS 0x0000000747000000| PB 0x0000000747000000| Untracked |  0
|  39|0x0000000747200000, 0x0000000747200000, 0x0000000747400000|  0%| F|  |TAMS 0x0000000747200000| PB 0x0000000747200000| Untracked |  0
|  40|0x0000000747400000, 0x0000000747400000, 0x0000000747600000|  0%| F|  |TAMS 0x0000000747400000| PB 0x0000000747400000| Untracked |  0
|  41|0x0000000747600000, 0x0000000747600000, 0x0000000747800000|  0%| F|  |TAMS 0x0000000747600000| PB 0x0000000747600000| Untracked |  0
|  42|0x0000000747800000, 0x0000000747800000, 0x0000000747a00000|  0%| F|  |TAMS 0x0000000747800000| PB 0x0000000747800000| Untracked |  0
|  43|0x0000000747a00000, 0x0000000747a00000, 0x0000000747c00000|  0%| F|  |TAMS 0x0000000747a00000| PB 0x0000000747a00000| Untracked |  0
|  44|0x0000000747c00000, 0x0000000747c00000, 0x0000000747e00000|  0%| F|  |TAMS 0x0000000747c00000| PB 0x0000000747c00000| Untracked |  0
|  45|0x0000000747e00000, 0x0000000747e00000, 0x0000000748000000|  0%| F|  |TAMS 0x0000000747e00000| PB 0x0000000747e00000| Untracked |  0
|  46|0x0000000748000000, 0x0000000748000000, 0x0000000748200000|  0%| F|  |TAMS 0x0000000748000000| PB 0x0000000748000000| Untracked |  0
|  47|0x0000000748200000, 0x0000000748200000, 0x0000000748400000|  0%| F|  |TAMS 0x0000000748200000| PB 0x0000000748200000| Untracked |  0
|  48|0x0000000748400000, 0x0000000748400000, 0x0000000748600000|  0%| F|  |TAMS 0x0000000748400000| PB 0x0000000748400000| Untracked |  0
|  49|0x0000000748600000, 0x0000000748600000, 0x0000000748800000|  0%| F|  |TAMS 0x0000000748600000| PB 0x0000000748600000| Untracked |  0
|  50|0x0000000748800000, 0x0000000748800000, 0x0000000748a00000|  0%| F|  |TAMS 0x0000000748800000| PB 0x0000000748800000| Untracked |  0
|  51|0x0000000748a00000, 0x0000000748a00000, 0x0000000748c00000|  0%| F|  |TAMS 0x0000000748a00000| PB 0x0000000748a00000| Untracked |  0
|  52|0x0000000748c00000, 0x0000000748c00000, 0x0000000748e00000|  0%| F|  |TAMS 0x0000000748c00000| PB 0x0000000748c00000| Untracked |  0
|  53|0x0000000748e00000, 0x0000000748e00000, 0x0000000749000000|  0%| F|  |TAMS 0x0000000748e00000| PB 0x0000000748e00000| Untracked |  0
|  54|0x0000000749000000, 0x0000000749000000, 0x0000000749200000|  0%| F|  |TAMS 0x0000000749000000| PB 0x0000000749000000| Untracked |  0
|  55|0x0000000749200000, 0x0000000749200000, 0x0000000749400000|  0%| F|  |TAMS 0x0000000749200000| PB 0x0000000749200000| Untracked |  0
|  56|0x0000000749400000, 0x0000000749400000, 0x0000000749600000|  0%| F|  |TAMS 0x0000000749400000| PB 0x0000000749400000| Untracked |  0
|  57|0x0000000749600000, 0x0000000749600000, 0x0000000749800000|  0%| F|  |TAMS 0x0000000749600000| PB 0x0000000749600000| Untracked |  0
|  58|0x0000000749800000, 0x0000000749800000, 0x0000000749a00000|  0%| F|  |TAMS 0x0000000749800000| PB 0x0000000749800000| Untracked |  0
|  59|0x0000000749a00000, 0x0000000749a00000, 0x0000000749c00000|  0%| F|  |TAMS 0x0000000749a00000| PB 0x0000000749a00000| Untracked |  0
|  60|0x0000000749c00000, 0x0000000749c00000, 0x0000000749e00000|  0%| F|  |TAMS 0x0000000749c00000| PB 0x0000000749c00000| Untracked |  0
|  61|0x0000000749e00000, 0x0000000749e00000, 0x000000074a000000|  0%| F|  |TAMS 0x0000000749e00000| PB 0x0000000749e00000| Untracked |  0
|  62|0x000000074a000000, 0x000000074a000000, 0x000000074a200000|  0%| F|  |TAMS 0x000000074a000000| PB 0x000000074a000000| Untracked |  0
|  63|0x000000074a200000, 0x000000074a200000, 0x000000074a400000|  0%| F|  |TAMS 0x000000074a200000| PB 0x000000074a200000| Untracked |  0
|  64|0x000000074a400000, 0x000000074a400000, 0x000000074a600000|  0%| F|  |TAMS 0x000000074a400000| PB 0x000000074a400000| Untracked |  0
|  65|0x000000074a600000, 0x000000074a600000, 0x000000074a800000|  0%| F|  |TAMS 0x000000074a600000| PB 0x000000074a600000| Untracked |  0
|  66|0x000000074a800000, 0x000000074a800000, 0x000000074aa00000|  0%| F|  |TAMS 0x000000074a800000| PB 0x000000074a800000| Untracked |  0
|  67|0x000000074aa00000, 0x000000074aa00000, 0x000000074ac00000|  0%| F|  |TAMS 0x000000074aa00000| PB 0x000000074aa00000| Untracked |  0
|  68|0x000000074ac00000, 0x000000074ac00000, 0x000000074ae00000|  0%| F|  |TAMS 0x000000074ac00000| PB 0x000000074ac00000| Untracked |  0
|  69|0x000000074ae00000, 0x000000074ae00000, 0x000000074b000000|  0%| F|  |TAMS 0x000000074ae00000| PB 0x000000074ae00000| Untracked |  0
|  70|0x000000074b000000, 0x000000074b000000, 0x000000074b200000|  0%| F|  |TAMS 0x000000074b000000| PB 0x000000074b000000| Untracked |  0
|  71|0x000000074b200000, 0x000000074b200000, 0x000000074b400000|  0%| F|  |TAMS 0x000000074b200000| PB 0x000000074b200000| Untracked |  0
|  72|0x000000074b400000, 0x000000074b400000, 0x000000074b600000|  0%| F|  |TAMS 0x000000074b400000| PB 0x000000074b400000| Untracked |  0
|  73|0x000000074b600000, 0x000000074b706bb0, 0x000000074b800000| 51%| E|  |TAMS 0x000000074b600000| PB 0x000000074b600000| Complete |  0
|  74|0x000000074b800000, 0x000000074ba00000, 0x000000074ba00000|100%| E|CS|TAMS 0x000000074b800000| PB 0x000000074b800000| Complete |  0
|  75|0x000000074ba00000, 0x000000074bc00000, 0x000000074bc00000|100%| E|CS|TAMS 0x000000074ba00000| PB 0x000000074ba00000| Complete |  0
|  76|0x000000074bc00000, 0x000000074be00000, 0x000000074be00000|100%| E|CS|TAMS 0x000000074bc00000| PB 0x000000074bc00000| Complete |  0
|  77|0x000000074be00000, 0x000000074c000000, 0x000000074c000000|100%| E|CS|TAMS 0x000000074be00000| PB 0x000000074be00000| Complete |  0
|  78|0x000000074c000000, 0x000000074c200000, 0x000000074c200000|100%| E|CS|TAMS 0x000000074c000000| PB 0x000000074c000000| Complete |  0
|  79|0x000000074c200000, 0x000000074c400000, 0x000000074c400000|100%| E|CS|TAMS 0x000000074c200000| PB 0x000000074c200000| Complete |  0
|  80|0x000000074c400000, 0x000000074c600000, 0x000000074c600000|100%| E|CS|TAMS 0x000000074c400000| PB 0x000000074c400000| Complete |  0
|  81|0x000000074c600000, 0x000000074c750000, 0x000000074c800000| 65%| S|CS|TAMS 0x000000074c600000| PB 0x000000074c600000| Complete |  0
|  82|0x000000074c800000, 0x000000074ca00000, 0x000000074ca00000|100%| S|CS|TAMS 0x000000074c800000| PB 0x000000074c800000| Complete |  0
|  83|0x000000074ca00000, 0x000000074cc00000, 0x000000074cc00000|100%| E|CS|TAMS 0x000000074ca00000| PB 0x000000074ca00000| Complete |  0
|  84|0x000000074cc00000, 0x000000074ce00000, 0x000000074ce00000|100%| E|CS|TAMS 0x000000074cc00000| PB 0x000000074cc00000| Complete |  0
|  85|0x000000074ce00000, 0x000000074d000000, 0x000000074d000000|100%| E|  |TAMS 0x000000074ce00000| PB 0x000000074ce00000| Complete |  0
|  86|0x000000074d000000, 0x000000074d200000, 0x000000074d200000|100%| E|CS|TAMS 0x000000074d000000| PB 0x000000074d000000| Complete |  0
|  87|0x000000074d200000, 0x000000074d400000, 0x000000074d400000|100%| E|CS|TAMS 0x000000074d200000| PB 0x000000074d200000| Complete |  0
|  88|0x000000074d400000, 0x000000074d600000, 0x000000074d600000|100%| E|CS|TAMS 0x000000074d400000| PB 0x000000074d400000| Complete |  0
|  89|0x000000074d600000, 0x000000074d800000, 0x000000074d800000|100%| E|CS|TAMS 0x000000074d600000| PB 0x000000074d600000| Complete |  0
|  90|0x000000074d800000, 0x000000074da00000, 0x000000074da00000|100%| E|CS|TAMS 0x000000074d800000| PB 0x000000074d800000| Complete |  0
|  91|0x000000074da00000, 0x000000074dc00000, 0x000000074dc00000|100%| E|CS|TAMS 0x000000074da00000| PB 0x000000074da00000| Complete |  0
|  92|0x000000074dc00000, 0x000000074de00000, 0x000000074de00000|100%| E|CS|TAMS 0x000000074dc00000| PB 0x000000074dc00000| Complete |  0
|  93|0x000000074de00000, 0x000000074e000000, 0x000000074e000000|100%| E|CS|TAMS 0x000000074de00000| PB 0x000000074de00000| Complete |  0
|  94|0x000000074e000000, 0x000000074e200000, 0x000000074e200000|100%| E|CS|TAMS 0x000000074e000000| PB 0x000000074e000000| Complete |  0

Card table byte_map: [0x000001d135e70000,0x000001d136460000] _byte_map_base: 0x000001d13245e000

Marking Bits: (CMBitMap*) 0x000001d11e24c150
 Bits: [0x000001d136460000, 0x000001d1393d0000)

Polling page: 0x000001d11c140000

Metaspace:

Usage:
  Non-class:     11.56 MB used.
      Class:      1.75 MB used.
       Both:     13.31 MB used.

Virtual space:
  Non-class space:       64.00 MB reserved,      11.75 MB ( 18%) committed,  1 nodes.
      Class space:        1.00 GB reserved,       1.88 MB ( <1%) committed,  1 nodes.
             Both:        1.06 GB reserved,      13.62 MB (  1%) committed. 

Chunk freelists:
   Non-Class:  3.42 MB
       Class:  14.14 MB
        Both:  17.55 MB

MaxMetaspaceSize: unlimited
CompressedClassSpaceSize: 1.00 GB
Initial GC threshold: 21.00 MB
Current GC threshold: 21.00 MB
CDS: on
 - commit_granule_bytes: 65536.
 - commit_granule_words: 8192.
 - virtual_space_node_default_size: 8388608.
 - enlarge_chunks_in_place: 1.
 - use_allocation_guard: 0.


Internal statistics:

num_allocs_failed_limit: 0.
num_arena_births: 338.
num_arena_deaths: 0.
num_vsnodes_births: 2.
num_vsnodes_deaths: 0.
num_space_committed: 218.
num_space_uncommitted: 0.
num_chunks_returned_to_freelist: 0.
num_chunks_taken_from_freelist: 701.
num_chunk_merges: 0.
num_chunk_splits: 429.
num_chunks_enlarged: 247.
num_inconsistent_stats: 0.

CodeHeap 'non-profiled nmethods': size=120000Kb used=953Kb max_used=953Kb free=119046Kb
 bounds [0x000001d12e020000, 0x000001d12e290000, 0x000001d135550000]
CodeHeap 'profiled nmethods': size=120000Kb used=3749Kb max_used=3749Kb free=116250Kb
 bounds [0x000001d126550000, 0x000001d126900000, 0x000001d12da80000]
CodeHeap 'non-nmethods': size=5760Kb used=1754Kb max_used=1754Kb free=4005Kb
 bounds [0x000001d12da80000, 0x000001d12dcf0000, 0x000001d12e020000]
 total_blobs=2935 nmethods=2161 adapters=678
 compilation: enabled
              stopped_count=0, restarted_count=0
 full_count=0

Compilation events (20 events):
Event: 1.053 Thread 0x000001d13bdf60d0 2097       3       java.util.ResourceBundle$CacheKey::<init> (73 bytes)
Event: 1.053 Thread 0x000001d13bdf5620 nmethod 2061 0x000001d12e0fbc90 code [0x000001d12e0fbec0, 0x000001d12e0fd640]
Event: 1.053 Thread 0x000001d13bdf5620 2093       4       sun.util.locale.LocaleObjectCache::normalizeKey (2 bytes)
Event: 1.053 Thread 0x000001d13bdf5620 nmethod 2093 0x000001d12e0fde90 code [0x000001d12e0fe000, 0x000001d12e0fe088]
Event: 1.053 Thread 0x000001d13bdf5620 2105       4       java.util.jar.JarFile::getEntry (35 bytes)
Event: 1.054 Thread 0x000001d13bdf60d0 nmethod 2097 0x000001d1268e1210 code [0x000001d1268e1480, 0x000001d1268e2240]
Event: 1.054 Thread 0x000001d13bdf60d0 2106  s    3       java.util.Properties::put (10 bytes)
Event: 1.054 Thread 0x000001d13bdf60d0 nmethod 2106 0x000001d1268e2610 code [0x000001d1268e27c0, 0x000001d1268e2a40]
Event: 1.054 Thread 0x000001d13bdf60d0 2108       3       java.util.ResourceBundle$Control::getFallbackLocale (30 bytes)
Event: 1.054 Thread 0x000001d13bdf60d0 nmethod 2108 0x000001d1268e2b90 code [0x000001d1268e2d60, 0x000001d1268e3070]
Event: 1.054 Thread 0x000001d13bdf60d0 2107       3       java.lang.StrictMath::floorOrCeil (128 bytes)
Event: 1.054 Thread 0x000001d13bdf60d0 nmethod 2107 0x000001d1268e3190 code [0x000001d1268e3360, 0x000001d1268e37c0]
Event: 1.056 Thread 0x000001d13bdf60d0 2110       3       java.util.ResourceBundle::getBundleImpl (19 bytes)
Event: 1.057 Thread 0x000001d13bdf60d0 nmethod 2110 0x000001d1268e3890 code [0x000001d1268e3b40, 0x000001d1268e47c8]
Event: 1.057 Thread 0x000001d13bdf60d0 2113       3       java.util.ResourceBundle$Control$CandidateListCache::createObject (555 bytes)
Event: 1.059 Thread 0x000001d13bdf60d0 nmethod 2113 0x000001d1268e4c90 code [0x000001d1268e5160, 0x000001d1268e7588]
Event: 1.059 Thread 0x000001d13bdf60d0 2111       3       java.util.ResourceBundle$Control::getFormats (16 bytes)
Event: 1.059 Thread 0x000001d13bdf60d0 nmethod 2111 0x000001d1268e8290 code [0x000001d1268e8440, 0x000001d1268e8650]
Event: 1.059 Thread 0x000001d13bdf60d0 2112       3       java.util.ResourceBundle$Control$CandidateListCache::createObject (9 bytes)
Event: 1.059 Thread 0x000001d13bdf60d0 nmethod 2112 0x000001d1268e8710 code [0x000001d1268e88c0, 0x000001d1268e8ad8]

GC Heap History (2 events):
Event: 0.470 GC heap before
{Heap before GC invocations=0 (full 0):
 garbage-first heap   total reserved 3108864K, committed 194560K, used 24576K [0x0000000742400000, 0x0000000800000000)
  region size 2048K, 12 young (24576K), 0 survivors (0K)
 Metaspace       used 6366K, committed 6656K, reserved 1114112K
  class space    used 714K, committed 832K, reserved 1048576K
}
Event: 0.474 GC heap after
{Heap after GC invocations=1 (full 0):
 garbage-first heap   total reserved 3108864K, committed 194560K, used 3392K [0x0000000742400000, 0x0000000800000000)
  region size 2048K, 2 young (4096K), 2 survivors (4096K)
 Metaspace       used 6366K, committed 6656K, reserved 1114112K
  class space    used 714K, committed 832K, reserved 1048576K
}

Dll operation events (20 events):
Event: 0.379 Loaded shared library C:\Users\ALAllaire\.openjfx\cache\23.0.1+4\amd64\api-ms-win-crt-heap-l1-1-0.dll
Event: 0.381 Loaded shared library C:\Users\ALAllaire\.openjfx\cache\23.0.1+4\amd64\api-ms-win-crt-locale-l1-1-0.dll
Event: 0.383 Loaded shared library C:\Users\ALAllaire\.openjfx\cache\23.0.1+4\amd64\api-ms-win-crt-math-l1-1-0.dll
Event: 0.385 Loaded shared library C:\Users\ALAllaire\.openjfx\cache\23.0.1+4\amd64\api-ms-win-crt-multibyte-l1-1-0.dll
Event: 0.388 Loaded shared library C:\Users\ALAllaire\.openjfx\cache\23.0.1+4\amd64\api-ms-win-crt-private-l1-1-0.dll
Event: 0.391 Loaded shared library C:\Users\ALAllaire\.openjfx\cache\23.0.1+4\amd64\api-ms-win-crt-process-l1-1-0.dll
Event: 0.393 Loaded shared library C:\Users\ALAllaire\.openjfx\cache\23.0.1+4\amd64\api-ms-win-crt-runtime-l1-1-0.dll
Event: 0.396 Loaded shared library C:\Users\ALAllaire\.openjfx\cache\23.0.1+4\amd64\api-ms-win-crt-stdio-l1-1-0.dll
Event: 0.398 Loaded shared library C:\Users\ALAllaire\.openjfx\cache\23.0.1+4\amd64\api-ms-win-crt-string-l1-1-0.dll
Event: 0.400 Loaded shared library C:\Users\ALAllaire\.openjfx\cache\23.0.1+4\amd64\api-ms-win-crt-time-l1-1-0.dll
Event: 0.403 Loaded shared library C:\Users\ALAllaire\.openjfx\cache\23.0.1+4\amd64\api-ms-win-crt-utility-l1-1-0.dll
Event: 0.418 Loaded shared library C:\Users\ALAllaire\.openjfx\cache\23.0.1+4\amd64\ucrtbase.dll
Event: 0.422 Loaded shared library C:\Users\ALAllaire\.openjfx\cache\23.0.1+4\amd64\vcruntime140.dll
Event: 0.425 Loaded shared library C:\Users\ALAllaire\.openjfx\cache\23.0.1+4\amd64\vcruntime140_1.dll
Event: 0.434 Loaded shared library C:\Users\ALAllaire\.openjfx\cache\23.0.1+4\amd64\msvcp140.dll
Event: 0.437 Loaded shared library C:\Users\ALAllaire\.openjfx\cache\23.0.1+4\amd64\msvcp140_1.dll
Event: 0.441 Loaded shared library C:\Users\ALAllaire\.openjfx\cache\23.0.1+4\amd64\msvcp140_2.dll
Event: 0.481 Loaded shared library C:\Users\ALAllaire\.openjfx\cache\23.0.1+4\amd64\prism_d3d.dll
Event: 0.511 Loaded shared library C:\Users\ALAllaire\.openjfx\cache\23.0.1+4\amd64\glass.dll
Event: 0.871 Loaded shared library C:\Users\ALAllaire\.openjfx\cache\23.0.1+4\amd64\javafx_font.dll

Deoptimization events (20 events):
Event: 0.995 Thread 0x000001d17df24eb0 Uncommon trap: trap_request=0xffffffc6 fr.pc=0x000001d12e0e9070 relative=0x0000000000000930
Event: 0.995 Thread 0x000001d17df24eb0 Uncommon trap: reason=bimorphic_or_optimized_type_check action=maybe_recompile pc=0x000001d12e0e9070 method=sun.util.locale.LocaleObjectCache.get(Ljava/lang/Object;)Ljava/lang/Object; @ 35 c2
Event: 0.995 Thread 0x000001d17df24eb0 DEOPT PACKING pc=0x000001d12e0e9070 sp=0x00000089b8ffc4f0
Event: 0.995 Thread 0x000001d17df24eb0 DEOPT UNPACKING pc=0x000001d12dad46a2 sp=0x00000089b8ffc4a8 mode 2
Event: 0.995 Thread 0x000001d17df24eb0 Uncommon trap: trap_request=0xffffffc6 fr.pc=0x000001d12e0e9070 relative=0x0000000000000930
Event: 0.995 Thread 0x000001d17df24eb0 Uncommon trap: reason=bimorphic_or_optimized_type_check action=maybe_recompile pc=0x000001d12e0e9070 method=sun.util.locale.LocaleObjectCache.get(Ljava/lang/Object;)Ljava/lang/Object; @ 35 c2
Event: 0.995 Thread 0x000001d17df24eb0 DEOPT PACKING pc=0x000001d12e0e9070 sp=0x00000089b8ffc4f0
Event: 0.995 Thread 0x000001d17df24eb0 DEOPT UNPACKING pc=0x000001d12dad46a2 sp=0x00000089b8ffc4a8 mode 2
Event: 1.001 Thread 0x000001d17df24eb0 Uncommon trap: trap_request=0xffffff45 fr.pc=0x000001d12e07bf9c relative=0x00000000000004bc
Event: 1.002 Thread 0x000001d17df24eb0 Uncommon trap: reason=unstable_if action=reinterpret pc=0x000001d12e07bf9c method=java.lang.StringLatin1.canEncode(C)Z @ 4 c2
Event: 1.002 Thread 0x000001d17df24eb0 DEOPT PACKING pc=0x000001d12e07bf9c sp=0x00000089b8ffbe90
Event: 1.002 Thread 0x000001d17df24eb0 DEOPT UNPACKING pc=0x000001d12dad46a2 sp=0x00000089b8ffbe08 mode 2
Event: 1.002 Thread 0x000001d17df24eb0 Uncommon trap: trap_request=0xffffff45 fr.pc=0x000001d12e07f76c relative=0x000000000000006c
Event: 1.002 Thread 0x000001d17df24eb0 Uncommon trap: reason=unstable_if action=reinterpret pc=0x000001d12e07f76c method=java.lang.AbstractStringBuilder.isLatin1()Z @ 10 c2
Event: 1.002 Thread 0x000001d17df24eb0 DEOPT PACKING pc=0x000001d12e07f76c sp=0x00000089b8ffbe80
Event: 1.002 Thread 0x000001d17df24eb0 DEOPT UNPACKING pc=0x000001d12dad46a2 sp=0x00000089b8ffbe10 mode 2
Event: 1.002 Thread 0x000001d17df24eb0 Uncommon trap: trap_request=0xffffff45 fr.pc=0x000001d12e09e67c relative=0x00000000000004bc
Event: 1.002 Thread 0x000001d17df24eb0 Uncommon trap: reason=unstable_if action=reinterpret pc=0x000001d12e09e67c method=java.lang.AbstractStringBuilder.isLatin1()Z @ 10 c2
Event: 1.002 Thread 0x000001d17df24eb0 DEOPT PACKING pc=0x000001d12e09e67c sp=0x00000089b8ffbea0
Event: 1.002 Thread 0x000001d17df24eb0 DEOPT UNPACKING pc=0x000001d12dad46a2 sp=0x00000089b8ffbdf8 mode 2

Classes loaded (20 events):
Event: 0.932 Loading class sun/util/locale/provider/BreakIteratorProviderImpl
Event: 0.932 Loading class sun/util/locale/provider/BreakIteratorProviderImpl done
Event: 0.934 Loading class sun/util/locale/provider/JRELocaleConstants
Event: 0.934 Loading class sun/util/locale/provider/JRELocaleConstants done
Event: 0.934 Loading class sun/util/locale/LocaleExtensions
Event: 0.934 Loading class sun/util/locale/LocaleExtensions done
Event: 0.934 Loading class sun/util/locale/UnicodeLocaleExtension
Event: 0.934 Loading class sun/util/locale/Extension
Event: 0.935 Loading class sun/util/locale/Extension done
Event: 0.935 Loading class sun/util/locale/UnicodeLocaleExtension done
Event: 0.935 Loading class java/util/Locale$LocaleKey
Event: 0.935 Loading class java/util/Locale$LocaleKey done
Event: 0.937 Loading class sun/util/locale/provider/CollatorProviderImpl
Event: 0.938 Loading class sun/util/locale/provider/CollatorProviderImpl done
Event: 0.969 Loading class sun/util/locale/provider/JRELocaleProviderAdapter$AvailableJRELocales
Event: 0.969 Loading class sun/util/locale/provider/JRELocaleProviderAdapter$AvailableJRELocales done
Event: 0.971 Loading class sun/util/locale/provider/CurrencyNameProviderImpl
Event: 0.971 Loading class sun/util/locale/provider/CurrencyNameProviderImpl done
Event: 0.976 Loading class sun/util/locale/provider/LocaleNameProviderImpl
Event: 0.977 Loading class sun/util/locale/provider/LocaleNameProviderImpl done

Classes unloaded (0 events):
No events

Classes redefined (0 events):
No events

Internal exceptions (20 events):
Event: 1.060 Thread 0x000001d17df24eb0 Exception <a 'java/lang/ClassNotFoundException'{0x000000074bc82490}: com/sun/glass/ui/win/themes_fr_DZ> (0x000000074bc82490) 
thrown [s\open\src\hotspot\share\prims\jni.cpp, line 539]
Event: 1.060 Thread 0x000001d17df24eb0 Exception <a 'java/lang/ClassNotFoundException'{0x000000074bc83838}: com/sun/glass/ui/win/themes_frr> (0x000000074bc83838) 
thrown [s\open\src\hotspot\share\prims\jni.cpp, line 539]
Event: 1.060 Thread 0x000001d17df24eb0 Exception <a 'java/lang/ClassNotFoundException'{0x000000074bc84610}: com/sun/glass/ui/win/themes_frr_DE> (0x000000074bc84610) 
thrown [s\open\src\hotspot\share\prims\jni.cpp, line 539]
Event: 1.060 Thread 0x000001d17df24eb0 Exception <a 'java/lang/ClassNotFoundException'{0x000000074bc853f0}: com/sun/glass/ui/win/themes_frr_Latn> (0x000000074bc853f0) 
thrown [s\open\src\hotspot\share\prims\jni.cpp, line 539]
Event: 1.060 Thread 0x000001d17df24eb0 Exception <a 'java/lang/ClassNotFoundException'{0x000000074bc861d0}: com/sun/glass/ui/win/themes_frr_Latn_DE> (0x000000074bc861d0) 
thrown [s\open\src\hotspot\share\prims\jni.cpp, line 539]
Event: 1.060 Thread 0x000001d17df24eb0 Exception <a 'java/lang/ClassNotFoundException'{0x000000074bc87200}: com/sun/glass/ui/win/themes_qu_EC> (0x000000074bc87200) 
thrown [s\open\src\hotspot\share\prims\jni.cpp, line 539]
Event: 1.060 Thread 0x000001d17df24eb0 Exception <a 'java/lang/ClassNotFoundException'{0x000000074bc881c8}: com/sun/glass/ui/win/themes_hsb> (0x000000074bc881c8) 
thrown [s\open\src\hotspot\share\prims\jni.cpp, line 539]
Event: 1.060 Thread 0x000001d17df24eb0 Exception <a 'java/lang/ClassNotFoundException'{0x000000074bc895b0}: com/sun/glass/ui/win/themes_ka_Geor> (0x000000074bc895b0) 
thrown [s\open\src\hotspot\share\prims\jni.cpp, line 539]
Event: 1.060 Thread 0x000001d17df24eb0 Exception <a 'java/lang/ClassNotFoundException'{0x000000074bc8a390}: com/sun/glass/ui/win/themes_ka_Geor_GE> (0x000000074bc8a390) 
thrown [s\open\src\hotspot\share\prims\jni.cpp, line 539]
Event: 1.060 Thread 0x000001d17df24eb0 Exception <a 'java/lang/ClassNotFoundException'{0x000000074bc8b380}: com/sun/glass/ui/win/themes_en_MS> (0x000000074bc8b380) 
thrown [s\open\src\hotspot\share\prims\jni.cpp, line 539]
Event: 1.060 Thread 0x000001d17df24eb0 Exception <a 'java/lang/ClassNotFoundException'{0x000000074bc8c508}: com/sun/glass/ui/win/themes_kok_IN> (0x000000074bc8c508) 
thrown [s\open\src\hotspot\share\prims\jni.cpp, line 539]
Event: 1.060 Thread 0x000001d17df24eb0 Exception <a 'java/lang/ClassNotFoundException'{0x000000074bc8d2e8}: com/sun/glass/ui/win/themes_kok_Deva> (0x000000074bc8d2e8) 
thrown [s\open\src\hotspot\share\prims\jni.cpp, line 539]
Event: 1.061 Thread 0x000001d17df24eb0 Exception <a 'java/lang/ClassNotFoundException'{0x000000074bc8e0c8}: com/sun/glass/ui/win/themes_kok_Deva_IN> (0x000000074bc8e0c8) 
thrown [s\open\src\hotspot\share\prims\jni.cpp, line 539]
Event: 1.061 Thread 0x000001d17df24eb0 Exception <a 'java/lang/ClassNotFoundException'{0x000000074bc8f0b8}: com/sun/glass/ui/win/themes_en_GG> (0x000000074bc8f0b8) 
thrown [s\open\src\hotspot\share\prims\jni.cpp, line 539]
Event: 1.061 Thread 0x000001d17df24eb0 Exception <a 'java/lang/ClassNotFoundException'{0x000000074bc90240}: com/sun/glass/ui/win/themes_lij_IT> (0x000000074bc90240) 
thrown [s\open\src\hotspot\share\prims\jni.cpp, line 539]
Event: 1.061 Thread 0x000001d17df24eb0 Exception <a 'java/lang/ClassNotFoundException'{0x000000074bc91020}: com/sun/glass/ui/win/themes_lij_Latn> (0x000000074bc91020) 
thrown [s\open\src\hotspot\share\prims\jni.cpp, line 539]
Event: 1.061 Thread 0x000001d17df24eb0 Exception <a 'java/lang/ClassNotFoundException'{0x000000074bc91e00}: com/sun/glass/ui/win/themes_lij_Latn_IT> (0x000000074bc91e00) 
thrown [s\open\src\hotspot\share\prims\jni.cpp, line 539]
Event: 1.061 Thread 0x000001d17df24eb0 Exception <a 'java/lang/ClassNotFoundException'{0x000000074bc92fc0}: com/sun/glass/ui/win/themes_kde> (0x000000074bc92fc0) 
thrown [s\open\src\hotspot\share\prims\jni.cpp, line 539]
Event: 1.061 Thread 0x000001d17df24eb0 Exception <a 'java/lang/ClassNotFoundException'{0x000000074bc93d98}: com/sun/glass/ui/win/themes_kde_TZ> (0x000000074bc93d98) 
thrown [s\open\src\hotspot\share\prims\jni.cpp, line 539]
Event: 1.061 Thread 0x000001d17df24eb0 Exception <a 'java/lang/ClassNotFoundException'{0x000000074bc94b78}: com/sun/glass/ui/win/themes_kde_Latn> (0x000000074bc94b78) 
thrown [s\open\src\hotspot\share\prims\jni.cpp, line 539]

ZGC Phase Switch (0 events):
No events

VM Operations (20 events):
Event: 0.223 Executing VM operation: HandshakeAllThreads (Deoptimize)
Event: 0.223 Executing VM operation: HandshakeAllThreads (Deoptimize) done
Event: 0.266 Executing VM operation: HandshakeAllThreads (Deoptimize)
Event: 0.266 Executing VM operation: HandshakeAllThreads (Deoptimize) done
Event: 0.282 Executing VM operation: HandshakeAllThreads (Deoptimize)
Event: 0.282 Executing VM operation: HandshakeAllThreads (Deoptimize) done
Event: 0.333 Executing VM operation: ICBufferFull
Event: 0.333 Executing VM operation: ICBufferFull done
Event: 0.442 Executing VM operation: HandshakeAllThreads (Deoptimize)
Event: 0.442 Executing VM operation: HandshakeAllThreads (Deoptimize) done
Event: 0.452 Executing VM operation: HandshakeAllThreads (Deoptimize)
Event: 0.452 Executing VM operation: HandshakeAllThreads (Deoptimize) done
Event: 0.470 Executing VM operation: G1CollectForAllocation (G1 Evacuation Pause)
Event: 0.474 Executing VM operation: G1CollectForAllocation (G1 Evacuation Pause) done
Event: 0.503 Executing VM operation: HandshakeAllThreads (Deoptimize)
Event: 0.503 Executing VM operation: HandshakeAllThreads (Deoptimize) done
Event: 0.530 Executing VM operation: HandshakeAllThreads (Deoptimize)
Event: 0.530 Executing VM operation: HandshakeAllThreads (Deoptimize) done
Event: 1.028 Executing VM operation: ICBufferFull
Event: 1.028 Executing VM operation: ICBufferFull done

Memory protections (0 events):
No events

Nmethod flushes (0 events):
No events

Events (20 events):
Event: 0.032 Thread 0x000001d11bf53330 Thread added: 0x000001d13bde4900
Event: 0.032 Thread 0x000001d11bf53330 Thread added: 0x000001d13bde8860
Event: 0.032 Thread 0x000001d11bf53330 Thread added: 0x000001d13bdf5620
Event: 0.032 Thread 0x000001d11bf53330 Thread added: 0x000001d13bdf60d0
Event: 0.059 Thread 0x000001d11bf53330 Thread added: 0x000001d13bda9460
Event: 0.097 Thread 0x000001d13bdf60d0 Thread added: 0x000001d17d190860
Event: 0.104 Thread 0x000001d13bdf60d0 Thread added: 0x000001d17d2801e0
Event: 0.193 Thread 0x000001d11bf53330 Thread added: 0x000001d17d9abd80
Event: 0.193 Thread 0x000001d11bf53330 Thread added: 0x000001d17d691020
Event: 0.469 Thread 0x000001d11bf53330 Thread added: 0x000001d17da6cea0
Event: 0.490 Thread 0x000001d13bde1e90 Thread added: 0x000001d17de04740
Event: 0.503 Thread 0x000001d17de04740 Thread added: 0x000001d17df3fda0
Event: 0.512 Thread 0x000001d11bf53330 Thread added: 0x000001d17dd6d340
Event: 0.515 Thread 0x000001d11bf53330 Thread added: 0x000001d17df24eb0
Event: 0.521 Thread 0x000001d17df3fda0 Thread added: 0x000001d17dd65ea0
Event: 0.528 Thread 0x000001d17df3fda0 Thread added: 0x000001d17df8df60
Event: 0.594 Thread 0x000001d11bf53330 Thread added: 0x000001d17e44bd00
Event: 0.594 Thread 0x000001d17e44c390 Thread added: 0x000001d17e44c390
Event: 0.914 Thread 0x000001d17d2801e0 Thread exited: 0x000001d17d2801e0
Event: 0.963 Thread 0x000001d13bdf60d0 Thread added: 0x000001d17e5d51d0


Dynamic libraries:
0x00007ff78aba0000 - 0x00007ff78abb0000 	C:\Program Files\Java\jdk-22\bin\java.exe
0x00007ffa29830000 - 0x00007ffa29a28000 	C:\Windows\SYSTEM32\ntdll.dll
0x00007ffa27d70000 - 0x00007ffa27e32000 	C:\Windows\System32\KERNEL32.DLL
0x00007ffa27190000 - 0x00007ffa2748f000 	C:\Windows\System32\KERNELBASE.dll
0x00007ffa27600000 - 0x00007ffa27700000 	C:\Windows\System32\ucrtbase.dll
0x00007ffa21010000 - 0x00007ffa2102b000 	C:\Program Files\Java\jdk-22\bin\VCRUNTIME140.dll
0x00007ffa20720000 - 0x00007ffa20737000 	C:\Program Files\Java\jdk-22\bin\jli.dll
0x00007ffa27f90000 - 0x00007ffa2812d000 	C:\Windows\System32\USER32.dll
0x00007ffa275d0000 - 0x00007ffa275f2000 	C:\Windows\System32\win32u.dll
0x00007ffa27ba0000 - 0x00007ffa27bcb000 	C:\Windows\System32\GDI32.dll
0x00007ffa119d0000 - 0x00007ffa11c6a000 	C:\Windows\WinSxS\amd64_microsoft.windows.common-controls_6595b64144ccf1df_6.0.19041.4355_none_60b8b9eb71f62e16\COMCTL32.dll
0x00007ffa27700000 - 0x00007ffa2781a000 	C:\Windows\System32\gdi32full.dll
0x00007ffa27ee0000 - 0x00007ffa27f7e000 	C:\Windows\System32\msvcrt.dll
0x00007ffa26f20000 - 0x00007ffa26fbd000 	C:\Windows\System32\msvcp_win.dll
0x00007ffa28940000 - 0x00007ffa2896f000 	C:\Windows\System32\IMM32.DLL
0x00007ffa21050000 - 0x00007ffa2105c000 	C:\Program Files\Java\jdk-22\bin\vcruntime140_1.dll
0x00007ffa1c280000 - 0x00007ffa1c30e000 	C:\Program Files\Java\jdk-22\bin\msvcp140.dll
0x00007ff9f06a0000 - 0x00007ff9f13e9000 	C:\Program Files\Java\jdk-22\bin\server\jvm.dll
0x00007ffa27af0000 - 0x00007ffa27b9f000 	C:\Windows\System32\ADVAPI32.dll
0x00007ffa27e40000 - 0x00007ffa27edf000 	C:\Windows\System32\sechost.dll
0x00007ffa296c0000 - 0x00007ffa297e3000 	C:\Windows\System32\RPCRT4.dll
0x00007ffa27820000 - 0x00007ffa27847000 	C:\Windows\System32\bcrypt.dll
0x00007ffa282e0000 - 0x00007ffa2834b000 	C:\Windows\System32\WS2_32.dll
0x00007ffa26d30000 - 0x00007ffa26d7b000 	C:\Windows\SYSTEM32\POWRPROF.dll
0x00007ffa22cb0000 - 0x00007ffa22cba000 	C:\Windows\SYSTEM32\VERSION.dll
0x00007ffa11990000 - 0x00007ffa119b7000 	C:\Windows\SYSTEM32\WINMM.dll
0x00007ffa26d10000 - 0x00007ffa26d22000 	C:\Windows\SYSTEM32\UMPDC.dll
0x00007ffa25530000 - 0x00007ffa25542000 	C:\Windows\SYSTEM32\kernel.appcore.dll
0x00007ffa21000000 - 0x00007ffa2100a000 	C:\Program Files\Java\jdk-22\bin\jimage.dll
0x00007ffa25270000 - 0x00007ffa25454000 	C:\Windows\SYSTEM32\DBGHELP.DLL
0x00007ffa026c0000 - 0x00007ffa026f4000 	C:\Windows\SYSTEM32\dbgcore.DLL
0x00007ffa27540000 - 0x00007ffa275c2000 	C:\Windows\System32\bcryptPrimitives.dll
0x00007ffa1d7b0000 - 0x00007ffa1d7bf000 	C:\Program Files\Java\jdk-22\bin\instrument.dll
0x00007ffa1e9e0000 - 0x00007ffa1e9fe000 	C:\Program Files\Java\jdk-22\bin\java.dll
0x00007ffa28ce0000 - 0x00007ffa2944d000 	C:\Windows\System32\SHELL32.dll
0x00007ffa294b0000 - 0x00007ffa295db000 	C:\Windows\System32\ole32.dll
0x00007ffa28970000 - 0x00007ffa28cc5000 	C:\Windows\System32\combase.dll
0x00007ffa24ac0000 - 0x00007ffa25264000 	C:\Windows\SYSTEM32\windows.storage.dll
0x00007ffa26830000 - 0x00007ffa2685b000 	C:\Windows\SYSTEM32\Wldp.dll
0x00007ffa27850000 - 0x00007ffa2791d000 	C:\Windows\System32\OLEAUT32.dll
0x00007ffa283b0000 - 0x00007ffa2845d000 	C:\Windows\System32\SHCORE.dll
0x00007ffa29660000 - 0x00007ffa296b5000 	C:\Windows\System32\shlwapi.dll
0x00007ffa26e00000 - 0x00007ffa26e25000 	C:\Windows\SYSTEM32\profapi.dll
0x00007ffa03520000 - 0x00007ffa035f7000 	C:\Program Files\Java\jdk-22\bin\jsvml.dll
0x00007ffa1d570000 - 0x00007ffa1d580000 	C:\Program Files\Java\jdk-22\bin\net.dll
0x00007ffa26590000 - 0x00007ffa265fc000 	C:\Windows\system32\mswsock.dll
0x00007ffa1d520000 - 0x00007ffa1d536000 	C:\Program Files\Java\jdk-22\bin\nio.dll
0x00007ffa1c440000 - 0x00007ffa1c457000 	C:\Program Files\Java\jdk-22\bin\zip.dll
0x00007ffa262b0000 - 0x00007ffa2637a000 	C:\Windows\SYSTEM32\DNSAPI.dll
0x00007ffa26270000 - 0x00007ffa262ab000 	C:\Windows\SYSTEM32\IPHLPAPI.DLL
0x00007ffa27f80000 - 0x00007ffa27f88000 	C:\Windows\System32\NSI.dll
0x0000000067070000 - 0x0000000067096000 	C:\Program Files\Bonjour\mdnsNSP.dll
0x00007ffa1d8e0000 - 0x00007ffa1d8ea000 	C:\Windows\System32\rasadhlp.dll
0x00007ffa22e00000 - 0x00007ffa22e80000 	C:\Windows\System32\fwpuclnt.dll
0x00007ffa1c430000 - 0x00007ffa1c43a000 	C:\Program Files\Java\jdk-22\bin\management.dll
0x00007ffa1c270000 - 0x00007ffa1c27b000 	C:\Program Files\Java\jdk-22\bin\management_ext.dll
0x00007ffa27d60000 - 0x00007ffa27d68000 	C:\Windows\System32\PSAPI.DLL
0x000001d11c200000 - 0x000001d11c203000 	C:\Users\ALAllaire\.openjfx\cache\23.0.1+4\amd64\api-ms-win-core-console-l1-1-0.dll
0x000001d11e0f0000 - 0x000001d11e0f3000 	C:\Users\ALAllaire\.openjfx\cache\23.0.1+4\amd64\api-ms-win-core-console-l1-2-0.dll
0x000001d11e100000 - 0x000001d11e103000 	C:\Users\ALAllaire\.openjfx\cache\23.0.1+4\amd64\api-ms-win-core-datetime-l1-1-0.dll
0x000001d11e110000 - 0x000001d11e113000 	C:\Users\ALAllaire\.openjfx\cache\23.0.1+4\amd64\api-ms-win-core-debug-l1-1-0.dll
0x000001d11e130000 - 0x000001d11e133000 	C:\Users\ALAllaire\.openjfx\cache\23.0.1+4\amd64\api-ms-win-core-errorhandling-l1-1-0.dll
0x000001d11e140000 - 0x000001d11e144000 	C:\Users\ALAllaire\.openjfx\cache\23.0.1+4\amd64\api-ms-win-core-file-l1-1-0.dll
0x000001d11e150000 - 0x000001d11e153000 	C:\Users\ALAllaire\.openjfx\cache\23.0.1+4\amd64\api-ms-win-core-file-l1-2-0.dll
0x000001d11e160000 - 0x000001d11e163000 	C:\Users\ALAllaire\.openjfx\cache\23.0.1+4\amd64\api-ms-win-core-file-l2-1-0.dll
0x000001d11e170000 - 0x000001d11e173000 	C:\Users\ALAllaire\.openjfx\cache\23.0.1+4\amd64\api-ms-win-core-handle-l1-1-0.dll
0x000001d11e180000 - 0x000001d11e183000 	C:\Users\ALAllaire\.openjfx\cache\23.0.1+4\amd64\api-ms-win-core-heap-l1-1-0.dll
0x000001d11e190000 - 0x000001d11e193000 	C:\Users\ALAllaire\.openjfx\cache\23.0.1+4\amd64\api-ms-win-core-interlocked-l1-1-0.dll
0x000001d11e1a0000 - 0x000001d11e1a3000 	C:\Users\ALAllaire\.openjfx\cache\23.0.1+4\amd64\api-ms-win-core-libraryloader-l1-1-0.dll
0x000001d11e1b0000 - 0x000001d11e1b3000 	C:\Users\ALAllaire\.openjfx\cache\23.0.1+4\amd64\api-ms-win-core-localization-l1-2-0.dll
0x000001d13bf90000 - 0x000001d13bf93000 	C:\Users\ALAllaire\.openjfx\cache\23.0.1+4\amd64\api-ms-win-core-memory-l1-1-0.dll
0x000001d13bfa0000 - 0x000001d13bfa3000 	C:\Users\ALAllaire\.openjfx\cache\23.0.1+4\amd64\api-ms-win-core-namedpipe-l1-1-0.dll
0x000001d13bfb0000 - 0x000001d13bfb3000 	C:\Users\ALAllaire\.openjfx\cache\23.0.1+4\amd64\api-ms-win-core-processenvironment-l1-1-0.dll
0x000001d13bfc0000 - 0x000001d13bfc3000 	C:\Users\ALAllaire\.openjfx\cache\23.0.1+4\amd64\api-ms-win-core-processthreads-l1-1-0.dll
0x000001d13bfd0000 - 0x000001d13bfd3000 	C:\Users\ALAllaire\.openjfx\cache\23.0.1+4\amd64\api-ms-win-core-processthreads-l1-1-1.dll
0x000001d13bfe0000 - 0x000001d13bfe3000 	C:\Users\ALAllaire\.openjfx\cache\23.0.1+4\amd64\api-ms-win-core-profile-l1-1-0.dll
0x000001d13bff0000 - 0x000001d13bff3000 	C:\Users\ALAllaire\.openjfx\cache\23.0.1+4\amd64\api-ms-win-core-rtlsupport-l1-1-0.dll
0x000001d17ef10000 - 0x000001d17ef13000 	C:\Users\ALAllaire\.openjfx\cache\23.0.1+4\amd64\api-ms-win-core-string-l1-1-0.dll
0x000001d17ef20000 - 0x000001d17ef23000 	C:\Users\ALAllaire\.openjfx\cache\23.0.1+4\amd64\api-ms-win-core-synch-l1-1-0.dll
0x000001d17ef30000 - 0x000001d17ef33000 	C:\Users\ALAllaire\.openjfx\cache\23.0.1+4\amd64\api-ms-win-core-synch-l1-2-0.dll
0x000001d17ef40000 - 0x000001d17ef43000 	C:\Users\ALAllaire\.openjfx\cache\23.0.1+4\amd64\api-ms-win-core-sysinfo-l1-1-0.dll
0x000001d17ef50000 - 0x000001d17ef53000 	C:\Users\ALAllaire\.openjfx\cache\23.0.1+4\amd64\api-ms-win-core-timezone-l1-1-0.dll
0x000001d17ef60000 - 0x000001d17ef63000 	C:\Users\ALAllaire\.openjfx\cache\23.0.1+4\amd64\api-ms-win-core-util-l1-1-0.dll
0x000001d17ef70000 - 0x000001d17ef73000 	C:\Users\ALAllaire\.openjfx\cache\23.0.1+4\amd64\api-ms-win-crt-conio-l1-1-0.dll
0x000001d17ef80000 - 0x000001d17ef84000 	C:\Users\ALAllaire\.openjfx\cache\23.0.1+4\amd64\api-ms-win-crt-convert-l1-1-0.dll
0x000001d17ef90000 - 0x000001d17ef93000 	C:\Users\ALAllaire\.openjfx\cache\23.0.1+4\amd64\api-ms-win-crt-environment-l1-1-0.dll
0x000001d17efa0000 - 0x000001d17efa3000 	C:\Users\ALAllaire\.openjfx\cache\23.0.1+4\amd64\api-ms-win-crt-filesystem-l1-1-0.dll
0x000001d17efb0000 - 0x000001d17efb3000 	C:\Users\ALAllaire\.openjfx\cache\23.0.1+4\amd64\api-ms-win-crt-heap-l1-1-0.dll
0x000001d17efc0000 - 0x000001d17efc3000 	C:\Users\ALAllaire\.openjfx\cache\23.0.1+4\amd64\api-ms-win-crt-locale-l1-1-0.dll
0x000001d17efd0000 - 0x000001d17efd5000 	C:\Users\ALAllaire\.openjfx\cache\23.0.1+4\amd64\api-ms-win-crt-math-l1-1-0.dll
0x000001d17efe0000 - 0x000001d17efe5000 	C:\Users\ALAllaire\.openjfx\cache\23.0.1+4\amd64\api-ms-win-crt-multibyte-l1-1-0.dll
0x000001d17eff0000 - 0x000001d17f000000 	C:\Users\ALAllaire\.openjfx\cache\23.0.1+4\amd64\api-ms-win-crt-private-l1-1-0.dll
0x000001d17f000000 - 0x000001d17f003000 	C:\Users\ALAllaire\.openjfx\cache\23.0.1+4\amd64\api-ms-win-crt-process-l1-1-0.dll
0x000001d17f010000 - 0x000001d17f014000 	C:\Users\ALAllaire\.openjfx\cache\23.0.1+4\amd64\api-ms-win-crt-runtime-l1-1-0.dll
0x000001d17f020000 - 0x000001d17f024000 	C:\Users\ALAllaire\.openjfx\cache\23.0.1+4\amd64\api-ms-win-crt-stdio-l1-1-0.dll
0x000001d17f030000 - 0x000001d17f034000 	C:\Users\ALAllaire\.openjfx\cache\23.0.1+4\amd64\api-ms-win-crt-string-l1-1-0.dll
0x000001d17f040000 - 0x000001d17f043000 	C:\Users\ALAllaire\.openjfx\cache\23.0.1+4\amd64\api-ms-win-crt-time-l1-1-0.dll
0x000001d17f050000 - 0x000001d17f053000 	C:\Users\ALAllaire\.openjfx\cache\23.0.1+4\amd64\api-ms-win-crt-utility-l1-1-0.dll
0x00007ff9c9630000 - 0x00007ff9c972c000 	C:\Users\ALAllaire\.openjfx\cache\23.0.1+4\amd64\ucrtbase.dll
0x00007ffa0b240000 - 0x00007ffa0b25b000 	C:\Users\ALAllaire\.openjfx\cache\23.0.1+4\amd64\vcruntime140.dll
0x00007ffa1c1a0000 - 0x00007ffa1c1ac000 	C:\Users\ALAllaire\.openjfx\cache\23.0.1+4\amd64\vcruntime140_1.dll
0x00007ff9dfb10000 - 0x00007ff9dfb9e000 	C:\Users\ALAllaire\.openjfx\cache\23.0.1+4\amd64\msvcp140.dll
0x00007ffa119c0000 - 0x00007ffa119c9000 	C:\Users\ALAllaire\.openjfx\cache\23.0.1+4\amd64\msvcp140_1.dll
0x00007ff9f4be0000 - 0x00007ff9f4c21000 	C:\Users\ALAllaire\.openjfx\cache\23.0.1+4\amd64\msvcp140_2.dll
0x00007ffa26790000 - 0x00007ffa267a8000 	C:\Windows\SYSTEM32\CRYPTSP.dll
0x00007ffa25eb0000 - 0x00007ffa25ee8000 	C:\Windows\system32\rsaenh.dll
0x00007ffa26dc0000 - 0x00007ffa26dee000 	C:\Windows\SYSTEM32\USERENV.dll
0x00007ffa26780000 - 0x00007ffa2678c000 	C:\Windows\SYSTEM32\CRYPTBASE.dll
0x00007ffa1d580000 - 0x00007ffa1d597000 	C:\Windows\system32\napinsp.dll
0x00007ffa1d7c0000 - 0x00007ffa1d7db000 	C:\Windows\system32\pnrpnsp.dll
0x00007ffa23110000 - 0x00007ffa23125000 	C:\Windows\system32\wshbth.dll
0x00007ffa20e40000 - 0x00007ffa20e5d000 	C:\Windows\system32\NLAapi.dll
0x00007ffa1da80000 - 0x00007ffa1da92000 	C:\Windows\System32\winrnr.dll
0x00007ffa018f0000 - 0x00007ffa01920000 	C:\Users\ALAllaire\.openjfx\cache\23.0.1+4\amd64\prism_d3d.dll
0x00007ff9dd040000 - 0x00007ff9dd211000 	C:\Windows\system32\d3d9.dll
0x00007ffa24710000 - 0x00007ffa2473f000 	C:\Windows\SYSTEM32\dwmapi.dll
0x00007ffa24330000 - 0x00007ffa243ce000 	C:\Windows\system32\uxtheme.dll
0x00007ff9b05f0000 - 0x00007ff9b0755000 	C:\Windows\System32\DriverStore\FileRepository\iigd_dch.inf_amd64_22c2c7607995c1e1\igdumdim64.dll
0x00007ff9a2c40000 - 0x00007ff9a6861000 	C:\Windows\System32\DriverStore\FileRepository\iigd_dch.inf_amd64_22c2c7607995c1e1\igd9dxva64.dll
0x00007ffa28460000 - 0x00007ffa288d1000 	C:\Windows\System32\SETUPAPI.dll
0x00007ffa26ed0000 - 0x00007ffa26f1e000 	C:\Windows\System32\cfgmgr32.dll
0x00007ffa1a0e0000 - 0x00007ffa1a4ad000 	C:\Windows\System32\DriverStore\FileRepository\iigd_dch.inf_amd64_22c2c7607995c1e1\igdgmm64.dll
0x00007ff9dff70000 - 0x00007ff9dffb5000 	C:\Users\ALAllaire\.openjfx\cache\23.0.1+4\amd64\glass.dll
0x00007ffa27c80000 - 0x00007ffa27d5a000 	C:\Windows\System32\COMDLG32.dll
0x00007ffa279d0000 - 0x00007ffa27ae5000 	C:\Windows\System32\MSCTF.dll
0x00007ffa011d0000 - 0x00007ffa011f7000 	C:\Windows\System32\DriverStore\FileRepository\iigd_dch.inf_amd64_22c2c7607995c1e1\igdinfo64.dll
0x00007ffa12fe0000 - 0x00007ffa15d27000 	C:\Windows\System32\DriverStore\FileRepository\iigd_dch.inf_amd64_22c2c7607995c1e1\igc64.dll
0x00007ffa21ee0000 - 0x00007ffa21f1b000 	C:\Windows\SYSTEM32\dxcore.dll

dbghelp: loaded successfully - version: 4.0.5 - missing functions: none
symbol engine: initialized successfully - sym options: 0x614 - pdb path: .;C:\Program Files\Java\jdk-22\bin;C:\Windows\SYSTEM32;C:\Windows\WinSxS\amd64_microsoft.windows.common-controls_6595b64144ccf1df_6.0.19041.4355_none_60b8b9eb71f62e16;C:\Program Files\Java\jdk-22\bin\server;C:\Program Files\Bonjour;C:\Users\ALAllaire\.openjfx\cache\23.0.1+4\amd64;C:\Windows\System32\DriverStore\FileRepository\iigd_dch.inf_amd64_22c2c7607995c1e1;C:\Program Files\Common Files\Microsoft Shared\Ink

VM Arguments:
jvm_args: -javaagent:D:\ASD - Vanier\IntelliJ IDEA 2024.3.5\lib\idea_rt.jar=51471 -Dfile.encoding=UTF-8 -Dsun.stdout.encoding=UTF-8 -Dsun.stderr.encoding=UTF-8 --module-path=C:\Users\ALAllaire\.m2\repository\org\openjfx\javafx-controls\23.0.1\javafx-controls-23.0.1-win.jar;C:\Users\ALAllaire\.m2\repository\org\openjfx\javafx-base\23.0.1\javafx-base-23.0.1-win.jar;C:\Users\ALAllaire\.m2\repository\org\openjfx\javafx-fxml\23.0.1\javafx-fxml-23.0.1-win.jar;C:\Users\ALAllaire\.m2\repository\org\openjfx\javafx-media\23.0.1\javafx-media-23.0.1-win.jar;D:\ASD - Vanier\Programming\escape_the_lab\target\classes;C:\Users\ALAllaire\.m2\repository\org\openjfx\javafx-graphics\23.0.1\javafx-graphics-23.0.1-win.jar -Djdk.module.main=com.example.escape_the_lab 
java_command: com.example.escape_the_lab/com.example.escape_the_lab.controller.GameController
java_class_path (initial): C:\Users\ALAllaire\.m2\repository\org\openjfx\javafx-controls\23.0.1\javafx-controls-23.0.1.jar;C:\Users\ALAllaire\.m2\repository\org\openjfx\javafx-graphics\23.0.1\javafx-graphics-23.0.1.jar;C:\Users\ALAllaire\.m2\repository\org\openjfx\javafx-base\23.0.1\javafx-base-23.0.1.jar;C:\Users\ALAllaire\.m2\repository\org\openjfx\javafx-fxml\23.0.1\javafx-fxml-23.0.1.jar;C:\Users\ALAllaire\.m2\repository\org\openjfx\javafx-media\23.0.1\javafx-media-23.0.1.jar
Launcher Type: SUN_STANDARD

[Global flags]
     intx CICompilerCount                          = 4                                         {product} {ergonomic}
     uint ConcGCThreads                            = 2                                         {product} {ergonomic}
     uint G1ConcRefinementThreads                  = 8                                         {product} {ergonomic}
   size_t G1HeapRegionSize                         = 2097152                                   {product} {ergonomic}
   size_t InitialHeapSize                          = 199229440                                 {product} {ergonomic}
   size_t MarkStackSize                            = 4194304                                   {product} {ergonomic}
   size_t MaxHeapSize                              = 3183476736                                {product} {ergonomic}
   size_t MaxNewSize                               = 1908408320                                {product} {ergonomic}
   size_t MinHeapDeltaBytes                        = 2097152                                   {product} {ergonomic}
   size_t MinHeapSize                              = 8388608                                   {product} {ergonomic}
    uintx NonNMethodCodeHeapSize                   = 5839372                                {pd product} {ergonomic}
    uintx NonProfiledCodeHeapSize                  = 122909434                              {pd product} {ergonomic}
    uintx ProfiledCodeHeapSize                     = 122909434                              {pd product} {ergonomic}
    uintx ReservedCodeCacheSize                    = 251658240                              {pd product} {ergonomic}
     bool SegmentedCodeCache                       = true                                      {product} {ergonomic}
   size_t SoftMaxHeapSize                          = 3183476736                             {manageable} {ergonomic}
     bool UseCompressedOops                        = true                           {product lp64_product} {ergonomic}
     bool UseG1GC                                  = true                                      {product} {ergonomic}
     bool UseLargePagesIndividualAllocation        = false                                  {pd product} {ergonomic}

Logging:
Log output configuration:
 #0: stdout all=warning uptime,level,tags foldmultilines=false
 #1: stderr all=off uptime,level,tags foldmultilines=false

Environment Variables:
PATH=C:\Program Files\Common Files\Oracle\Java\javapath;C:\Windows\system32;C:\Windows;C:\Windows\System32\Wbem;C:\Windows\System32\WindowsPowerShell\v1.0\;C:\Windows\System32\OpenSSH\;C:\Program Files (x86)\Druide\Antidote 9\Application\Bin64\;C:\Program Files (x86)\Druide\Antidote 9\Application\Bin32\;C:\Users\ALAllaire\AppData\Local\Microsoft\WindowsApps;C:\Users\ALAllaire\AppData\Local\Programs\Microsoft VS Code\bin;C:\Users\ALAllaire\AppData\Local\Programs\Git\cmd;C:\Users\ALAllaire\AppData\Local\GitHubDesktop\bin
USERNAME=ALAllaire
OS=Windows_NT
PROCESSOR_IDENTIFIER=Intel64 Family 6 Model 142 Stepping 12, GenuineIntel
TMP=C:\Users\ALALLA~1\AppData\Local\Temp
TEMP=C:\Users\ALALLA~1\AppData\Local\Temp




Periodic native trim disabled

---------------  S Y S T E M  ---------------

OS:
 Windows 10 , 64 bit Build 19041 (10.0.19041.5438)
OS uptime: 0 days 3:34 hours

CPU: total 8 (initial active 8) (4 cores per cpu, 2 threads per core) family 6 model 142 stepping 12 microcode 0xc0, cx8, cmov, fxsr, ht, mmx, 3dnowpref, sse, sse2, sse3, ssse3, sse4.1, sse4.2, popcnt, lzcnt, tsc, tscinvbit, avx, avx2, aes, erms, clmul, bmi1, bmi2, adx, fma, vzeroupper, clflush, clflushopt, rdtscp, f16c
Processor Information for all 8 processors :
  Max Mhz: 2112, Current Mhz: 1609, Mhz Limit: 1605

Memory: 4k page, system-wide physical 12139M (4076M free)
TotalPageFile size 14571M (AvailPageFile size 4420M)
current process WorkingSet (physical memory assigned to process): 212M, peak: 213M
current process commit charge ("private bytes"): 380M, peak: 380M

vm_info: Java HotSpot(TM) 64-Bit Server VM (22.0.2+9-70) for windows-amd64 JRE (22.0.2+9-70), built on 2024-06-04T16:52:23Z by "mach5one" with MS VC++ 17.6 (VS2022)

END.
