#
# A fatal error has been detected by the Java Runtime Environment:
#
#  EXCEPTION_ACCESS_VIOLATION (0xc0000005) at pc=0x00007ff9f0dab712, pid=2568, tid=1964
#
# JRE version: Java(TM) SE Runtime Environment (22.0.2+9) (build 22.0.2+9-70)
# Java VM: Java HotSpot(TM) 64-Bit Server VM (22.0.2+9-70, mixed mode, sharing, tiered, compressed oops, compressed class ptrs, g1 gc, windows-amd64)
# Problematic frame:
# V  [jvm.dll+0x70b712]
#
# No core dump will be written. Minidumps are not enabled by default on client versions of Windows
#
# If you would like to submit a bug report, please visit:
#   https://bugreport.java.com/bugreport/crash.jsp
#

---------------  S U M M A R Y ------------

Command Line: -javaagent:D:\ASD - Vanier\IntelliJ IDEA 2024.3.5\lib\idea_rt.jar=51985 -Dfile.encoding=UTF-8 -Dsun.stdout.encoding=UTF-8 -Dsun.stderr.encoding=UTF-8 --module-path=C:\Users\ALAllaire\.m2\repository\org\openjfx\javafx-controls\23.0.1\javafx-controls-23.0.1-win.jar;C:\Users\ALAllaire\.m2\repository\org\openjfx\javafx-base\23.0.1\javafx-base-23.0.1-win.jar;C:\Users\ALAllaire\.m2\repository\org\openjfx\javafx-fxml\23.0.1\javafx-fxml-23.0.1-win.jar;C:\Users\ALAllaire\.m2\repository\org\openjfx\javafx-media\23.0.1\javafx-media-23.0.1-win.jar;D:\ASD - Vanier\Programming\escape_the_lab\target\classes;C:\Users\ALAllaire\.m2\repository\org\openjfx\javafx-graphics\23.0.1\javafx-graphics-23.0.1-win.jar -Djdk.module.main=com.example.escape_the_lab com.example.escape_the_lab/com.example.escape_the_lab.controller.GameController

Host: Intel(R) Core(TM) i5-10210U CPU @ 1.60GHz, 8 cores, 11G,  Windows 10 , 64 bit Build 19041 (10.0.19041.5438)
Time: Sat Apr  5 16:29:39 2025 Est (heure d, 64 bit Build 19041 (10.0.19041.5438) elapsed time: 1.072964 seconds (0d 0h 0m 1s)

---------------  T H R E A D  ---------------

Current thread (0x0000016845385690):  JavaThread "C2 CompilerThread2" daemon [_thread_in_native, id=1964, stack(0x0000000dc7300000,0x0000000dc7400000) (1024K)]


Current CompileTask:
C2:1073 1999       4       java.util.Locale::forLanguageTag (74 bytes)

Stack: [0x0000000dc7300000,0x0000000dc7400000],  sp=0x0000000dc73fc1a0,  free space=1008k
Native frames: (J=compiled Java code, j=interpreted, Vv=VM code, C=native code)
V  [jvm.dll+0x70b712]  (no source info available)
V  [jvm.dll+0x70c40a]  (no source info available)
V  [jvm.dll+0x709e99]  (no source info available)
V  [jvm.dll+0x249606]  (no source info available)
V  [jvm.dll+0x246da6]  (no source info available)
V  [jvm.dll+0x1c4e80]  (no source info available)
V  [jvm.dll+0x2568f3]  (no source info available)
V  [jvm.dll+0x254baa]  (no source info available)
V  [jvm.dll+0x3f57a6]  (no source info available)
V  [jvm.dll+0x81dc0b]  (no source info available)
V  [jvm.dll+0x6e0d85]  (no source info available)
C  [ucrtbase.dll+0x21bb2]  (no source info available)
C  [KERNEL32.DLL+0x17374]  (no source info available)
C  [ntdll.dll+0x4cc91]  (no source info available)


siginfo: EXCEPTION_ACCESS_VIOLATION (0xc0000005), reading address 0x00000160468500b0


Registers:
RAX=0x0000016046850088, RBX=0x000001686cf8c3b8, RCX=0x0000000000000016, RDX=0x0000000000000007
RSP=0x0000000dc73fc1a0, RBP=0x0000000dc73fc279, RSI=0x0000000dc73fceb0, RDI=0x0000000dc73fc210
R8 =0x0000000000026e80, R9 =0x000001686d30fda0, R10=0x0000000000003230, R11=0x00000168452d7e40
R12=0x0000000dc73fceb0, R13=0x0000000000000000, R14=0x0000016845592bd0, R15=0x0000000000000001
RIP=0x00007ff9f0dab712, EFLAGS=0x0000000000010287


Register to memory mapping:

RAX=0x0000016046850088 is an unknown value
RBX=0x000001686cf8c3b8 points into unknown readable memory: 0x0000000dc73fe660 | 60 e6 3f c7 0d 00 00 00
RCX=0x0000000000000016 is an unknown value
RDX=0x0000000000000007 is an unknown value
RSP=0x0000000dc73fc1a0 is pointing into the stack for thread: 0x0000016845385690
RBP=0x0000000dc73fc279 is pointing into the stack for thread: 0x0000016845385690
RSI=0x0000000dc73fceb0 is pointing into the stack for thread: 0x0000016845385690
RDI=0x0000000dc73fc210 is pointing into the stack for thread: 0x0000016845385690
R8 =0x0000000000026e80 is an unknown value
R9 =0x000001686d30fda0 points into unknown readable memory: 0x0000000000000000 | 00 00 00 00 00 00 00 00
R10=0x0000000000003230 is an unknown value
R11=0x00000168452d7e40 points into unknown readable memory: 0x00007ff9f0fdbd10 | 10 bd fd f0 f9 7f 00 00
R12=0x0000000dc73fceb0 is pointing into the stack for thread: 0x0000016845385690
R13=0x0 is null
R14=0x0000016845592bd0 points into unknown readable memory: 0x0000016845ab9d00 | 00 9d ab 45 68 01 00 00
R15=0x0000000000000001 is an unknown value

Top of Stack: (sp=0x0000000dc73fc1a0)
0x0000000dc73fc1a0:   0000016845203c90 0000000000000079
0x0000000dc73fc1b0:   0000000000000001 0000016845592bd0
0x0000000dc73fc1c0:   00000168452d7df8 00007ff9f0dac40a
0x0000000dc73fc1d0:   0000000000000000 0000000000000902
0x0000000dc73fc1e0:   00000168452d7df8 0000000000000902
0x0000000dc73fc1f0:   00000168452ccbf0 00007ff900002000
0x0000000dc73fc200:   000001686d718a10 00000000000011eb
0x0000000dc73fc210:   0000000000000200 000001686d8c8f40
0x0000000dc73fc220:   0000000000000200 00000168452ccbf0
0x0000000dc73fc230:   0000000100000000 0000000000000000
0x0000000dc73fc240:   00000168452ccbf0 0000000000004000
0x0000000dc73fc250:   000001686d851050 0000000000000000
0x0000000dc73fc260:   0000090200000000 0000016845592bd0
0x0000000dc73fc270:   0000000000000000 00000000000b80b8
0x0000000dc73fc280:   0000016845592bb0 00000168455978e8
0x0000000dc73fc290:   0000016800000200 00007ff9f107a100
0x0000000dc73fc2a0:   0000000000000000 00000168451b37b0
0x0000000dc73fc2b0:   00000168451b3800 0000000dc73fe6b0
0x0000000dc73fc2c0:   00007ff9f107a138 0000000dc73fceb0
0x0000000dc73fc2d0:   0000000dc73fc410 00007ff9f0da9e99
0x0000000dc73fc2e0:   0000016845ab9d00 00000168452d7d70
0x0000000dc73fc2f0:   00000168452ccbf0 000001684558f900
0x0000000dc73fc300:   0000000dc73fe530 00007ff9f08e9606
0x0000000dc73fc310:   0000000dc73fe530 0000000dc73fe6b0
0x0000000dc73fc320:   000001686d3cfdf8 0000000dc73fc410
0x0000000dc73fc330:   0000000dc73ff200 00007ff9f0ed044f
0x0000000dc73fc340:   0000000000000000 0000000000000000
0x0000000dc73fc350:   0000016845385690 00007ff9f08e2d00
0x0000000dc73fc360:   0000016846bec470 00007ff9f107a138
0x0000000dc73fc370:   0000000000000000 0000000dc73fe530
0x0000000dc73fc380:   0000000000000000 00007ff9f107a138
0x0000000dc73fc390:   0000016845746400 00007ff9f0ed0132 

Instructions: (pc=0x00007ff9f0dab712)
0x00007ff9f0dab612:   08 72 0a 48 8d 41 08 49 89 41 18 eb 12 45 33 c0
0x00007ff9f0dab622:   49 8b c9 41 8d 50 08 e8 42 88 9b ff 48 8b c8 48
0x00007ff9f0dab632:   89 4e 10 4c 89 29 44 8b 7e 08 8d 53 01 85 d2 74
0x00007ff9f0dab642:   04 85 d3 74 0c 0f bd ca ba 01 00 00 00 ff c1 d3
0x00007ff9f0dab652:   e2 48 8b 0e 4a 8d 3c fd 00 00 00 00 44 8b ca 4c
0x00007ff9f0dab662:   8b c7 89 56 08 48 8b 56 10 49 c1 e1 03 44 89 6c
0x00007ff9f0dab672:   24 20 e8 a7 84 9b ff 44 8b 46 08 33 d2 45 2b c7
0x00007ff9f0dab682:   48 89 46 10 49 c1 e0 03 48 8d 0c 07 e8 af b6 20
0x00007ff9f0dab692:   00 48 8b 46 10 4d 89 24 06 48 8b 55 28 ff c3 3b
0x00007ff9f0dab6a2:   5a 08 0f 82 16 ff ff ff 4c 8b 7c 24 30 4c 8b 74
0x00007ff9f0dab6b2:   24 38 4c 8b 64 24 70 48 8b 7c 24 68 48 8b 74 24
0x00007ff9f0dab6c2:   60 48 83 c4 40 41 5d 5d 5b c3 cc cc cc cc 48 89
0x00007ff9f0dab6d2:   5c 24 08 48 89 74 24 10 57 48 83 ec 20 48 8b 59
0x00007ff9f0dab6e2:   20 48 8b fa 48 8b f1 8b 43 08 4c 8b 5b 20 85 c0
0x00007ff9f0dab6f2:   74 49 45 33 c0 44 8b d0 66 0f 1f 44 00 00 4c 8b
0x00007ff9f0dab702:   4b 18 4b 8b 04 01 48 85 c0 74 26 49 3b c3 74 21
0x00007ff9f0dab712:   8b 48 28 8b c1 c1 e8 05 3b 07 73 11 8b d0 83 e1
0x00007ff9f0dab722:   1f 48 8b 47 08 8b 04 90 0f a3 c8 72 04 4f 89 1c
0x00007ff9f0dab732:   01 49 83 c0 08 49 83 ea 01 75 c3 48 8d 4e 30 33
0x00007ff9f0dab742:   d2 41 b8 48 04 00 00 e8 f4 b5 20 00 48 8d 8e 78
0x00007ff9f0dab752:   04 00 00 33 d2 41 b8 48 04 00 00 e8 e0 b5 20 00
0x00007ff9f0dab762:   48 8d 8e c0 08 00 00 33 d2 41 b8 a0 00 00 00 48
0x00007ff9f0dab772:   8b 5c 24 30 48 8b 74 24 38 48 83 c4 20 5f e9 bd
0x00007ff9f0dab782:   b5 20 00 cc cc cc cc cc cc cc cc cc cc cc 40 53
0x00007ff9f0dab792:   41 55 41 57 48 83 ec 40 4c 8b e9 48 8b da 48 8b
0x00007ff9f0dab7a2:   49 10 48 89 4c 24 70 45 8b 7d 20 49 ff cf 4e 8d
0x00007ff9f0dab7b2:   3c f9 4c 89 7c 24 60 4c 3b f9 0f 82 de 01 00 00
0x00007ff9f0dab7c2:   8b 15 ac 12 59 00 65 48 8b 04 25 58 00 00 00 48
0x00007ff9f0dab7d2:   89 6c 24 68 48 89 74 24 38 48 89 7c 24 30 4c 89
0x00007ff9f0dab7e2:   64 24 28 4c 8d 24 d0 4c 89 74 24 20 66 90 49 8b
0x00007ff9f0dab7f2:   3f 33 ed 33 f6 44 8b 47 1c 45 85 c0 0f 84 6c 01
0x00007ff9f0dab802:   00 00 41 bf 70 00 00 00 66 0f 1f 44 00 00 4c 8b 


Stack slot to memory mapping:

stack at sp + 0 slots: 0x0000016845203c90 points into unknown readable memory: 0x00007ff9f1050bb8 | b8 0b 05 f1 f9 7f 00 00
stack at sp + 1 slots: 0x0000000000000079 is an unknown value
stack at sp + 2 slots: 0x0000000000000001 is an unknown value
stack at sp + 3 slots: 0x0000016845592bd0 points into unknown readable memory: 0x0000016845ab9d00 | 00 9d ab 45 68 01 00 00
stack at sp + 4 slots: 0x00000168452d7df8 points into unknown readable memory: 0x00007ff9f10669c0 | c0 69 06 f1 f9 7f 00 00
stack at sp + 5 slots: 0x00007ff9f0dac40a jvm.dll
stack at sp + 6 slots: 0x0 is null
stack at sp + 7 slots: 0x0000000000000902 is an unknown value


---------------  P R O C E S S  ---------------

Threads class SMR info:
_java_thread_list=0x00000168464b2370, length=23, elements={
0x000001684f3666f0, 0x000001686cf4d370, 0x000001686cf4ded0, 0x000001686cf50500,
0x000001686cf52f70, 0x000001686cf53de0, 0x000001686cf575c0, 0x000001686cf68cb0,
0x000001686cf6b380, 0x000001686cf59690, 0x00000168452cc250, 0x0000016845385690,
0x000001686cf59000, 0x000001686cf56f30, 0x000001686cf59d20, 0x000001686cf568a0,
0x000001686cf57c50, 0x000001686cf582e0, 0x000001686cf58970, 0x0000016845ee26a0,
0x0000016845ee4e00, 0x0000016845ee1980, 0x0000016845ee2d30
}

Java Threads: ( => current thread )
  0x000001684f3666f0 JavaThread "main"                              [_thread_blocked, id=12220, stack(0x0000000dc6100000,0x0000000dc6200000) (1024K)]
  0x000001686cf4d370 JavaThread "Reference Handler"          daemon [_thread_blocked, id=828, stack(0x0000000dc6900000,0x0000000dc6a00000) (1024K)]
  0x000001686cf4ded0 JavaThread "Finalizer"                  daemon [_thread_blocked, id=13184, stack(0x0000000dc6a00000,0x0000000dc6b00000) (1024K)]
  0x000001686cf50500 JavaThread "Signal Dispatcher"          daemon [_thread_blocked, id=5432, stack(0x0000000dc6b00000,0x0000000dc6c00000) (1024K)]
  0x000001686cf52f70 JavaThread "Attach Listener"            daemon [_thread_blocked, id=5256, stack(0x0000000dc6c00000,0x0000000dc6d00000) (1024K)]
  0x000001686cf53de0 JavaThread "Service Thread"             daemon [_thread_blocked, id=4272, stack(0x0000000dc6d00000,0x0000000dc6e00000) (1024K)]
  0x000001686cf575c0 JavaThread "Monitor Deflation Thread"   daemon [_thread_blocked, id=4384, stack(0x0000000dc6e00000,0x0000000dc6f00000) (1024K)]
  0x000001686cf68cb0 JavaThread "C2 CompilerThread0"         daemon [_thread_blocked, id=7252, stack(0x0000000dc6f00000,0x0000000dc7000000) (1024K)]
  0x000001686cf6b380 JavaThread "C1 CompilerThread0"         daemon [_thread_blocked, id=15020, stack(0x0000000dc7000000,0x0000000dc7100000) (1024K)]
  0x000001686cf59690 JavaThread "Common-Cleaner"             daemon [_thread_blocked, id=6716, stack(0x0000000dc7100000,0x0000000dc7200000) (1024K)]
  0x00000168452cc250 JavaThread "C2 CompilerThread1"         daemon [_thread_blocked, id=13600, stack(0x0000000dc7200000,0x0000000dc7300000) (1024K)]
=>0x0000016845385690 JavaThread "C2 CompilerThread2"         daemon [_thread_in_native, id=1964, stack(0x0000000dc7300000,0x0000000dc7400000) (1024K)]
  0x000001686cf59000 JavaThread "Monitor Ctrl-Break"         daemon [_thread_in_native, id=11688, stack(0x0000000dc7400000,0x0000000dc7500000) (1024K)]
  0x000001686cf56f30 JavaThread "Notification Thread"        daemon [_thread_blocked, id=13408, stack(0x0000000dc7500000,0x0000000dc7600000) (1024K)]
  0x000001686cf59d20 JavaThread "QuantumRenderer-0"          daemon [_thread_blocked, id=16248, stack(0x0000000dc7600000,0x0000000dc7700000) (1024K)]
  0x000001686cf568a0 JavaThread "RMI TCP Accept-0"           daemon [_thread_in_native, id=15080, stack(0x0000000dc7e00000,0x0000000dc7f00000) (1024K)]
  0x000001686cf57c50 JavaThread "InvokeLaterDispatcher"      daemon [_thread_blocked, id=15036, stack(0x0000000dc7f00000,0x0000000dc8000000) (1024K)]
  0x000001686cf582e0 JavaThread "JavaFX Application Thread"         [_thread_in_native, id=12348, stack(0x0000000dc8000000,0x0000000dc8100000) (1024K)]
  0x000001686cf58970 JavaThread "RMI TCP Connection(1)-10.0.0.49" daemon [_thread_in_native, id=14676, stack(0x0000000dc8100000,0x0000000dc8200000) (1024K)]
  0x0000016845ee26a0 JavaThread "RMI Scheduler(0)"           daemon [_thread_blocked, id=1484, stack(0x0000000dc8200000,0x0000000dc8300000) (1024K)]
  0x0000016845ee4e00 JavaThread "JMX server connection timeout 37" daemon [_thread_blocked, id=2744, stack(0x0000000dc8300000,0x0000000dc8400000) (1024K)]
  0x0000016845ee1980 JavaThread "JavaFX-Launcher"                   [_thread_blocked, id=15564, stack(0x0000000dc8800000,0x0000000dc8900000) (1024K)]
  0x0000016845ee2d30 JavaThread "Thread-2"                   daemon [_thread_in_native, id=14300, stack(0x0000000dc8700000,0x0000000dc8800000) (1024K)]
Total: 23

Other Threads:
  0x000001686cf2f940 VMThread "VM Thread"                           [id=14156, stack(0x0000000dc6800000,0x0000000dc6900000) (1024K)]
  0x000001686cf19220 WatcherThread "VM Periodic Task Thread"        [id=14412, stack(0x0000000dc6700000,0x0000000dc6800000) (1024K)]
  0x000001684f3bacb0 WorkerThread "GC Thread#0"                     [id=14580, stack(0x0000000dc6200000,0x0000000dc6300000) (1024K)]
  0x0000016845d3e4d0 WorkerThread "GC Thread#1"                     [id=12100, stack(0x0000000dc7700000,0x0000000dc7800000) (1024K)]
  0x0000016845d3e880 WorkerThread "GC Thread#2"                     [id=1724, stack(0x0000000dc7800000,0x0000000dc7900000) (1024K)]
  0x0000016845740a40 WorkerThread "GC Thread#3"                     [id=9168, stack(0x0000000dc7900000,0x0000000dc7a00000) (1024K)]
  0x0000016845e22a50 WorkerThread "GC Thread#4"                     [id=5996, stack(0x0000000dc7a00000,0x0000000dc7b00000) (1024K)]
  0x0000016846166c60 WorkerThread "GC Thread#5"                     [id=4868, stack(0x0000000dc7b00000,0x0000000dc7c00000) (1024K)]
  0x0000016846167010 WorkerThread "GC Thread#6"                     [id=11636, stack(0x0000000dc7c00000,0x0000000dc7d00000) (1024K)]
  0x00000168461673c0 WorkerThread "GC Thread#7"                     [id=6084, stack(0x0000000dc7d00000,0x0000000dc7e00000) (1024K)]
  0x000001684d2ecf30 ConcurrentGCThread "G1 Main Marker"            [id=9488, stack(0x0000000dc6300000,0x0000000dc6400000) (1024K)]
  0x000001684f3c4c90 WorkerThread "G1 Conc#0"                       [id=3152, stack(0x0000000dc6400000,0x0000000dc6500000) (1024K)]
  0x000001686cdf20c0 ConcurrentGCThread "G1 Refine#0"               [id=8780, stack(0x0000000dc6500000,0x0000000dc6600000) (1024K)]
  0x000001684f429090 ConcurrentGCThread "G1 Service"                [id=14740, stack(0x0000000dc6600000,0x0000000dc6700000) (1024K)]
Total: 14

Threads with active compile tasks:
C2 CompilerThread2  1213 1999       4       java.util.Locale::forLanguageTag (74 bytes)
Total: 1

VM state: not at safepoint (normal execution)

VM Mutex/Monitor currently owned by a thread: None

Heap address: 0x0000000742400000, size: 3036 MB, Compressed Oops mode: Zero based, Oop shift amount: 3

CDS archive(s) mapped at: [0x0000016800000000-0x0000016800c60000-0x0000016800c60000), size 12976128, SharedBaseAddress: 0x0000016800000000, ArchiveRelocationMode: 1.
Compressed class space mapped at: 0x0000016801000000-0x0000016841000000, reserved size: 1073741824
Narrow klass base: 0x0000016800000000, Narrow klass shift: 0, Narrow klass range: 0x41000000

GC Precious Log:
 CardTable entry size: 512
 Card Set container configuration: InlinePtr #cards 4 size 8 Array Of Cards #cards 16 size 48 Howl #buckets 8 coarsen threshold 3686 Howl Bitmap #cards 512 size 80 coarsen threshold 460 Card regions per heap region 1 cards per card region 4096
 CPUs: 8 total, 8 available
 Memory: 12139M
 Large Page Support: Disabled
 NUMA Support: Disabled
 Compressed Oops: Enabled (Zero based)
 Heap Region Size: 2M
 Heap Min Capacity: 8M
 Heap Initial Capacity: 190M
 Heap Max Capacity: 3036M
 Pre-touch: Disabled
 Parallel Workers: 8
 Concurrent Workers: 2
 Concurrent Refinement Workers: 8
 Periodic GC: Disabled

Heap:
 garbage-first heap   total reserved 3108864K, committed 194560K, used 64842K [0x0000000742400000, 0x0000000800000000)
  region size 2048K, 22 young (45056K), 2 survivors (4096K)
 Metaspace       used 13665K, committed 14016K, reserved 1114112K
  class space    used 1793K, committed 1920K, reserved 1048576K

Heap Regions: E=young(eden), S=young(survivor), O=old, HS=humongous(starts), HC=humongous(continues), CS=collection set, F=free, TAMS=top-at-mark-start, PB=parsable bottom
|   0|0x0000000742400000, 0x0000000742600000, 0x0000000742600000|100%|HS|  |TAMS 0x0000000742400000| PB 0x0000000742400000| Complete |  0
|   1|0x0000000742600000, 0x0000000742800000, 0x0000000742800000|100%|HC|  |TAMS 0x0000000742600000| PB 0x0000000742600000| Complete |  0
|   2|0x0000000742800000, 0x0000000742a00000, 0x0000000742a00000|100%|HS|  |TAMS 0x0000000742800000| PB 0x0000000742800000| Complete |  0
|   3|0x0000000742a00000, 0x0000000742c00000, 0x0000000742c00000|100%|HC|  |TAMS 0x0000000742a00000| PB 0x0000000742a00000| Complete |  0
|   4|0x0000000742c00000, 0x0000000742e00000, 0x0000000742e00000|100%|HS|  |TAMS 0x0000000742c00000| PB 0x0000000742c00000| Complete |  0
|   5|0x0000000742e00000, 0x0000000743000000, 0x0000000743000000|100%|HC|  |TAMS 0x0000000742e00000| PB 0x0000000742e00000| Complete |  0
|   6|0x0000000743000000, 0x0000000743200000, 0x0000000743200000|100%|HS|  |TAMS 0x0000000743000000| PB 0x0000000743000000| Complete |  0
|   7|0x0000000743200000, 0x0000000743400000, 0x0000000743400000|100%|HC|  |TAMS 0x0000000743200000| PB 0x0000000743200000| Complete |  0
|   8|0x0000000743400000, 0x0000000743600000, 0x0000000743600000|100%|HS|  |TAMS 0x0000000743400000| PB 0x0000000743400000| Complete |  0
|   9|0x0000000743600000, 0x0000000743800000, 0x0000000743800000|100%|HC|  |TAMS 0x0000000743600000| PB 0x0000000743600000| Complete |  0
|  10|0x0000000743800000, 0x0000000743a00000, 0x0000000743a00000|100%|HS|  |TAMS 0x0000000743800000| PB 0x0000000743800000| Complete |  0
|  11|0x0000000743a00000, 0x0000000743c00000, 0x0000000743c00000|100%|HC|  |TAMS 0x0000000743a00000| PB 0x0000000743a00000| Complete |  0
|  12|0x0000000743c00000, 0x0000000743c00000, 0x0000000743e00000|  0%| F|  |TAMS 0x0000000743c00000| PB 0x0000000743c00000| Untracked |  0
|  13|0x0000000743e00000, 0x0000000743e00000, 0x0000000744000000|  0%| F|  |TAMS 0x0000000743e00000| PB 0x0000000743e00000| Untracked |  0
|  14|0x0000000744000000, 0x0000000744000000, 0x0000000744200000|  0%| F|  |TAMS 0x0000000744000000| PB 0x0000000744000000| Untracked |  0
|  15|0x0000000744200000, 0x0000000744200000, 0x0000000744400000|  0%| F|  |TAMS 0x0000000744200000| PB 0x0000000744200000| Untracked |  0
|  16|0x0000000744400000, 0x0000000744400000, 0x0000000744600000|  0%| F|  |TAMS 0x0000000744400000| PB 0x0000000744400000| Untracked |  0
|  17|0x0000000744600000, 0x0000000744600000, 0x0000000744800000|  0%| F|  |TAMS 0x0000000744600000| PB 0x0000000744600000| Untracked |  0
|  18|0x0000000744800000, 0x0000000744800000, 0x0000000744a00000|  0%| F|  |TAMS 0x0000000744800000| PB 0x0000000744800000| Untracked |  0
|  19|0x0000000744a00000, 0x0000000744a00000, 0x0000000744c00000|  0%| F|  |TAMS 0x0000000744a00000| PB 0x0000000744a00000| Untracked |  0
|  20|0x0000000744c00000, 0x0000000744c00000, 0x0000000744e00000|  0%| F|  |TAMS 0x0000000744c00000| PB 0x0000000744c00000| Untracked |  0
|  21|0x0000000744e00000, 0x0000000744e00000, 0x0000000745000000|  0%| F|  |TAMS 0x0000000744e00000| PB 0x0000000744e00000| Untracked |  0
|  22|0x0000000745000000, 0x0000000745000000, 0x0000000745200000|  0%| F|  |TAMS 0x0000000745000000| PB 0x0000000745000000| Untracked |  0
|  23|0x0000000745200000, 0x0000000745200000, 0x0000000745400000|  0%| F|  |TAMS 0x0000000745200000| PB 0x0000000745200000| Untracked |  0
|  24|0x0000000745400000, 0x0000000745400000, 0x0000000745600000|  0%| F|  |TAMS 0x0000000745400000| PB 0x0000000745400000| Untracked |  0
|  25|0x0000000745600000, 0x0000000745600000, 0x0000000745800000|  0%| F|  |TAMS 0x0000000745600000| PB 0x0000000745600000| Untracked |  0
|  26|0x0000000745800000, 0x0000000745800000, 0x0000000745a00000|  0%| F|  |TAMS 0x0000000745800000| PB 0x0000000745800000| Untracked |  0
|  27|0x0000000745a00000, 0x0000000745a00000, 0x0000000745c00000|  0%| F|  |TAMS 0x0000000745a00000| PB 0x0000000745a00000| Untracked |  0
|  28|0x0000000745c00000, 0x0000000745c00000, 0x0000000745e00000|  0%| F|  |TAMS 0x0000000745c00000| PB 0x0000000745c00000| Untracked |  0
|  29|0x0000000745e00000, 0x0000000745e00000, 0x0000000746000000|  0%| F|  |TAMS 0x0000000745e00000| PB 0x0000000745e00000| Untracked |  0
|  30|0x0000000746000000, 0x0000000746000000, 0x0000000746200000|  0%| F|  |TAMS 0x0000000746000000| PB 0x0000000746000000| Untracked |  0
|  31|0x0000000746200000, 0x0000000746200000, 0x0000000746400000|  0%| F|  |TAMS 0x0000000746200000| PB 0x0000000746200000| Untracked |  0
|  32|0x0000000746400000, 0x0000000746400000, 0x0000000746600000|  0%| F|  |TAMS 0x0000000746400000| PB 0x0000000746400000| Untracked |  0
|  33|0x0000000746600000, 0x0000000746600000, 0x0000000746800000|  0%| F|  |TAMS 0x0000000746600000| PB 0x0000000746600000| Untracked |  0
|  34|0x0000000746800000, 0x0000000746800000, 0x0000000746a00000|  0%| F|  |TAMS 0x0000000746800000| PB 0x0000000746800000| Untracked |  0
|  35|0x0000000746a00000, 0x0000000746a00000, 0x0000000746c00000|  0%| F|  |TAMS 0x0000000746a00000| PB 0x0000000746a00000| Untracked |  0
|  36|0x0000000746c00000, 0x0000000746c00000, 0x0000000746e00000|  0%| F|  |TAMS 0x0000000746c00000| PB 0x0000000746c00000| Untracked |  0
|  37|0x0000000746e00000, 0x0000000746e00000, 0x0000000747000000|  0%| F|  |TAMS 0x0000000746e00000| PB 0x0000000746e00000| Untracked |  0
|  38|0x0000000747000000, 0x0000000747000000, 0x0000000747200000|  0%| F|  |TAMS 0x0000000747000000| PB 0x0000000747000000| Untracked |  0
|  39|0x0000000747200000, 0x0000000747200000, 0x0000000747400000|  0%| F|  |TAMS 0x0000000747200000| PB 0x0000000747200000| Untracked |  0
|  40|0x0000000747400000, 0x0000000747400000, 0x0000000747600000|  0%| F|  |TAMS 0x0000000747400000| PB 0x0000000747400000| Untracked |  0
|  41|0x0000000747600000, 0x0000000747600000, 0x0000000747800000|  0%| F|  |TAMS 0x0000000747600000| PB 0x0000000747600000| Untracked |  0
|  42|0x0000000747800000, 0x0000000747800000, 0x0000000747a00000|  0%| F|  |TAMS 0x0000000747800000| PB 0x0000000747800000| Untracked |  0
|  43|0x0000000747a00000, 0x0000000747a00000, 0x0000000747c00000|  0%| F|  |TAMS 0x0000000747a00000| PB 0x0000000747a00000| Untracked |  0
|  44|0x0000000747c00000, 0x0000000747c00000, 0x0000000747e00000|  0%| F|  |TAMS 0x0000000747c00000| PB 0x0000000747c00000| Untracked |  0
|  45|0x0000000747e00000, 0x0000000747e00000, 0x0000000748000000|  0%| F|  |TAMS 0x0000000747e00000| PB 0x0000000747e00000| Untracked |  0
|  46|0x0000000748000000, 0x0000000748000000, 0x0000000748200000|  0%| F|  |TAMS 0x0000000748000000| PB 0x0000000748000000| Untracked |  0
|  47|0x0000000748200000, 0x0000000748200000, 0x0000000748400000|  0%| F|  |TAMS 0x0000000748200000| PB 0x0000000748200000| Untracked |  0
|  48|0x0000000748400000, 0x0000000748400000, 0x0000000748600000|  0%| F|  |TAMS 0x0000000748400000| PB 0x0000000748400000| Untracked |  0
|  49|0x0000000748600000, 0x0000000748600000, 0x0000000748800000|  0%| F|  |TAMS 0x0000000748600000| PB 0x0000000748600000| Untracked |  0
|  50|0x0000000748800000, 0x0000000748800000, 0x0000000748a00000|  0%| F|  |TAMS 0x0000000748800000| PB 0x0000000748800000| Untracked |  0
|  51|0x0000000748a00000, 0x0000000748a00000, 0x0000000748c00000|  0%| F|  |TAMS 0x0000000748a00000| PB 0x0000000748a00000| Untracked |  0
|  52|0x0000000748c00000, 0x0000000748c00000, 0x0000000748e00000|  0%| F|  |TAMS 0x0000000748c00000| PB 0x0000000748c00000| Untracked |  0
|  53|0x0000000748e00000, 0x0000000748e00000, 0x0000000749000000|  0%| F|  |TAMS 0x0000000748e00000| PB 0x0000000748e00000| Untracked |  0
|  54|0x0000000749000000, 0x0000000749000000, 0x0000000749200000|  0%| F|  |TAMS 0x0000000749000000| PB 0x0000000749000000| Untracked |  0
|  55|0x0000000749200000, 0x0000000749200000, 0x0000000749400000|  0%| F|  |TAMS 0x0000000749200000| PB 0x0000000749200000| Untracked |  0
|  56|0x0000000749400000, 0x0000000749400000, 0x0000000749600000|  0%| F|  |TAMS 0x0000000749400000| PB 0x0000000749400000| Untracked |  0
|  57|0x0000000749600000, 0x0000000749600000, 0x0000000749800000|  0%| F|  |TAMS 0x0000000749600000| PB 0x0000000749600000| Untracked |  0
|  58|0x0000000749800000, 0x0000000749800000, 0x0000000749a00000|  0%| F|  |TAMS 0x0000000749800000| PB 0x0000000749800000| Untracked |  0
|  59|0x0000000749a00000, 0x0000000749a00000, 0x0000000749c00000|  0%| F|  |TAMS 0x0000000749a00000| PB 0x0000000749a00000| Untracked |  0
|  60|0x0000000749c00000, 0x0000000749c00000, 0x0000000749e00000|  0%| F|  |TAMS 0x0000000749c00000| PB 0x0000000749c00000| Untracked |  0
|  61|0x0000000749e00000, 0x0000000749e00000, 0x000000074a000000|  0%| F|  |TAMS 0x0000000749e00000| PB 0x0000000749e00000| Untracked |  0
|  62|0x000000074a000000, 0x000000074a000000, 0x000000074a200000|  0%| F|  |TAMS 0x000000074a000000| PB 0x000000074a000000| Untracked |  0
|  63|0x000000074a200000, 0x000000074a200000, 0x000000074a400000|  0%| F|  |TAMS 0x000000074a200000| PB 0x000000074a200000| Untracked |  0
|  64|0x000000074a400000, 0x000000074a400000, 0x000000074a600000|  0%| F|  |TAMS 0x000000074a400000| PB 0x000000074a400000| Untracked |  0
|  65|0x000000074a600000, 0x000000074a600000, 0x000000074a800000|  0%| F|  |TAMS 0x000000074a600000| PB 0x000000074a600000| Untracked |  0
|  66|0x000000074a800000, 0x000000074a800000, 0x000000074aa00000|  0%| F|  |TAMS 0x000000074a800000| PB 0x000000074a800000| Untracked |  0
|  67|0x000000074aa00000, 0x000000074aa00000, 0x000000074ac00000|  0%| F|  |TAMS 0x000000074aa00000| PB 0x000000074aa00000| Untracked |  0
|  68|0x000000074ac00000, 0x000000074ac00000, 0x000000074ae00000|  0%| F|  |TAMS 0x000000074ac00000| PB 0x000000074ac00000| Untracked |  0
|  69|0x000000074ae00000, 0x000000074ae00000, 0x000000074b000000|  0%| F|  |TAMS 0x000000074ae00000| PB 0x000000074ae00000| Untracked |  0
|  70|0x000000074b000000, 0x000000074b000000, 0x000000074b200000|  0%| F|  |TAMS 0x000000074b000000| PB 0x000000074b000000| Untracked |  0
|  71|0x000000074b200000, 0x000000074b200000, 0x000000074b400000|  0%| F|  |TAMS 0x000000074b200000| PB 0x000000074b200000| Untracked |  0
|  72|0x000000074b400000, 0x000000074b400000, 0x000000074b600000|  0%| F|  |TAMS 0x000000074b400000| PB 0x000000074b400000| Untracked |  0
|  73|0x000000074b600000, 0x000000074b6bac68, 0x000000074b800000| 36%| E|  |TAMS 0x000000074b600000| PB 0x000000074b600000| Complete |  0
|  74|0x000000074b800000, 0x000000074ba00000, 0x000000074ba00000|100%| E|CS|TAMS 0x000000074b800000| PB 0x000000074b800000| Complete |  1
|  75|0x000000074ba00000, 0x000000074bc00000, 0x000000074bc00000|100%| E|CS|TAMS 0x000000074ba00000| PB 0x000000074ba00000| Complete |  0
|  76|0x000000074bc00000, 0x000000074be00000, 0x000000074be00000|100%| E|CS|TAMS 0x000000074bc00000| PB 0x000000074bc00000| Complete |  0
|  77|0x000000074be00000, 0x000000074c000000, 0x000000074c000000|100%| E|CS|TAMS 0x000000074be00000| PB 0x000000074be00000| Complete |  0
|  78|0x000000074c000000, 0x000000074c200000, 0x000000074c200000|100%| E|CS|TAMS 0x000000074c000000| PB 0x000000074c000000| Complete |  0
|  79|0x000000074c200000, 0x000000074c400000, 0x000000074c400000|100%| E|CS|TAMS 0x000000074c200000| PB 0x000000074c200000| Complete |  0
|  80|0x000000074c400000, 0x000000074c600000, 0x000000074c600000|100%| E|CS|TAMS 0x000000074c400000| PB 0x000000074c400000| Complete |  0
|  81|0x000000074c600000, 0x000000074c7529f0, 0x000000074c800000| 66%| S|CS|TAMS 0x000000074c600000| PB 0x000000074c600000| Complete |  0
|  82|0x000000074c800000, 0x000000074ca00000, 0x000000074ca00000|100%| S|CS|TAMS 0x000000074c800000| PB 0x000000074c800000| Complete |  0
|  83|0x000000074ca00000, 0x000000074cc00000, 0x000000074cc00000|100%| E|CS|TAMS 0x000000074ca00000| PB 0x000000074ca00000| Complete |  0
|  84|0x000000074cc00000, 0x000000074ce00000, 0x000000074ce00000|100%| E|CS|TAMS 0x000000074cc00000| PB 0x000000074cc00000| Complete |  0
|  85|0x000000074ce00000, 0x000000074d000000, 0x000000074d000000|100%| E|CS|TAMS 0x000000074ce00000| PB 0x000000074ce00000| Complete |  0
|  86|0x000000074d000000, 0x000000074d200000, 0x000000074d200000|100%| E|CS|TAMS 0x000000074d000000| PB 0x000000074d000000| Complete |  0
|  87|0x000000074d200000, 0x000000074d400000, 0x000000074d400000|100%| E|CS|TAMS 0x000000074d200000| PB 0x000000074d200000| Complete |  0
|  88|0x000000074d400000, 0x000000074d600000, 0x000000074d600000|100%| E|CS|TAMS 0x000000074d400000| PB 0x000000074d400000| Complete |  0
|  89|0x000000074d600000, 0x000000074d800000, 0x000000074d800000|100%| E|CS|TAMS 0x000000074d600000| PB 0x000000074d600000| Complete |  0
|  90|0x000000074d800000, 0x000000074da00000, 0x000000074da00000|100%| E|CS|TAMS 0x000000074d800000| PB 0x000000074d800000| Complete |  0
|  91|0x000000074da00000, 0x000000074dc00000, 0x000000074dc00000|100%| E|CS|TAMS 0x000000074da00000| PB 0x000000074da00000| Complete |  1
|  92|0x000000074dc00000, 0x000000074de00000, 0x000000074de00000|100%| E|  |TAMS 0x000000074dc00000| PB 0x000000074dc00000| Complete |  0
|  93|0x000000074de00000, 0x000000074e000000, 0x000000074e000000|100%| E|CS|TAMS 0x000000074de00000| PB 0x000000074de00000| Complete |  0
|  94|0x000000074e000000, 0x000000074e200000, 0x000000074e200000|100%| E|CS|TAMS 0x000000074e000000| PB 0x000000074e000000| Complete |  0

Card table byte_map: [0x0000016866fe0000,0x00000168675d0000] _byte_map_base: 0x00000168635ce000

Marking Bits: (CMBitMap*) 0x000001684f3bb3c0
 Bits: [0x00000168675d0000, 0x000001686a540000)

Polling page: 0x000001684d500000

Metaspace:

Usage:
  Non-class:     11.59 MB used.
      Class:      1.75 MB used.
       Both:     13.35 MB used.

Virtual space:
  Non-class space:       64.00 MB reserved,      11.81 MB ( 18%) committed,  1 nodes.
      Class space:        1.00 GB reserved,       1.88 MB ( <1%) committed,  1 nodes.
             Both:        1.06 GB reserved,      13.69 MB (  1%) committed. 

Chunk freelists:
   Non-Class:  3.42 MB
       Class:  14.15 MB
        Both:  17.57 MB

MaxMetaspaceSize: unlimited
CompressedClassSpaceSize: 1.00 GB
Initial GC threshold: 21.00 MB
Current GC threshold: 21.00 MB
CDS: on
 - commit_granule_bytes: 65536.
 - commit_granule_words: 8192.
 - virtual_space_node_default_size: 8388608.
 - enlarge_chunks_in_place: 1.
 - use_allocation_guard: 0.


Internal statistics:

num_allocs_failed_limit: 0.
num_arena_births: 338.
num_arena_deaths: 0.
num_vsnodes_births: 2.
num_vsnodes_deaths: 0.
num_space_committed: 219.
num_space_uncommitted: 0.
num_chunks_returned_to_freelist: 0.
num_chunks_taken_from_freelist: 697.
num_chunk_merges: 0.
num_chunk_splits: 438.
num_chunks_enlarged: 261.
num_inconsistent_stats: 0.

CodeHeap 'non-profiled nmethods': size=120000Kb used=987Kb max_used=987Kb free=119012Kb
 bounds [0x000001685f190000, 0x000001685f400000, 0x00000168666c0000]
CodeHeap 'profiled nmethods': size=120000Kb used=3823Kb max_used=3823Kb free=116177Kb
 bounds [0x00000168576c0000, 0x0000016857a80000, 0x000001685ebf0000]
CodeHeap 'non-nmethods': size=5760Kb used=1753Kb max_used=1753Kb free=4006Kb
 bounds [0x000001685ebf0000, 0x000001685ee60000, 0x000001685f190000]
 total_blobs=2940 nmethods=2166 adapters=678
 compilation: enabled
              stopped_count=0, restarted_count=0
 full_count=0

Compilation events (20 events):
Event: 1.025 Thread 0x000001686cf6b380 2127       3       java.util.ResourceBundle$Control$CandidateListCache::createObject (9 bytes)
Event: 1.025 Thread 0x000001686cf6b380 nmethod 2127 0x0000016857a61f10 code [0x0000016857a620c0, 0x0000016857a622e8]
Event: 1.027 Thread 0x000001686cf6b380 2131  s    3       java.util.Properties::put (10 bytes)
Event: 1.027 Thread 0x000001686cf6b380 nmethod 2131 0x0000016857a62390 code [0x0000016857a62540, 0x0000016857a627c0]
Event: 1.027 Thread 0x000001686cf6b380 2132       3       java.lang.StrictMath::floorOrCeil (128 bytes)
Event: 1.027 Thread 0x000001686cf6b380 nmethod 2132 0x0000016857a62910 code [0x0000016857a62ae0, 0x0000016857a62f40]
Event: 1.027 Thread 0x000001686cf6b380 2133       3       java.lang.Math::getExponent (17 bytes)
Event: 1.028 Thread 0x000001686cf6b380 nmethod 2133 0x0000016857a63010 code [0x0000016857a631a0, 0x0000016857a632c8]
Event: 1.031 Thread 0x000001686cf6b380 2134       3       java.util.Locale$Cache::createObject (6 bytes)
Event: 1.031 Thread 0x000001686cf6b380 nmethod 2134 0x0000016857a63390 code [0x0000016857a63540, 0x0000016857a63680]
Event: 1.031 Thread 0x000001686cf6b380 2135       3       java.util.ResourceBundle::getBundleImpl (19 bytes)
Event: 1.032 Thread 0x000001686cf6b380 nmethod 2135 0x0000016857a63710 code [0x0000016857a639c0, 0x0000016857a64648]
Event: 1.032 Thread 0x000001686cf6b380 2136       3       java.util.ResourceBundle$Control$CandidateListCache::getDefaultList (415 bytes)
Event: 1.034 Thread 0x000001686cf6b380 nmethod 2136 0x0000016857a64b10 code [0x0000016857a64fe0, 0x0000016857a675d0]
Event: 1.034 Thread 0x000001686cf6b380 2137       3       java.util.ResourceBundle$Control$CandidateListCache::createObject (555 bytes)
Event: 1.036 Thread 0x000001686cf6b380 nmethod 2137 0x0000016857a68190 code [0x0000016857a68660, 0x0000016857a6aa88]
Event: 1.037 Thread 0x000001686cf6b380 2138       3       java.nio.charset.CoderResult::isUnderflow (13 bytes)
Event: 1.037 Thread 0x000001686cf6b380 nmethod 2138 0x0000016857a6b790 code [0x0000016857a6b920, 0x0000016857a6ba80]
Event: 1.062 Thread 0x000001686cf68cb0 nmethod 2120 0x000001685f275310 code [0x000001685f275680, 0x000001685f277c08]
Event: 1.062 Thread 0x000001686cf68cb0 2140       4       java.util.zip.ZipFile$Source::getEntryPos (164 bytes)

GC Heap History (2 events):
Event: 0.446 GC heap before
{Heap before GC invocations=0 (full 0):
 garbage-first heap   total reserved 3108864K, committed 194560K, used 22528K [0x0000000742400000, 0x0000000800000000)
  region size 2048K, 12 young (24576K), 0 survivors (0K)
 Metaspace       used 6398K, committed 6656K, reserved 1114112K
  class space    used 717K, committed 832K, reserved 1048576K
}
Event: 0.451 GC heap after
{Heap after GC invocations=1 (full 0):
 garbage-first heap   total reserved 3108864K, committed 194560K, used 3402K [0x0000000742400000, 0x0000000800000000)
  region size 2048K, 2 young (4096K), 2 survivors (4096K)
 Metaspace       used 6398K, committed 6656K, reserved 1114112K
  class space    used 717K, committed 832K, reserved 1048576K
}

Dll operation events (20 events):
Event: 0.343 Loaded shared library C:\Users\ALAllaire\.openjfx\cache\23.0.1+4\amd64\api-ms-win-crt-heap-l1-1-0.dll
Event: 0.345 Loaded shared library C:\Users\ALAllaire\.openjfx\cache\23.0.1+4\amd64\api-ms-win-crt-locale-l1-1-0.dll
Event: 0.347 Loaded shared library C:\Users\ALAllaire\.openjfx\cache\23.0.1+4\amd64\api-ms-win-crt-math-l1-1-0.dll
Event: 0.350 Loaded shared library C:\Users\ALAllaire\.openjfx\cache\23.0.1+4\amd64\api-ms-win-crt-multibyte-l1-1-0.dll
Event: 0.352 Loaded shared library C:\Users\ALAllaire\.openjfx\cache\23.0.1+4\amd64\api-ms-win-crt-private-l1-1-0.dll
Event: 0.354 Loaded shared library C:\Users\ALAllaire\.openjfx\cache\23.0.1+4\amd64\api-ms-win-crt-process-l1-1-0.dll
Event: 0.356 Loaded shared library C:\Users\ALAllaire\.openjfx\cache\23.0.1+4\amd64\api-ms-win-crt-runtime-l1-1-0.dll
Event: 0.358 Loaded shared library C:\Users\ALAllaire\.openjfx\cache\23.0.1+4\amd64\api-ms-win-crt-stdio-l1-1-0.dll
Event: 0.361 Loaded shared library C:\Users\ALAllaire\.openjfx\cache\23.0.1+4\amd64\api-ms-win-crt-string-l1-1-0.dll
Event: 0.363 Loaded shared library C:\Users\ALAllaire\.openjfx\cache\23.0.1+4\amd64\api-ms-win-crt-time-l1-1-0.dll
Event: 0.366 Loaded shared library C:\Users\ALAllaire\.openjfx\cache\23.0.1+4\amd64\api-ms-win-crt-utility-l1-1-0.dll
Event: 0.381 Loaded shared library C:\Users\ALAllaire\.openjfx\cache\23.0.1+4\amd64\ucrtbase.dll
Event: 0.385 Loaded shared library C:\Users\ALAllaire\.openjfx\cache\23.0.1+4\amd64\vcruntime140.dll
Event: 0.388 Loaded shared library C:\Users\ALAllaire\.openjfx\cache\23.0.1+4\amd64\vcruntime140_1.dll
Event: 0.397 Loaded shared library C:\Users\ALAllaire\.openjfx\cache\23.0.1+4\amd64\msvcp140.dll
Event: 0.400 Loaded shared library C:\Users\ALAllaire\.openjfx\cache\23.0.1+4\amd64\msvcp140_1.dll
Event: 0.405 Loaded shared library C:\Users\ALAllaire\.openjfx\cache\23.0.1+4\amd64\msvcp140_2.dll
Event: 0.445 Loaded shared library C:\Users\ALAllaire\.openjfx\cache\23.0.1+4\amd64\prism_d3d.dll
Event: 0.478 Loaded shared library C:\Users\ALAllaire\.openjfx\cache\23.0.1+4\amd64\glass.dll
Event: 0.825 Loaded shared library C:\Users\ALAllaire\.openjfx\cache\23.0.1+4\amd64\javafx_font.dll

Deoptimization events (20 events):
Event: 0.965 Thread 0x000001686cf582e0 Uncommon trap: trap_request=0xffffffc6 fr.pc=0x000001685f2639f0 relative=0x0000000000000930
Event: 0.965 Thread 0x000001686cf582e0 Uncommon trap: reason=bimorphic_or_optimized_type_check action=maybe_recompile pc=0x000001685f2639f0 method=sun.util.locale.LocaleObjectCache.get(Ljava/lang/Object;)Ljava/lang/Object; @ 35 c2
Event: 0.965 Thread 0x000001686cf582e0 DEOPT PACKING pc=0x000001685f2639f0 sp=0x0000000dc80fc1d0
Event: 0.965 Thread 0x000001686cf582e0 DEOPT UNPACKING pc=0x000001685ec446a2 sp=0x0000000dc80fc188 mode 2
Event: 0.972 Thread 0x000001686cf582e0 Uncommon trap: trap_request=0xffffff45 fr.pc=0x000001685f1f5c9c relative=0x00000000000004bc
Event: 0.972 Thread 0x000001686cf582e0 Uncommon trap: reason=unstable_if action=reinterpret pc=0x000001685f1f5c9c method=java.lang.StringLatin1.canEncode(C)Z @ 4 c2
Event: 0.972 Thread 0x000001686cf582e0 DEOPT PACKING pc=0x000001685f1f5c9c sp=0x0000000dc80fbb70
Event: 0.972 Thread 0x000001686cf582e0 DEOPT UNPACKING pc=0x000001685ec446a2 sp=0x0000000dc80fbae8 mode 2
Event: 0.972 Thread 0x000001686cf582e0 Uncommon trap: trap_request=0xffffff45 fr.pc=0x000001685f1f736c relative=0x000000000000006c
Event: 0.972 Thread 0x000001686cf582e0 Uncommon trap: reason=unstable_if action=reinterpret pc=0x000001685f1f736c method=java.lang.AbstractStringBuilder.isLatin1()Z @ 10 c2
Event: 0.972 Thread 0x000001686cf582e0 DEOPT PACKING pc=0x000001685f1f736c sp=0x0000000dc80fbb60
Event: 0.972 Thread 0x000001686cf582e0 DEOPT UNPACKING pc=0x000001685ec446a2 sp=0x0000000dc80fbaf0 mode 2
Event: 0.972 Thread 0x000001686cf582e0 Uncommon trap: trap_request=0xffffff45 fr.pc=0x000001685f2189fc relative=0x00000000000004bc
Event: 0.972 Thread 0x000001686cf582e0 Uncommon trap: reason=unstable_if action=reinterpret pc=0x000001685f2189fc method=java.lang.AbstractStringBuilder.isLatin1()Z @ 10 c2
Event: 0.972 Thread 0x000001686cf582e0 DEOPT PACKING pc=0x000001685f2189fc sp=0x0000000dc80fbb80
Event: 0.972 Thread 0x000001686cf582e0 DEOPT UNPACKING pc=0x000001685ec446a2 sp=0x0000000dc80fbad8 mode 2
Event: 1.020 Thread 0x000001686cf582e0 Uncommon trap: trap_request=0xffffff45 fr.pc=0x000001685f26d20c relative=0x0000000000000acc
Event: 1.020 Thread 0x000001686cf582e0 Uncommon trap: reason=unstable_if action=reinterpret pc=0x000001685f26d20c method=java.util.Locale.getInstance(Lsun/util/locale/BaseLocale;Lsun/util/locale/LocaleExtensions;)Ljava/util/Locale; @ 1 c2
Event: 1.020 Thread 0x000001686cf582e0 DEOPT PACKING pc=0x000001685f26d20c sp=0x0000000dc80fbee0
Event: 1.020 Thread 0x000001686cf582e0 DEOPT UNPACKING pc=0x000001685ec446a2 sp=0x0000000dc80fbea8 mode 2

Classes loaded (20 events):
Event: 0.889 Loading class sun/util/locale/provider/BreakIteratorProviderImpl
Event: 0.889 Loading class sun/util/locale/provider/BreakIteratorProviderImpl done
Event: 0.893 Loading class sun/util/locale/provider/JRELocaleConstants
Event: 0.893 Loading class sun/util/locale/provider/JRELocaleConstants done
Event: 0.893 Loading class sun/util/locale/LocaleExtensions
Event: 0.893 Loading class sun/util/locale/LocaleExtensions done
Event: 0.893 Loading class sun/util/locale/UnicodeLocaleExtension
Event: 0.893 Loading class sun/util/locale/Extension
Event: 0.893 Loading class sun/util/locale/Extension done
Event: 0.893 Loading class sun/util/locale/UnicodeLocaleExtension done
Event: 0.893 Loading class java/util/Locale$LocaleKey
Event: 0.893 Loading class java/util/Locale$LocaleKey done
Event: 0.895 Loading class sun/util/locale/provider/CollatorProviderImpl
Event: 0.895 Loading class sun/util/locale/provider/CollatorProviderImpl done
Event: 0.936 Loading class sun/util/locale/provider/JRELocaleProviderAdapter$AvailableJRELocales
Event: 0.936 Loading class sun/util/locale/provider/JRELocaleProviderAdapter$AvailableJRELocales done
Event: 0.938 Loading class sun/util/locale/provider/CurrencyNameProviderImpl
Event: 0.938 Loading class sun/util/locale/provider/CurrencyNameProviderImpl done
Event: 0.944 Loading class sun/util/locale/provider/LocaleNameProviderImpl
Event: 0.944 Loading class sun/util/locale/provider/LocaleNameProviderImpl done

Classes unloaded (0 events):
No events

Classes redefined (0 events):
No events

Internal exceptions (20 events):
Event: 1.066 Thread 0x000001686cf582e0 Exception <a 'java/lang/ClassNotFoundException'{0x000000074bdfd158}: com/sun/glass/ui/win/themes_ca_Latn> (0x000000074bdfd158) 
thrown [s\open\src\hotspot\share\prims\jni.cpp, line 539]
Event: 1.066 Thread 0x000001686cf582e0 Exception <a 'java/lang/ClassNotFoundException'{0x000000074bdfdf38}: com/sun/glass/ui/win/themes_ca_Latn_ES> (0x000000074bdfdf38) 
thrown [s\open\src\hotspot\share\prims\jni.cpp, line 539]
Event: 1.066 Thread 0x000001686cf582e0 Exception <a 'java/lang/ClassNotFoundException'{0x000000074bdfef68}: com/sun/glass/ui/win/themes_nl_BE> (0x000000074bdfef68) 
thrown [s\open\src\hotspot\share\prims\jni.cpp, line 539]
Event: 1.066 Thread 0x000001686cf582e0 Exception <a 'java/lang/ClassNotFoundException'{0x000000074ba001c8}: com/sun/glass/ui/win/themes_ar_DJ> (0x000000074ba001c8) 
thrown [s\open\src\hotspot\share\prims\jni.cpp, line 539]
Event: 1.066 Thread 0x000001686cf582e0 Exception <a 'java/lang/ClassNotFoundException'{0x000000074ba011a8}: com/sun/glass/ui/win/themes_en_VG> (0x000000074ba011a8) 
thrown [s\open\src\hotspot\share\prims\jni.cpp, line 539]
Event: 1.066 Thread 0x000001686cf582e0 Exception <a 'java/lang/ClassNotFoundException'{0x000000074ba02560}: com/sun/glass/ui/win/themes_dyo_Latn> (0x000000074ba02560) 
thrown [s\open\src\hotspot\share\prims\jni.cpp, line 539]
Event: 1.066 Thread 0x000001686cf582e0 Exception <a 'java/lang/ClassNotFoundException'{0x000000074ba03340}: com/sun/glass/ui/win/themes_dyo_Latn_SN> (0x000000074ba03340) 
thrown [s\open\src\hotspot\share\prims\jni.cpp, line 539]
Event: 1.066 Thread 0x000001686cf582e0 Exception <a 'java/lang/ClassNotFoundException'{0x000000074ba04518}: com/sun/glass/ui/win/themes_en_TC> (0x000000074ba04518) 
thrown [s\open\src\hotspot\share\prims\jni.cpp, line 539]
Event: 1.066 Thread 0x000001686cf582e0 Exception <a 'java/lang/ClassNotFoundException'{0x000000074ba054c0}: com/sun/glass/ui/win/themes_en_MV> (0x000000074ba054c0) 
thrown [s\open\src\hotspot\share\prims\jni.cpp, line 539]
Event: 1.066 Thread 0x000001686cf582e0 Exception <a 'java/lang/ClassNotFoundException'{0x000000074ba06648}: com/sun/glass/ui/win/themes_cs_Latn> (0x000000074ba06648) 
thrown [s\open\src\hotspot\share\prims\jni.cpp, line 539]
Event: 1.066 Thread 0x000001686cf582e0 Exception <a 'java/lang/ClassNotFoundException'{0x000000074ba07428}: com/sun/glass/ui/win/themes_cs_Latn_CZ> (0x000000074ba07428) 
thrown [s\open\src\hotspot\share\prims\jni.cpp, line 539]
Event: 1.066 Thread 0x000001686cf582e0 Exception <a 'java/lang/ClassNotFoundException'{0x000000074ba08458}: com/sun/glass/ui/win/themes_sv_AX> (0x000000074ba08458) 
thrown [s\open\src\hotspot\share\prims\jni.cpp, line 539]
Event: 1.066 Thread 0x000001686cf582e0 Exception <a 'java/lang/ClassNotFoundException'{0x000000074ba09440}: com/sun/glass/ui/win/themes_af_NA> (0x000000074ba09440) 
thrown [s\open\src\hotspot\share\prims\jni.cpp, line 539]
Event: 1.066 Thread 0x000001686cf582e0 Exception <a 'java/lang/ClassNotFoundException'{0x000000074ba0a608}: com/sun/glass/ui/win/themes_en_IN> (0x000000074ba0a608) 
thrown [s\open\src\hotspot\share\prims\jni.cpp, line 539]
Event: 1.066 Thread 0x000001686cf582e0 Exception <a 'java/lang/ClassNotFoundException'{0x000000074ba0b9c0}: com/sun/glass/ui/win/themes_es_NI> (0x000000074ba0b9c0) 
thrown [s\open\src\hotspot\share\prims\jni.cpp, line 539]
Event: 1.066 Thread 0x000001686cf582e0 Exception <a 'java/lang/ClassNotFoundException'{0x000000074ba0cb48}: com/sun/glass/ui/win/themes_ii_Yiii> (0x000000074ba0cb48) 
thrown [s\open\src\hotspot\share\prims\jni.cpp, line 539]
Event: 1.066 Thread 0x000001686cf582e0 Exception <a 'java/lang/ClassNotFoundException'{0x000000074ba0d928}: com/sun/glass/ui/win/themes_ii_Yiii_CN> (0x000000074ba0d928) 
thrown [s\open\src\hotspot\share\prims\jni.cpp, line 539]
Event: 1.066 Thread 0x000001686cf582e0 Exception <a 'java/lang/ClassNotFoundException'{0x000000074ba0e958}: com/sun/glass/ui/win/themes_mas_TZ> (0x000000074ba0e958) 
thrown [s\open\src\hotspot\share\prims\jni.cpp, line 539]
Event: 1.066 Thread 0x000001686cf582e0 Exception <a 'java/lang/ClassNotFoundException'{0x000000074ba0fd90}: com/sun/glass/ui/win/themes_ms_BN> (0x000000074ba0fd90) 
thrown [s\open\src\hotspot\share\prims\jni.cpp, line 539]
Event: 1.066 Thread 0x000001686cf582e0 Exception <a 'java/lang/ClassNotFoundException'{0x000000074ba10fe0}: com/sun/glass/ui/win/themes_ccp_IN> (0x000000074ba10fe0) 
thrown [s\open\src\hotspot\share\prims\jni.cpp, line 539]

ZGC Phase Switch (0 events):
No events

VM Operations (20 events):
Event: 0.137 Executing VM operation: HandshakeAllThreads (Deoptimize)
Event: 0.137 Executing VM operation: HandshakeAllThreads (Deoptimize) done
Event: 0.137 Executing VM operation: HandshakeAllThreads (Deoptimize)
Event: 0.137 Executing VM operation: HandshakeAllThreads (Deoptimize) done
Event: 0.201 Executing VM operation: HandshakeAllThreads (Deoptimize)
Event: 0.202 Executing VM operation: HandshakeAllThreads (Deoptimize) done
Event: 0.246 Executing VM operation: HandshakeAllThreads (Deoptimize)
Event: 0.246 Executing VM operation: HandshakeAllThreads (Deoptimize) done
Event: 0.302 Executing VM operation: ICBufferFull
Event: 0.302 Executing VM operation: ICBufferFull done
Event: 0.415 Executing VM operation: HandshakeAllThreads (Deoptimize)
Event: 0.415 Executing VM operation: HandshakeAllThreads (Deoptimize) done
Event: 0.427 Executing VM operation: HandshakeAllThreads (Deoptimize)
Event: 0.427 Executing VM operation: HandshakeAllThreads (Deoptimize) done
Event: 0.446 Executing VM operation: G1CollectForAllocation (G1 Evacuation Pause)
Event: 0.451 Executing VM operation: G1CollectForAllocation (G1 Evacuation Pause) done
Event: 0.470 Executing VM operation: HandshakeAllThreads (Deoptimize)
Event: 0.470 Executing VM operation: HandshakeAllThreads (Deoptimize) done
Event: 0.511 Executing VM operation: HandshakeAllThreads (Deoptimize)
Event: 0.511 Executing VM operation: HandshakeAllThreads (Deoptimize) done

Memory protections (0 events):
No events

Nmethod flushes (0 events):
No events

Events (20 events):
Event: 0.033 Thread 0x000001684f3666f0 Thread added: 0x000001686cf50500
Event: 0.034 Thread 0x000001684f3666f0 Thread added: 0x000001686cf52f70
Event: 0.034 Thread 0x000001684f3666f0 Thread added: 0x000001686cf53de0
Event: 0.034 Thread 0x000001684f3666f0 Thread added: 0x000001686cf575c0
Event: 0.034 Thread 0x000001684f3666f0 Thread added: 0x000001686cf68cb0
Event: 0.034 Thread 0x000001684f3666f0 Thread added: 0x000001686cf6b380
Event: 0.055 Thread 0x000001684f3666f0 Thread added: 0x000001686cf59690
Event: 0.085 Thread 0x000001686cf6b380 Thread added: 0x00000168452cc250
Event: 0.090 Thread 0x000001686cf6b380 Thread added: 0x0000016845385690
Event: 0.163 Thread 0x000001684f3666f0 Thread added: 0x000001686cf59000
Event: 0.163 Thread 0x000001684f3666f0 Thread added: 0x000001686cf56f30
Event: 0.435 Thread 0x000001684f3666f0 Thread added: 0x000001686cf59d20
Event: 0.469 Thread 0x000001686cf52f70 Thread added: 0x000001686cf568a0
Event: 0.479 Thread 0x000001684f3666f0 Thread added: 0x000001686cf57c50
Event: 0.482 Thread 0x000001684f3666f0 Thread added: 0x000001686cf582e0
Event: 0.484 Thread 0x000001686cf568a0 Thread added: 0x000001686cf58970
Event: 0.501 Thread 0x000001686cf58970 Thread added: 0x0000016845ee26a0
Event: 0.509 Thread 0x000001686cf58970 Thread added: 0x0000016845ee4e00
Event: 0.561 Thread 0x000001684f3666f0 Thread added: 0x0000016845ee1980
Event: 0.565 Thread 0x0000016845ee2d30 Thread added: 0x0000016845ee2d30


Dynamic libraries:
0x00007ff78aba0000 - 0x00007ff78abb0000 	C:\Program Files\Java\jdk-22\bin\java.exe
0x00007ffa29830000 - 0x00007ffa29a28000 	C:\Windows\SYSTEM32\ntdll.dll
0x00007ffa27d70000 - 0x00007ffa27e32000 	C:\Windows\System32\KERNEL32.DLL
0x00007ffa27190000 - 0x00007ffa2748f000 	C:\Windows\System32\KERNELBASE.dll
0x00007ffa27600000 - 0x00007ffa27700000 	C:\Windows\System32\ucrtbase.dll
0x00007ffa21010000 - 0x00007ffa2102b000 	C:\Program Files\Java\jdk-22\bin\VCRUNTIME140.dll
0x00007ffa20720000 - 0x00007ffa20737000 	C:\Program Files\Java\jdk-22\bin\jli.dll
0x00007ffa27f90000 - 0x00007ffa2812d000 	C:\Windows\System32\USER32.dll
0x00007ffa275d0000 - 0x00007ffa275f2000 	C:\Windows\System32\win32u.dll
0x00007ffa119d0000 - 0x00007ffa11c6a000 	C:\Windows\WinSxS\amd64_microsoft.windows.common-controls_6595b64144ccf1df_6.0.19041.4355_none_60b8b9eb71f62e16\COMCTL32.dll
0x00007ffa27ba0000 - 0x00007ffa27bcb000 	C:\Windows\System32\GDI32.dll
0x00007ffa27ee0000 - 0x00007ffa27f7e000 	C:\Windows\System32\msvcrt.dll
0x00007ffa27700000 - 0x00007ffa2781a000 	C:\Windows\System32\gdi32full.dll
0x00007ffa26f20000 - 0x00007ffa26fbd000 	C:\Windows\System32\msvcp_win.dll
0x00007ffa28940000 - 0x00007ffa2896f000 	C:\Windows\System32\IMM32.DLL
0x00007ffa21050000 - 0x00007ffa2105c000 	C:\Program Files\Java\jdk-22\bin\vcruntime140_1.dll
0x00007ffa1c280000 - 0x00007ffa1c30e000 	C:\Program Files\Java\jdk-22\bin\msvcp140.dll
0x00007ff9f06a0000 - 0x00007ff9f13e9000 	C:\Program Files\Java\jdk-22\bin\server\jvm.dll
0x00007ffa27af0000 - 0x00007ffa27b9f000 	C:\Windows\System32\ADVAPI32.dll
0x00007ffa27e40000 - 0x00007ffa27edf000 	C:\Windows\System32\sechost.dll
0x00007ffa296c0000 - 0x00007ffa297e3000 	C:\Windows\System32\RPCRT4.dll
0x00007ffa27820000 - 0x00007ffa27847000 	C:\Windows\System32\bcrypt.dll
0x00007ffa282e0000 - 0x00007ffa2834b000 	C:\Windows\System32\WS2_32.dll
0x00007ffa26d30000 - 0x00007ffa26d7b000 	C:\Windows\SYSTEM32\POWRPROF.dll
0x00007ffa11990000 - 0x00007ffa119b7000 	C:\Windows\SYSTEM32\WINMM.dll
0x00007ffa22cb0000 - 0x00007ffa22cba000 	C:\Windows\SYSTEM32\VERSION.dll
0x00007ffa26d10000 - 0x00007ffa26d22000 	C:\Windows\SYSTEM32\UMPDC.dll
0x00007ffa25530000 - 0x00007ffa25542000 	C:\Windows\SYSTEM32\kernel.appcore.dll
0x00007ffa21000000 - 0x00007ffa2100a000 	C:\Program Files\Java\jdk-22\bin\jimage.dll
0x00007ffa25270000 - 0x00007ffa25454000 	C:\Windows\SYSTEM32\DBGHELP.DLL
0x00007ffa026c0000 - 0x00007ffa026f4000 	C:\Windows\SYSTEM32\dbgcore.DLL
0x00007ffa27540000 - 0x00007ffa275c2000 	C:\Windows\System32\bcryptPrimitives.dll
0x00007ffa1e5c0000 - 0x00007ffa1e5cf000 	C:\Program Files\Java\jdk-22\bin\instrument.dll
0x00007ffa1e9e0000 - 0x00007ffa1e9fe000 	C:\Program Files\Java\jdk-22\bin\java.dll
0x00007ffa28ce0000 - 0x00007ffa2944d000 	C:\Windows\System32\SHELL32.dll
0x00007ffa294b0000 - 0x00007ffa295db000 	C:\Windows\System32\ole32.dll
0x00007ffa28970000 - 0x00007ffa28cc5000 	C:\Windows\System32\combase.dll
0x00007ffa24ac0000 - 0x00007ffa25264000 	C:\Windows\SYSTEM32\windows.storage.dll
0x00007ffa26830000 - 0x00007ffa2685b000 	C:\Windows\SYSTEM32\Wldp.dll
0x00007ffa27850000 - 0x00007ffa2791d000 	C:\Windows\System32\OLEAUT32.dll
0x00007ffa283b0000 - 0x00007ffa2845d000 	C:\Windows\System32\SHCORE.dll
0x00007ffa29660000 - 0x00007ffa296b5000 	C:\Windows\System32\shlwapi.dll
0x00007ffa26e00000 - 0x00007ffa26e25000 	C:\Windows\SYSTEM32\profapi.dll
0x00007ffa03520000 - 0x00007ffa035f7000 	C:\Program Files\Java\jdk-22\bin\jsvml.dll
0x00007ffa1d7b0000 - 0x00007ffa1d7c0000 	C:\Program Files\Java\jdk-22\bin\net.dll
0x00007ffa26590000 - 0x00007ffa265fc000 	C:\Windows\system32\mswsock.dll
0x00007ffa1d520000 - 0x00007ffa1d536000 	C:\Program Files\Java\jdk-22\bin\nio.dll
0x00007ffa1c440000 - 0x00007ffa1c457000 	C:\Program Files\Java\jdk-22\bin\zip.dll
0x00007ffa262b0000 - 0x00007ffa2637a000 	C:\Windows\SYSTEM32\DNSAPI.dll
0x00007ffa26270000 - 0x00007ffa262ab000 	C:\Windows\SYSTEM32\IPHLPAPI.DLL
0x00007ffa27f80000 - 0x00007ffa27f88000 	C:\Windows\System32\NSI.dll
0x0000000067070000 - 0x0000000067096000 	C:\Program Files\Bonjour\mdnsNSP.dll
0x00007ffa1d8e0000 - 0x00007ffa1d8ea000 	C:\Windows\System32\rasadhlp.dll
0x00007ffa22e00000 - 0x00007ffa22e80000 	C:\Windows\System32\fwpuclnt.dll
0x00007ffa1d570000 - 0x00007ffa1d57a000 	C:\Program Files\Java\jdk-22\bin\management.dll
0x00007ffa1c430000 - 0x00007ffa1c43b000 	C:\Program Files\Java\jdk-22\bin\management_ext.dll
0x00007ffa27d60000 - 0x00007ffa27d68000 	C:\Windows\System32\PSAPI.DLL
0x0000016846d20000 - 0x0000016846d23000 	C:\Users\ALAllaire\.openjfx\cache\23.0.1+4\amd64\api-ms-win-core-console-l1-1-0.dll
0x0000016846d30000 - 0x0000016846d33000 	C:\Users\ALAllaire\.openjfx\cache\23.0.1+4\amd64\api-ms-win-core-console-l1-2-0.dll
0x0000016846d40000 - 0x0000016846d43000 	C:\Users\ALAllaire\.openjfx\cache\23.0.1+4\amd64\api-ms-win-core-datetime-l1-1-0.dll
0x0000016846d50000 - 0x0000016846d53000 	C:\Users\ALAllaire\.openjfx\cache\23.0.1+4\amd64\api-ms-win-core-debug-l1-1-0.dll
0x0000016846d60000 - 0x0000016846d63000 	C:\Users\ALAllaire\.openjfx\cache\23.0.1+4\amd64\api-ms-win-core-errorhandling-l1-1-0.dll
0x0000016846d70000 - 0x0000016846d74000 	C:\Users\ALAllaire\.openjfx\cache\23.0.1+4\amd64\api-ms-win-core-file-l1-1-0.dll
0x0000016846d80000 - 0x0000016846d83000 	C:\Users\ALAllaire\.openjfx\cache\23.0.1+4\amd64\api-ms-win-core-file-l1-2-0.dll
0x0000016846d90000 - 0x0000016846d93000 	C:\Users\ALAllaire\.openjfx\cache\23.0.1+4\amd64\api-ms-win-core-file-l2-1-0.dll
0x0000016846da0000 - 0x0000016846da3000 	C:\Users\ALAllaire\.openjfx\cache\23.0.1+4\amd64\api-ms-win-core-handle-l1-1-0.dll
0x0000016846db0000 - 0x0000016846db3000 	C:\Users\ALAllaire\.openjfx\cache\23.0.1+4\amd64\api-ms-win-core-heap-l1-1-0.dll
0x0000016846dc0000 - 0x0000016846dc3000 	C:\Users\ALAllaire\.openjfx\cache\23.0.1+4\amd64\api-ms-win-core-interlocked-l1-1-0.dll
0x0000016846dd0000 - 0x0000016846dd3000 	C:\Users\ALAllaire\.openjfx\cache\23.0.1+4\amd64\api-ms-win-core-libraryloader-l1-1-0.dll
0x0000016846de0000 - 0x0000016846de3000 	C:\Users\ALAllaire\.openjfx\cache\23.0.1+4\amd64\api-ms-win-core-localization-l1-2-0.dll
0x0000016846df0000 - 0x0000016846df3000 	C:\Users\ALAllaire\.openjfx\cache\23.0.1+4\amd64\api-ms-win-core-memory-l1-1-0.dll
0x0000016846e00000 - 0x0000016846e03000 	C:\Users\ALAllaire\.openjfx\cache\23.0.1+4\amd64\api-ms-win-core-namedpipe-l1-1-0.dll
0x0000016847160000 - 0x0000016847163000 	C:\Users\ALAllaire\.openjfx\cache\23.0.1+4\amd64\api-ms-win-core-processenvironment-l1-1-0.dll
0x0000016847170000 - 0x0000016847173000 	C:\Users\ALAllaire\.openjfx\cache\23.0.1+4\amd64\api-ms-win-core-processthreads-l1-1-0.dll
0x0000016847180000 - 0x0000016847183000 	C:\Users\ALAllaire\.openjfx\cache\23.0.1+4\amd64\api-ms-win-core-processthreads-l1-1-1.dll
0x0000016847190000 - 0x0000016847193000 	C:\Users\ALAllaire\.openjfx\cache\23.0.1+4\amd64\api-ms-win-core-profile-l1-1-0.dll
0x00000168471a0000 - 0x00000168471a3000 	C:\Users\ALAllaire\.openjfx\cache\23.0.1+4\amd64\api-ms-win-core-rtlsupport-l1-1-0.dll
0x00000168471b0000 - 0x00000168471b3000 	C:\Users\ALAllaire\.openjfx\cache\23.0.1+4\amd64\api-ms-win-core-string-l1-1-0.dll
0x00000168471c0000 - 0x00000168471c3000 	C:\Users\ALAllaire\.openjfx\cache\23.0.1+4\amd64\api-ms-win-core-synch-l1-1-0.dll
0x00000168471d0000 - 0x00000168471d3000 	C:\Users\ALAllaire\.openjfx\cache\23.0.1+4\amd64\api-ms-win-core-synch-l1-2-0.dll
0x00000168471e0000 - 0x00000168471e3000 	C:\Users\ALAllaire\.openjfx\cache\23.0.1+4\amd64\api-ms-win-core-sysinfo-l1-1-0.dll
0x00000168471f0000 - 0x00000168471f3000 	C:\Users\ALAllaire\.openjfx\cache\23.0.1+4\amd64\api-ms-win-core-timezone-l1-1-0.dll
0x0000016847200000 - 0x0000016847203000 	C:\Users\ALAllaire\.openjfx\cache\23.0.1+4\amd64\api-ms-win-core-util-l1-1-0.dll
0x0000016847210000 - 0x0000016847213000 	C:\Users\ALAllaire\.openjfx\cache\23.0.1+4\amd64\api-ms-win-crt-conio-l1-1-0.dll
0x0000016847220000 - 0x0000016847224000 	C:\Users\ALAllaire\.openjfx\cache\23.0.1+4\amd64\api-ms-win-crt-convert-l1-1-0.dll
0x0000016847230000 - 0x0000016847233000 	C:\Users\ALAllaire\.openjfx\cache\23.0.1+4\amd64\api-ms-win-crt-environment-l1-1-0.dll
0x0000016847240000 - 0x0000016847243000 	C:\Users\ALAllaire\.openjfx\cache\23.0.1+4\amd64\api-ms-win-crt-filesystem-l1-1-0.dll
0x0000016847250000 - 0x0000016847253000 	C:\Users\ALAllaire\.openjfx\cache\23.0.1+4\amd64\api-ms-win-crt-heap-l1-1-0.dll
0x0000016847260000 - 0x0000016847263000 	C:\Users\ALAllaire\.openjfx\cache\23.0.1+4\amd64\api-ms-win-crt-locale-l1-1-0.dll
0x0000016847270000 - 0x0000016847275000 	C:\Users\ALAllaire\.openjfx\cache\23.0.1+4\amd64\api-ms-win-crt-math-l1-1-0.dll
0x0000016847280000 - 0x0000016847285000 	C:\Users\ALAllaire\.openjfx\cache\23.0.1+4\amd64\api-ms-win-crt-multibyte-l1-1-0.dll
0x0000016847290000 - 0x00000168472a0000 	C:\Users\ALAllaire\.openjfx\cache\23.0.1+4\amd64\api-ms-win-crt-private-l1-1-0.dll
0x00000168472a0000 - 0x00000168472a3000 	C:\Users\ALAllaire\.openjfx\cache\23.0.1+4\amd64\api-ms-win-crt-process-l1-1-0.dll
0x00000168472b0000 - 0x00000168472b4000 	C:\Users\ALAllaire\.openjfx\cache\23.0.1+4\amd64\api-ms-win-crt-runtime-l1-1-0.dll
0x00000168472c0000 - 0x00000168472c4000 	C:\Users\ALAllaire\.openjfx\cache\23.0.1+4\amd64\api-ms-win-crt-stdio-l1-1-0.dll
0x00000168472d0000 - 0x00000168472d4000 	C:\Users\ALAllaire\.openjfx\cache\23.0.1+4\amd64\api-ms-win-crt-string-l1-1-0.dll
0x00000168472e0000 - 0x00000168472e3000 	C:\Users\ALAllaire\.openjfx\cache\23.0.1+4\amd64\api-ms-win-crt-time-l1-1-0.dll
0x00000168472f0000 - 0x00000168472f3000 	C:\Users\ALAllaire\.openjfx\cache\23.0.1+4\amd64\api-ms-win-crt-utility-l1-1-0.dll
0x00007ff9d10c0000 - 0x00007ff9d11bc000 	C:\Users\ALAllaire\.openjfx\cache\23.0.1+4\amd64\ucrtbase.dll
0x00007ffa02720000 - 0x00007ffa0273b000 	C:\Users\ALAllaire\.openjfx\cache\23.0.1+4\amd64\vcruntime140.dll
0x00007ffa0fa50000 - 0x00007ffa0fa5c000 	C:\Users\ALAllaire\.openjfx\cache\23.0.1+4\amd64\vcruntime140_1.dll
0x00007ff9f4c30000 - 0x00007ff9f4cbe000 	C:\Users\ALAllaire\.openjfx\cache\23.0.1+4\amd64\msvcp140.dll
0x00007ffa0f6b0000 - 0x00007ffa0f6b9000 	C:\Users\ALAllaire\.openjfx\cache\23.0.1+4\amd64\msvcp140_1.dll
0x00007ff9fe510000 - 0x00007ff9fe551000 	C:\Users\ALAllaire\.openjfx\cache\23.0.1+4\amd64\msvcp140_2.dll
0x00007ffa26790000 - 0x00007ffa267a8000 	C:\Windows\SYSTEM32\CRYPTSP.dll
0x00007ffa25eb0000 - 0x00007ffa25ee8000 	C:\Windows\system32\rsaenh.dll
0x00007ffa26dc0000 - 0x00007ffa26dee000 	C:\Windows\SYSTEM32\USERENV.dll
0x00007ffa26780000 - 0x00007ffa2678c000 	C:\Windows\SYSTEM32\CRYPTBASE.dll
0x00007ffa018f0000 - 0x00007ffa01920000 	C:\Users\ALAllaire\.openjfx\cache\23.0.1+4\amd64\prism_d3d.dll
0x00007ff9dd040000 - 0x00007ff9dd211000 	C:\Windows\system32\d3d9.dll
0x00007ffa24710000 - 0x00007ffa2473f000 	C:\Windows\SYSTEM32\dwmapi.dll
0x00007ffa24330000 - 0x00007ffa243ce000 	C:\Windows\system32\uxtheme.dll
0x00007ff9b0880000 - 0x00007ff9b09e5000 	C:\Windows\System32\DriverStore\FileRepository\iigd_dch.inf_amd64_22c2c7607995c1e1\igdumdim64.dll
0x00007ff9a2c40000 - 0x00007ff9a6861000 	C:\Windows\System32\DriverStore\FileRepository\iigd_dch.inf_amd64_22c2c7607995c1e1\igd9dxva64.dll
0x00007ffa28460000 - 0x00007ffa288d1000 	C:\Windows\System32\SETUPAPI.dll
0x00007ffa26ed0000 - 0x00007ffa26f1e000 	C:\Windows\System32\cfgmgr32.dll
0x00007ffa1a0e0000 - 0x00007ffa1a4ad000 	C:\Windows\System32\DriverStore\FileRepository\iigd_dch.inf_amd64_22c2c7607995c1e1\igdgmm64.dll
0x00007ffa1d580000 - 0x00007ffa1d597000 	C:\Windows\system32\napinsp.dll
0x00007ffa1d7c0000 - 0x00007ffa1d7db000 	C:\Windows\system32\pnrpnsp.dll
0x00007ffa23110000 - 0x00007ffa23125000 	C:\Windows\system32\wshbth.dll
0x00007ffa20e40000 - 0x00007ffa20e5d000 	C:\Windows\system32\NLAapi.dll
0x00007ffa1da80000 - 0x00007ffa1da92000 	C:\Windows\System32\winrnr.dll
0x00007ff9fdf80000 - 0x00007ff9fdfc5000 	C:\Users\ALAllaire\.openjfx\cache\23.0.1+4\amd64\glass.dll
0x00007ffa27c80000 - 0x00007ffa27d5a000 	C:\Windows\System32\COMDLG32.dll
0x00007ffa279d0000 - 0x00007ffa27ae5000 	C:\Windows\System32\MSCTF.dll
0x00007ffa011d0000 - 0x00007ffa011f7000 	C:\Windows\System32\DriverStore\FileRepository\iigd_dch.inf_amd64_22c2c7607995c1e1\igdinfo64.dll
0x00007ffa12fe0000 - 0x00007ffa15d27000 	C:\Windows\System32\DriverStore\FileRepository\iigd_dch.inf_amd64_22c2c7607995c1e1\igc64.dll
0x00007ffa21ee0000 - 0x00007ffa21f1b000 	C:\Windows\SYSTEM32\dxcore.dll

dbghelp: loaded successfully - version: 4.0.5 - missing functions: none
symbol engine: initialized successfully - sym options: 0x614 - pdb path: .;C:\Program Files\Java\jdk-22\bin;C:\Windows\SYSTEM32;C:\Windows\WinSxS\amd64_microsoft.windows.common-controls_6595b64144ccf1df_6.0.19041.4355_none_60b8b9eb71f62e16;C:\Program Files\Java\jdk-22\bin\server;C:\Program Files\Bonjour;C:\Users\ALAllaire\.openjfx\cache\23.0.1+4\amd64;C:\Windows\System32\DriverStore\FileRepository\iigd_dch.inf_amd64_22c2c7607995c1e1;C:\Program Files\Common Files\Microsoft Shared\Ink

VM Arguments:
jvm_args: -javaagent:D:\ASD - Vanier\IntelliJ IDEA 2024.3.5\lib\idea_rt.jar=51985 -Dfile.encoding=UTF-8 -Dsun.stdout.encoding=UTF-8 -Dsun.stderr.encoding=UTF-8 --module-path=C:\Users\ALAllaire\.m2\repository\org\openjfx\javafx-controls\23.0.1\javafx-controls-23.0.1-win.jar;C:\Users\ALAllaire\.m2\repository\org\openjfx\javafx-base\23.0.1\javafx-base-23.0.1-win.jar;C:\Users\ALAllaire\.m2\repository\org\openjfx\javafx-fxml\23.0.1\javafx-fxml-23.0.1-win.jar;C:\Users\ALAllaire\.m2\repository\org\openjfx\javafx-media\23.0.1\javafx-media-23.0.1-win.jar;D:\ASD - Vanier\Programming\escape_the_lab\target\classes;C:\Users\ALAllaire\.m2\repository\org\openjfx\javafx-graphics\23.0.1\javafx-graphics-23.0.1-win.jar -Djdk.module.main=com.example.escape_the_lab 
java_command: com.example.escape_the_lab/com.example.escape_the_lab.controller.GameController
java_class_path (initial): C:\Users\ALAllaire\.m2\repository\org\openjfx\javafx-controls\23.0.1\javafx-controls-23.0.1.jar;C:\Users\ALAllaire\.m2\repository\org\openjfx\javafx-graphics\23.0.1\javafx-graphics-23.0.1.jar;C:\Users\ALAllaire\.m2\repository\org\openjfx\javafx-base\23.0.1\javafx-base-23.0.1.jar;C:\Users\ALAllaire\.m2\repository\org\openjfx\javafx-fxml\23.0.1\javafx-fxml-23.0.1.jar;C:\Users\ALAllaire\.m2\repository\org\openjfx\javafx-media\23.0.1\javafx-media-23.0.1.jar
Launcher Type: SUN_STANDARD

[Global flags]
     intx CICompilerCount                          = 4                                         {product} {ergonomic}
     uint ConcGCThreads                            = 2                                         {product} {ergonomic}
     uint G1ConcRefinementThreads                  = 8                                         {product} {ergonomic}
   size_t G1HeapRegionSize                         = 2097152                                   {product} {ergonomic}
   size_t InitialHeapSize                          = 199229440                                 {product} {ergonomic}
   size_t MarkStackSize                            = 4194304                                   {product} {ergonomic}
   size_t MaxHeapSize                              = 3183476736                                {product} {ergonomic}
   size_t MaxNewSize                               = 1908408320                                {product} {ergonomic}
   size_t MinHeapDeltaBytes                        = 2097152                                   {product} {ergonomic}
   size_t MinHeapSize                              = 8388608                                   {product} {ergonomic}
    uintx NonNMethodCodeHeapSize                   = 5839372                                {pd product} {ergonomic}
    uintx NonProfiledCodeHeapSize                  = 122909434                              {pd product} {ergonomic}
    uintx ProfiledCodeHeapSize                     = 122909434                              {pd product} {ergonomic}
    uintx ReservedCodeCacheSize                    = 251658240                              {pd product} {ergonomic}
     bool SegmentedCodeCache                       = true                                      {product} {ergonomic}
   size_t SoftMaxHeapSize                          = 3183476736                             {manageable} {ergonomic}
     bool UseCompressedOops                        = true                           {product lp64_product} {ergonomic}
     bool UseG1GC                                  = true                                      {product} {ergonomic}
     bool UseLargePagesIndividualAllocation        = false                                  {pd product} {ergonomic}

Logging:
Log output configuration:
 #0: stdout all=warning uptime,level,tags foldmultilines=false
 #1: stderr all=off uptime,level,tags foldmultilines=false

Environment Variables:
PATH=C:\Program Files\Common Files\Oracle\Java\javapath;C:\Windows\system32;C:\Windows;C:\Windows\System32\Wbem;C:\Windows\System32\WindowsPowerShell\v1.0\;C:\Windows\System32\OpenSSH\;C:\Program Files (x86)\Druide\Antidote 9\Application\Bin64\;C:\Program Files (x86)\Druide\Antidote 9\Application\Bin32\;C:\Users\ALAllaire\AppData\Local\Microsoft\WindowsApps;C:\Users\ALAllaire\AppData\Local\Programs\Microsoft VS Code\bin;C:\Users\ALAllaire\AppData\Local\Programs\Git\cmd;C:\Users\ALAllaire\AppData\Local\GitHubDesktop\bin
USERNAME=ALAllaire
OS=Windows_NT
PROCESSOR_IDENTIFIER=Intel64 Family 6 Model 142 Stepping 12, GenuineIntel
TMP=C:\Users\ALALLA~1\AppData\Local\Temp
TEMP=C:\Users\ALALLA~1\AppData\Local\Temp




Periodic native trim disabled

---------------  S Y S T E M  ---------------

OS:
 Windows 10 , 64 bit Build 19041 (10.0.19041.5438)
OS uptime: 0 days 4:08 hours

CPU: total 8 (initial active 8) (4 cores per cpu, 2 threads per core) family 6 model 142 stepping 12 microcode 0xc0, cx8, cmov, fxsr, ht, mmx, 3dnowpref, sse, sse2, sse3, ssse3, sse4.1, sse4.2, popcnt, lzcnt, tsc, tscinvbit, avx, avx2, aes, erms, clmul, bmi1, bmi2, adx, fma, vzeroupper, clflush, clflushopt, rdtscp, f16c
Processor Information for all 8 processors :
  Max Mhz: 2112, Current Mhz: 1609, Mhz Limit: 1605

Memory: 4k page, system-wide physical 12139M (3691M free)
TotalPageFile size 14571M (AvailPageFile size 3930M)
current process WorkingSet (physical memory assigned to process): 220M, peak: 221M
current process commit charge ("private bytes"): 388M, peak: 388M

vm_info: Java HotSpot(TM) 64-Bit Server VM (22.0.2+9-70) for windows-amd64 JRE (22.0.2+9-70), built on 2024-06-04T16:52:23Z by "mach5one" with MS VC++ 17.6 (VS2022)

END.
